<html>
<head>
<title>TestNG:  Surefire test</title>
<link href="../testng.css" rel="stylesheet" type="text/css" />
<link href="../my-testng.css" rel="stylesheet" type="text/css" />

<style type="text/css">
.log { display: none;} 
.stack-trace { display: none;} 
</style>
<script type="text/javascript">
<!--
function flip(e) {
  current = e.style.display;
  if (current == 'block') {
    e.style.display = 'none';
    return 0;
  }
  else {
    e.style.display = 'block';
    return 1;
  }
}

function toggleBox(szDivId, elem, msg1, msg2)
{
  var res = -1;  if (document.getElementById) {
    res = flip(document.getElementById(szDivId));
  }
  else if (document.all) {
    // this is the way old msie versions work
    res = flip(document.all[szDivId]);
  }
  if(elem) {
    if(res == 0) elem.innerHTML = msg1; else elem.innerHTML = msg2;
  }

}

function toggleAllBoxes() {
  if (document.getElementsByTagName) {
    d = document.getElementsByTagName('div');
    for (i = 0; i < d.length; i++) {
      if (d[i].className == 'log') {
        flip(d[i]);
      }
    }
  }
}

// -->
</script>

</head>
<body>
<h2 align='center'>Surefire test</h2><table border='1' align="center">
<tr>
<td>Tests passed/Failed/Skipped:</td><td>72/9/0</td>
</tr><tr>
<td>Started on:</td><td>Sat Nov 26 04:17:26 CET 2022</td>
</tr>
<tr><td>Total time:</td><td>1360 seconds (1360936 ms)</td>
</tr><tr>
<td>Included groups:</td><td></td>
</tr><tr>
<td>Excluded groups:</td><td></td>
</tr>
</table><p/>
<small><i>(Hover the method name to see the test class name)</i></small><p/>
<table width='100%' border='1' class='invocation-failed'>
<tr><td colspan='4' align='center'><b>FAILED TESTS</b></td></tr>
<tr><td><b>Test method</b></td>
<td><b>Attribute(s)</b></td>
<td width="30%"><b>Exception</b></td>
<td width="10%"><b>Time (seconds)</b></td>
<td><b>Instance</b></td>
</tr>
<tr>
<td title='Selenium.CroatiaDirect.CountryCurrencyTest.convertPricesToSelectedCurrency()'><b>convertPricesToSelectedCurrency</b><br>Test class: Selenium.CroatiaDirect.CountryCurrencyTest<br>Parameters: {currencySymbol=£, currency=GBP}</td>
<td><div><pre>org.openqa.selenium.ElementClickInterceptedException: Element &lt;li&gt; is not clickable at point (323,689) because another element &lt;p&gt; obscures it
Build info: version: &apos;4.5.3&apos;, revision: &apos;4b786a1e430&apos;
System info: os.name: &apos;Windows 10&apos;, os.arch: &apos;amd64&apos;, os.version: &apos;10.0&apos;, java.version: &apos;11.0.13&apos;
Driver info: org.openqa.selenium.firefox.FirefoxDriver
Command: [06d5c151-1717-44b7-bdfb-7bb813523099, clickElement {id=dcd2fa4c-18db-4e4c-a822-6718a1387021}]
Capabilities {acceptInsecureCerts: true, browserName: firefox, browserVersion: 107.0, moz:accessibilityChecks: false, moz:buildID: 20221110173214, moz:debuggerAddress: 127.0.0.1:4253, moz:geckodriverVersion: 0.32.0, moz:headless: false, moz:platformVersion: 10.0, moz:processID: 41660, moz:profile: C:\Users\adnan\AppData\Loca..., moz:shutdownTimeout: 60000, moz:useNonSpecCompliantPointerOrigin: false, moz:webdriverClick: true, moz:windowless: false, pageLoadStrategy: normal, platformName: WINDOWS, proxy: Proxy(), se:cdp: ws://127.0.0.1:4253/devtool..., se:cdpVersion: 85.0, setWindowRect: true, strictFileInteractability: false, timeouts: {implicit: 0, pageLoad: 300000, script: 30000}, unhandledPromptBehavior: dismiss and notify}
Element: [[FirefoxDriver: firefox on WINDOWS (06d5c151-1717-44b7-bdfb-7bb813523099)] -&gt; css selector: li[onclick*=&apos;showCityList&apos;]]
Session ID: 06d5c151-1717-44b7-bdfb-7bb813523099
	at org.openqa.selenium.remote.codec.w3c.W3CHttpResponseCodec.createException(W3CHttpResponseCodec.java:200)
	at org.openqa.selenium.remote.codec.w3c.W3CHttpResponseCodec.decode(W3CHttpResponseCodec.java:133)
	at org.openqa.selenium.remote.codec.w3c.W3CHttpResponseCodec.decode(W3CHttpResponseCodec.java:53)
	at org.openqa.selenium.remote.HttpCommandExecutor.execute(HttpCommandExecutor.java:184)
	at org.openqa.selenium.remote.service.DriverCommandExecutor.invokeExecute(DriverCommandExecutor.java:167)
	at org.openqa.selenium.remote.service.DriverCommandExecutor.execute(DriverCommandExecutor.java:142)
	at org.openqa.selenium.remote.RemoteWebDriver.execute(RemoteWebDriver.java:541)
	at org.openqa.selenium.remote.RemoteWebElement.execute(RemoteWebElement.java:257)
	at org.openqa.selenium.remote.RemoteWebElement.click(RemoteWebElement.java:78)
	at abstractcomponents.AbstractComponents.selectRegionAndCity(AbstractComponents.java:143)
	at Selenium.CroatiaDirect.CountryCurrencyTest.convertPricesToSelectedCurrency(CountryCurrencyTest.java:55)
	at java.base/java.util.ArrayList.forEach(ArrayList.java:1541)
... Removed 36 stack frames</pre></div><a href='#' onClick='toggleBox("stack-trace523154252", this, "Click to show all stack frames", "Click to hide stack frames")'>Click to show all stack frames</a>
<div class='stack-trace' id='stack-trace523154252'><pre>org.openqa.selenium.ElementClickInterceptedException: Element &lt;li&gt; is not clickable at point (323,689) because another element &lt;p&gt; obscures it
Build info: version: &apos;4.5.3&apos;, revision: &apos;4b786a1e430&apos;
System info: os.name: &apos;Windows 10&apos;, os.arch: &apos;amd64&apos;, os.version: &apos;10.0&apos;, java.version: &apos;11.0.13&apos;
Driver info: org.openqa.selenium.firefox.FirefoxDriver
Command: [06d5c151-1717-44b7-bdfb-7bb813523099, clickElement {id=dcd2fa4c-18db-4e4c-a822-6718a1387021}]
Capabilities {acceptInsecureCerts: true, browserName: firefox, browserVersion: 107.0, moz:accessibilityChecks: false, moz:buildID: 20221110173214, moz:debuggerAddress: 127.0.0.1:4253, moz:geckodriverVersion: 0.32.0, moz:headless: false, moz:platformVersion: 10.0, moz:processID: 41660, moz:profile: C:\Users\adnan\AppData\Loca..., moz:shutdownTimeout: 60000, moz:useNonSpecCompliantPointerOrigin: false, moz:webdriverClick: true, moz:windowless: false, pageLoadStrategy: normal, platformName: WINDOWS, proxy: Proxy(), se:cdp: ws://127.0.0.1:4253/devtool..., se:cdpVersion: 85.0, setWindowRect: true, strictFileInteractability: false, timeouts: {implicit: 0, pageLoad: 300000, script: 30000}, unhandledPromptBehavior: dismiss and notify}
Element: [[FirefoxDriver: firefox on WINDOWS (06d5c151-1717-44b7-bdfb-7bb813523099)] -&gt; css selector: li[onclick*=&apos;showCityList&apos;]]
Session ID: 06d5c151-1717-44b7-bdfb-7bb813523099
	at java.base/jdk.internal.reflect.NativeConstructorAccessorImpl.newInstance0(Native Method)
	at java.base/jdk.internal.reflect.NativeConstructorAccessorImpl.newInstance(NativeConstructorAccessorImpl.java:62)
	at java.base/jdk.internal.reflect.DelegatingConstructorAccessorImpl.newInstance(DelegatingConstructorAccessorImpl.java:45)
	at java.base/java.lang.reflect.Constructor.newInstance(Constructor.java:490)
	at org.openqa.selenium.remote.codec.w3c.W3CHttpResponseCodec.createException(W3CHttpResponseCodec.java:200)
	at org.openqa.selenium.remote.codec.w3c.W3CHttpResponseCodec.decode(W3CHttpResponseCodec.java:133)
	at org.openqa.selenium.remote.codec.w3c.W3CHttpResponseCodec.decode(W3CHttpResponseCodec.java:53)
	at org.openqa.selenium.remote.HttpCommandExecutor.execute(HttpCommandExecutor.java:184)
	at org.openqa.selenium.remote.service.DriverCommandExecutor.invokeExecute(DriverCommandExecutor.java:167)
	at org.openqa.selenium.remote.service.DriverCommandExecutor.execute(DriverCommandExecutor.java:142)
	at org.openqa.selenium.remote.RemoteWebDriver.execute(RemoteWebDriver.java:541)
	at org.openqa.selenium.remote.RemoteWebElement.execute(RemoteWebElement.java:257)
	at org.openqa.selenium.remote.RemoteWebElement.click(RemoteWebElement.java:78)
	at abstractcomponents.AbstractComponents.selectRegionAndCity(AbstractComponents.java:143)
	at Selenium.CroatiaDirect.CountryCurrencyTest.convertPricesToSelectedCurrency(CountryCurrencyTest.java:55)
	at java.base/jdk.internal.reflect.NativeMethodAccessorImpl.invoke0(Native Method)
	at java.base/jdk.internal.reflect.NativeMethodAccessorImpl.invoke(NativeMethodAccessorImpl.java:62)
	at java.base/jdk.internal.reflect.DelegatingMethodAccessorImpl.invoke(DelegatingMethodAccessorImpl.java:43)
	at java.base/java.lang.reflect.Method.invoke(Method.java:566)
	at org.testng.internal.invokers.MethodInvocationHelper.invokeMethod(MethodInvocationHelper.java:139)
	at org.testng.internal.invokers.TestInvoker.invokeMethod(TestInvoker.java:677)
	at org.testng.internal.invokers.TestInvoker.invokeTestMethod(TestInvoker.java:221)
	at org.testng.internal.invokers.MethodRunner.runInSequence(MethodRunner.java:50)
	at org.testng.internal.invokers.TestInvoker$MethodInvocationAgent.invoke(TestInvoker.java:962)
	at org.testng.internal.invokers.TestInvoker.invokeTestMethods(TestInvoker.java:194)
	at org.testng.internal.invokers.TestMethodWorker.invokeTestMethods(TestMethodWorker.java:148)
	at org.testng.internal.invokers.TestMethodWorker.run(TestMethodWorker.java:128)
	at java.base/java.util.ArrayList.forEach(ArrayList.java:1541)
	at org.testng.TestRunner.privateRun(TestRunner.java:806)
	at org.testng.TestRunner.run(TestRunner.java:601)
	at org.testng.SuiteRunner.runTest(SuiteRunner.java:433)
	at org.testng.SuiteRunner.runSequentially(SuiteRunner.java:427)
	at org.testng.SuiteRunner.privateRun(SuiteRunner.java:387)
	at org.testng.SuiteRunner.run(SuiteRunner.java:330)
	at org.testng.SuiteRunnerWorker.runSuite(SuiteRunnerWorker.java:52)
	at org.testng.SuiteRunnerWorker.run(SuiteRunnerWorker.java:95)
	at org.testng.TestNG.runSuitesSequentially(TestNG.java:1256)
	at org.testng.TestNG.runSuitesLocally(TestNG.java:1176)
	at org.testng.TestNG.runSuites(TestNG.java:1099)
	at org.testng.TestNG.run(TestNG.java:1067)
	at org.apache.maven.surefire.testng.TestNGExecutor.run(TestNGExecutor.java:135)
	at org.apache.maven.surefire.testng.TestNGDirectoryTestSuite.executeMulti(TestNGDirectoryTestSuite.java:193)
	at org.apache.maven.surefire.testng.TestNGDirectoryTestSuite.execute(TestNGDirectoryTestSuite.java:94)
	at org.apache.maven.surefire.testng.TestNGProvider.invoke(TestNGProvider.java:146)
	at org.apache.maven.surefire.booter.ForkedBooter.invokeProviderInSameClassLoader(ForkedBooter.java:384)
	at org.apache.maven.surefire.booter.ForkedBooter.runSuitesInProcess(ForkedBooter.java:345)
	at org.apache.maven.surefire.booter.ForkedBooter.execute(ForkedBooter.java:126)
	at org.apache.maven.surefire.booter.ForkedBooter.main(ForkedBooter.java:418)
</pre></div></td>
<td>0</td>
<td>Selenium.CroatiaDirect.CountryCurrencyTest@2df9b86</td></tr>
<tr>
<td title='Selenium.CroatiaDirect.CountryCurrencyTest.convertPricesToSelectedCurrency()'><b>convertPricesToSelectedCurrency</b><br>Test class: Selenium.CroatiaDirect.CountryCurrencyTest<br>Parameters: {currencySymbol=Ft, currency=HUF}</td>
<td><div><pre>org.openqa.selenium.ElementClickInterceptedException: Element &lt;li&gt; is not clickable at point (323,689) because another element &lt;p&gt; obscures it
Build info: version: &apos;4.5.3&apos;, revision: &apos;4b786a1e430&apos;
System info: os.name: &apos;Windows 10&apos;, os.arch: &apos;amd64&apos;, os.version: &apos;10.0&apos;, java.version: &apos;11.0.13&apos;
Driver info: org.openqa.selenium.firefox.FirefoxDriver
Command: [f9aaa31f-36a8-4499-8654-d8ea676d981e, clickElement {id=4b82002f-7dcf-41c7-b180-7e813b9dc0ff}]
Capabilities {acceptInsecureCerts: true, browserName: firefox, browserVersion: 107.0, moz:accessibilityChecks: false, moz:buildID: 20221110173214, moz:debuggerAddress: 127.0.0.1:6655, moz:geckodriverVersion: 0.32.0, moz:headless: false, moz:platformVersion: 10.0, moz:processID: 40728, moz:profile: C:\Users\adnan\AppData\Loca..., moz:shutdownTimeout: 60000, moz:useNonSpecCompliantPointerOrigin: false, moz:webdriverClick: true, moz:windowless: false, pageLoadStrategy: normal, platformName: WINDOWS, proxy: Proxy(), se:cdp: ws://127.0.0.1:6655/devtool..., se:cdpVersion: 85.0, setWindowRect: true, strictFileInteractability: false, timeouts: {implicit: 0, pageLoad: 300000, script: 30000}, unhandledPromptBehavior: dismiss and notify}
Element: [[FirefoxDriver: firefox on WINDOWS (f9aaa31f-36a8-4499-8654-d8ea676d981e)] -&gt; css selector: li[onclick*=&apos;showCityList&apos;]]
Session ID: f9aaa31f-36a8-4499-8654-d8ea676d981e
	at org.openqa.selenium.remote.codec.w3c.W3CHttpResponseCodec.createException(W3CHttpResponseCodec.java:200)
	at org.openqa.selenium.remote.codec.w3c.W3CHttpResponseCodec.decode(W3CHttpResponseCodec.java:133)
	at org.openqa.selenium.remote.codec.w3c.W3CHttpResponseCodec.decode(W3CHttpResponseCodec.java:53)
	at org.openqa.selenium.remote.HttpCommandExecutor.execute(HttpCommandExecutor.java:184)
	at org.openqa.selenium.remote.service.DriverCommandExecutor.invokeExecute(DriverCommandExecutor.java:167)
	at org.openqa.selenium.remote.service.DriverCommandExecutor.execute(DriverCommandExecutor.java:142)
	at org.openqa.selenium.remote.RemoteWebDriver.execute(RemoteWebDriver.java:541)
	at org.openqa.selenium.remote.RemoteWebElement.execute(RemoteWebElement.java:257)
	at org.openqa.selenium.remote.RemoteWebElement.click(RemoteWebElement.java:78)
	at abstractcomponents.AbstractComponents.selectRegionAndCity(AbstractComponents.java:143)
	at Selenium.CroatiaDirect.CountryCurrencyTest.convertPricesToSelectedCurrency(CountryCurrencyTest.java:55)
	at java.base/java.util.ArrayList.forEach(ArrayList.java:1541)
... Removed 36 stack frames</pre></div><a href='#' onClick='toggleBox("stack-trace1160287658", this, "Click to show all stack frames", "Click to hide stack frames")'>Click to show all stack frames</a>
<div class='stack-trace' id='stack-trace1160287658'><pre>org.openqa.selenium.ElementClickInterceptedException: Element &lt;li&gt; is not clickable at point (323,689) because another element &lt;p&gt; obscures it
Build info: version: &apos;4.5.3&apos;, revision: &apos;4b786a1e430&apos;
System info: os.name: &apos;Windows 10&apos;, os.arch: &apos;amd64&apos;, os.version: &apos;10.0&apos;, java.version: &apos;11.0.13&apos;
Driver info: org.openqa.selenium.firefox.FirefoxDriver
Command: [f9aaa31f-36a8-4499-8654-d8ea676d981e, clickElement {id=4b82002f-7dcf-41c7-b180-7e813b9dc0ff}]
Capabilities {acceptInsecureCerts: true, browserName: firefox, browserVersion: 107.0, moz:accessibilityChecks: false, moz:buildID: 20221110173214, moz:debuggerAddress: 127.0.0.1:6655, moz:geckodriverVersion: 0.32.0, moz:headless: false, moz:platformVersion: 10.0, moz:processID: 40728, moz:profile: C:\Users\adnan\AppData\Loca..., moz:shutdownTimeout: 60000, moz:useNonSpecCompliantPointerOrigin: false, moz:webdriverClick: true, moz:windowless: false, pageLoadStrategy: normal, platformName: WINDOWS, proxy: Proxy(), se:cdp: ws://127.0.0.1:6655/devtool..., se:cdpVersion: 85.0, setWindowRect: true, strictFileInteractability: false, timeouts: {implicit: 0, pageLoad: 300000, script: 30000}, unhandledPromptBehavior: dismiss and notify}
Element: [[FirefoxDriver: firefox on WINDOWS (f9aaa31f-36a8-4499-8654-d8ea676d981e)] -&gt; css selector: li[onclick*=&apos;showCityList&apos;]]
Session ID: f9aaa31f-36a8-4499-8654-d8ea676d981e
	at java.base/jdk.internal.reflect.NativeConstructorAccessorImpl.newInstance0(Native Method)
	at java.base/jdk.internal.reflect.NativeConstructorAccessorImpl.newInstance(NativeConstructorAccessorImpl.java:62)
	at java.base/jdk.internal.reflect.DelegatingConstructorAccessorImpl.newInstance(DelegatingConstructorAccessorImpl.java:45)
	at java.base/java.lang.reflect.Constructor.newInstance(Constructor.java:490)
	at org.openqa.selenium.remote.codec.w3c.W3CHttpResponseCodec.createException(W3CHttpResponseCodec.java:200)
	at org.openqa.selenium.remote.codec.w3c.W3CHttpResponseCodec.decode(W3CHttpResponseCodec.java:133)
	at org.openqa.selenium.remote.codec.w3c.W3CHttpResponseCodec.decode(W3CHttpResponseCodec.java:53)
	at org.openqa.selenium.remote.HttpCommandExecutor.execute(HttpCommandExecutor.java:184)
	at org.openqa.selenium.remote.service.DriverCommandExecutor.invokeExecute(DriverCommandExecutor.java:167)
	at org.openqa.selenium.remote.service.DriverCommandExecutor.execute(DriverCommandExecutor.java:142)
	at org.openqa.selenium.remote.RemoteWebDriver.execute(RemoteWebDriver.java:541)
	at org.openqa.selenium.remote.RemoteWebElement.execute(RemoteWebElement.java:257)
	at org.openqa.selenium.remote.RemoteWebElement.click(RemoteWebElement.java:78)
	at abstractcomponents.AbstractComponents.selectRegionAndCity(AbstractComponents.java:143)
	at Selenium.CroatiaDirect.CountryCurrencyTest.convertPricesToSelectedCurrency(CountryCurrencyTest.java:55)
	at java.base/jdk.internal.reflect.NativeMethodAccessorImpl.invoke0(Native Method)
	at java.base/jdk.internal.reflect.NativeMethodAccessorImpl.invoke(NativeMethodAccessorImpl.java:62)
	at java.base/jdk.internal.reflect.DelegatingMethodAccessorImpl.invoke(DelegatingMethodAccessorImpl.java:43)
	at java.base/java.lang.reflect.Method.invoke(Method.java:566)
	at org.testng.internal.invokers.MethodInvocationHelper.invokeMethod(MethodInvocationHelper.java:139)
	at org.testng.internal.invokers.TestInvoker.invokeMethod(TestInvoker.java:677)
	at org.testng.internal.invokers.TestInvoker.invokeTestMethod(TestInvoker.java:221)
	at org.testng.internal.invokers.MethodRunner.runInSequence(MethodRunner.java:50)
	at org.testng.internal.invokers.TestInvoker$MethodInvocationAgent.invoke(TestInvoker.java:962)
	at org.testng.internal.invokers.TestInvoker.invokeTestMethods(TestInvoker.java:194)
	at org.testng.internal.invokers.TestMethodWorker.invokeTestMethods(TestMethodWorker.java:148)
	at org.testng.internal.invokers.TestMethodWorker.run(TestMethodWorker.java:128)
	at java.base/java.util.ArrayList.forEach(ArrayList.java:1541)
	at org.testng.TestRunner.privateRun(TestRunner.java:806)
	at org.testng.TestRunner.run(TestRunner.java:601)
	at org.testng.SuiteRunner.runTest(SuiteRunner.java:433)
	at org.testng.SuiteRunner.runSequentially(SuiteRunner.java:427)
	at org.testng.SuiteRunner.privateRun(SuiteRunner.java:387)
	at org.testng.SuiteRunner.run(SuiteRunner.java:330)
	at org.testng.SuiteRunnerWorker.runSuite(SuiteRunnerWorker.java:52)
	at org.testng.SuiteRunnerWorker.run(SuiteRunnerWorker.java:95)
	at org.testng.TestNG.runSuitesSequentially(TestNG.java:1256)
	at org.testng.TestNG.runSuitesLocally(TestNG.java:1176)
	at org.testng.TestNG.runSuites(TestNG.java:1099)
	at org.testng.TestNG.run(TestNG.java:1067)
	at org.apache.maven.surefire.testng.TestNGExecutor.run(TestNGExecutor.java:135)
	at org.apache.maven.surefire.testng.TestNGDirectoryTestSuite.executeMulti(TestNGDirectoryTestSuite.java:193)
	at org.apache.maven.surefire.testng.TestNGDirectoryTestSuite.execute(TestNGDirectoryTestSuite.java:94)
	at org.apache.maven.surefire.testng.TestNGProvider.invoke(TestNGProvider.java:146)
	at org.apache.maven.surefire.booter.ForkedBooter.invokeProviderInSameClassLoader(ForkedBooter.java:384)
	at org.apache.maven.surefire.booter.ForkedBooter.runSuitesInProcess(ForkedBooter.java:345)
	at org.apache.maven.surefire.booter.ForkedBooter.execute(ForkedBooter.java:126)
	at org.apache.maven.surefire.booter.ForkedBooter.main(ForkedBooter.java:418)
</pre></div></td>
<td>0</td>
<td>Selenium.CroatiaDirect.CountryCurrencyTest@2df9b86</td></tr>
<tr>
<td title='Selenium.CroatiaDirect.CountryCurrencyTest.convertPricesToSelectedCurrency()'><b>convertPricesToSelectedCurrency</b><br>Test class: Selenium.CroatiaDirect.CountryCurrencyTest<br>Parameters: {currencySymbol=LEI, currency=RON}</td>
<td><div><pre>java.lang.AssertionError: expected [true] but found [false]
	at Selenium.CroatiaDirect.CountryCurrencyTest.convertPricesToSelectedCurrency(CountryCurrencyTest.java:62)
	at java.base/java.util.ArrayList.forEach(ArrayList.java:1541)
... Removed 36 stack frames</pre></div><a href='#' onClick='toggleBox("stack-trace126065879", this, "Click to show all stack frames", "Click to hide stack frames")'>Click to show all stack frames</a>
<div class='stack-trace' id='stack-trace126065879'><pre>java.lang.AssertionError: expected [true] but found [false]
	at org.testng.Assert.fail(Assert.java:110)
	at org.testng.Assert.failNotEquals(Assert.java:1413)
	at org.testng.Assert.assertTrue(Assert.java:56)
	at org.testng.Assert.assertTrue(Assert.java:66)
	at Selenium.CroatiaDirect.CountryCurrencyTest.convertPricesToSelectedCurrency(CountryCurrencyTest.java:62)
	at java.base/jdk.internal.reflect.NativeMethodAccessorImpl.invoke0(Native Method)
	at java.base/jdk.internal.reflect.NativeMethodAccessorImpl.invoke(NativeMethodAccessorImpl.java:62)
	at java.base/jdk.internal.reflect.DelegatingMethodAccessorImpl.invoke(DelegatingMethodAccessorImpl.java:43)
	at java.base/java.lang.reflect.Method.invoke(Method.java:566)
	at org.testng.internal.invokers.MethodInvocationHelper.invokeMethod(MethodInvocationHelper.java:139)
	at org.testng.internal.invokers.TestInvoker.invokeMethod(TestInvoker.java:677)
	at org.testng.internal.invokers.TestInvoker.invokeTestMethod(TestInvoker.java:221)
	at org.testng.internal.invokers.MethodRunner.runInSequence(MethodRunner.java:50)
	at org.testng.internal.invokers.TestInvoker$MethodInvocationAgent.invoke(TestInvoker.java:962)
	at org.testng.internal.invokers.TestInvoker.invokeTestMethods(TestInvoker.java:194)
	at org.testng.internal.invokers.TestMethodWorker.invokeTestMethods(TestMethodWorker.java:148)
	at org.testng.internal.invokers.TestMethodWorker.run(TestMethodWorker.java:128)
	at java.base/java.util.ArrayList.forEach(ArrayList.java:1541)
	at org.testng.TestRunner.privateRun(TestRunner.java:806)
	at org.testng.TestRunner.run(TestRunner.java:601)
	at org.testng.SuiteRunner.runTest(SuiteRunner.java:433)
	at org.testng.SuiteRunner.runSequentially(SuiteRunner.java:427)
	at org.testng.SuiteRunner.privateRun(SuiteRunner.java:387)
	at org.testng.SuiteRunner.run(SuiteRunner.java:330)
	at org.testng.SuiteRunnerWorker.runSuite(SuiteRunnerWorker.java:52)
	at org.testng.SuiteRunnerWorker.run(SuiteRunnerWorker.java:95)
	at org.testng.TestNG.runSuitesSequentially(TestNG.java:1256)
	at org.testng.TestNG.runSuitesLocally(TestNG.java:1176)
	at org.testng.TestNG.runSuites(TestNG.java:1099)
	at org.testng.TestNG.run(TestNG.java:1067)
	at org.apache.maven.surefire.testng.TestNGExecutor.run(TestNGExecutor.java:135)
	at org.apache.maven.surefire.testng.TestNGDirectoryTestSuite.executeMulti(TestNGDirectoryTestSuite.java:193)
	at org.apache.maven.surefire.testng.TestNGDirectoryTestSuite.execute(TestNGDirectoryTestSuite.java:94)
	at org.apache.maven.surefire.testng.TestNGProvider.invoke(TestNGProvider.java:146)
	at org.apache.maven.surefire.booter.ForkedBooter.invokeProviderInSameClassLoader(ForkedBooter.java:384)
	at org.apache.maven.surefire.booter.ForkedBooter.runSuitesInProcess(ForkedBooter.java:345)
	at org.apache.maven.surefire.booter.ForkedBooter.execute(ForkedBooter.java:126)
	at org.apache.maven.surefire.booter.ForkedBooter.main(ForkedBooter.java:418)
</pre></div></td>
<td>22</td>
<td>Selenium.CroatiaDirect.CountryCurrencyTest@2df9b86</td></tr>
<tr>
<td title='Selenium.CroatiaDirect.PropertyInquiriesTest.sendInquiryWithoutEmail()'><b>sendInquiryWithoutEmail</b><br>Test class: Selenium.CroatiaDirect.PropertyInquiriesTest</td>
<td><div><pre>org.openqa.selenium.NoSuchElementException: Unable to locate element: (//th[@class=&apos;month&apos;])[1]
For documentation on this error, please visit: https://selenium.dev/exceptions/#no_such_element
Build info: version: &apos;4.5.3&apos;, revision: &apos;4b786a1e430&apos;
System info: os.name: &apos;Windows 10&apos;, os.arch: &apos;amd64&apos;, os.version: &apos;10.0&apos;, java.version: &apos;11.0.13&apos;
Driver info: org.openqa.selenium.firefox.FirefoxDriver
Command: [da74faa1-3285-4a37-9a54-3c1d9399e7e3, findElement {using=xpath, value=(//th[@class=&apos;month&apos;])[1]}]
Capabilities {acceptInsecureCerts: true, browserName: firefox, browserVersion: 107.0, moz:accessibilityChecks: false, moz:buildID: 20221110173214, moz:debuggerAddress: 127.0.0.1:46947, moz:geckodriverVersion: 0.32.0, moz:headless: false, moz:platformVersion: 10.0, moz:processID: 10028, moz:profile: C:\Users\adnan\AppData\Loca..., moz:shutdownTimeout: 60000, moz:useNonSpecCompliantPointerOrigin: false, moz:webdriverClick: true, moz:windowless: false, pageLoadStrategy: normal, platformName: WINDOWS, proxy: Proxy(), se:cdp: ws://127.0.0.1:46947/devtoo..., se:cdpVersion: 85.0, setWindowRect: true, strictFileInteractability: false, timeouts: {implicit: 0, pageLoad: 300000, script: 30000}, unhandledPromptBehavior: dismiss and notify}
Session ID: da74faa1-3285-4a37-9a54-3c1d9399e7e3
	at org.openqa.selenium.remote.codec.w3c.W3CHttpResponseCodec.createException(W3CHttpResponseCodec.java:200)
	at org.openqa.selenium.remote.codec.w3c.W3CHttpResponseCodec.decode(W3CHttpResponseCodec.java:133)
	at org.openqa.selenium.remote.codec.w3c.W3CHttpResponseCodec.decode(W3CHttpResponseCodec.java:53)
	at org.openqa.selenium.remote.HttpCommandExecutor.execute(HttpCommandExecutor.java:184)
	at org.openqa.selenium.remote.service.DriverCommandExecutor.invokeExecute(DriverCommandExecutor.java:167)
	at org.openqa.selenium.remote.service.DriverCommandExecutor.execute(DriverCommandExecutor.java:142)
	at org.openqa.selenium.remote.RemoteWebDriver.execute(RemoteWebDriver.java:541)
	at org.openqa.selenium.remote.ElementLocation$ElementFinder$2.findElement(ElementLocation.java:162)
	at org.openqa.selenium.remote.ElementLocation.findElement(ElementLocation.java:60)
	at org.openqa.selenium.remote.RemoteWebDriver.findElement(RemoteWebDriver.java:365)
	at org.openqa.selenium.remote.RemoteWebDriver.findElement(RemoteWebDriver.java:357)
	at org.openqa.selenium.support.pagefactory.DefaultElementLocator.findElement(DefaultElementLocator.java:70)
	at org.openqa.selenium.support.pagefactory.internal.LocatingElementHandler.invoke(LocatingElementHandler.java:39)
	at com.sun.proxy.$Proxy13.getText(Unknown Source)
	at pageobjects.PropertyPage.selectArrivalDate(PropertyPage.java:223)
	at Selenium.CroatiaDirect.PropertyInquiriesTest.sendInquiryWithoutEmail(PropertyInquiriesTest.java:107)
	at java.base/java.util.ArrayList.forEach(ArrayList.java:1541)
... Removed 36 stack frames</pre></div><a href='#' onClick='toggleBox("stack-trace1759593093", this, "Click to show all stack frames", "Click to hide stack frames")'>Click to show all stack frames</a>
<div class='stack-trace' id='stack-trace1759593093'><pre>org.openqa.selenium.NoSuchElementException: Unable to locate element: (//th[@class=&apos;month&apos;])[1]
For documentation on this error, please visit: https://selenium.dev/exceptions/#no_such_element
Build info: version: &apos;4.5.3&apos;, revision: &apos;4b786a1e430&apos;
System info: os.name: &apos;Windows 10&apos;, os.arch: &apos;amd64&apos;, os.version: &apos;10.0&apos;, java.version: &apos;11.0.13&apos;
Driver info: org.openqa.selenium.firefox.FirefoxDriver
Command: [da74faa1-3285-4a37-9a54-3c1d9399e7e3, findElement {using=xpath, value=(//th[@class=&apos;month&apos;])[1]}]
Capabilities {acceptInsecureCerts: true, browserName: firefox, browserVersion: 107.0, moz:accessibilityChecks: false, moz:buildID: 20221110173214, moz:debuggerAddress: 127.0.0.1:46947, moz:geckodriverVersion: 0.32.0, moz:headless: false, moz:platformVersion: 10.0, moz:processID: 10028, moz:profile: C:\Users\adnan\AppData\Loca..., moz:shutdownTimeout: 60000, moz:useNonSpecCompliantPointerOrigin: false, moz:webdriverClick: true, moz:windowless: false, pageLoadStrategy: normal, platformName: WINDOWS, proxy: Proxy(), se:cdp: ws://127.0.0.1:46947/devtoo..., se:cdpVersion: 85.0, setWindowRect: true, strictFileInteractability: false, timeouts: {implicit: 0, pageLoad: 300000, script: 30000}, unhandledPromptBehavior: dismiss and notify}
Session ID: da74faa1-3285-4a37-9a54-3c1d9399e7e3
	at java.base/jdk.internal.reflect.NativeConstructorAccessorImpl.newInstance0(Native Method)
	at java.base/jdk.internal.reflect.NativeConstructorAccessorImpl.newInstance(NativeConstructorAccessorImpl.java:62)
	at java.base/jdk.internal.reflect.DelegatingConstructorAccessorImpl.newInstance(DelegatingConstructorAccessorImpl.java:45)
	at java.base/java.lang.reflect.Constructor.newInstance(Constructor.java:490)
	at org.openqa.selenium.remote.codec.w3c.W3CHttpResponseCodec.createException(W3CHttpResponseCodec.java:200)
	at org.openqa.selenium.remote.codec.w3c.W3CHttpResponseCodec.decode(W3CHttpResponseCodec.java:133)
	at org.openqa.selenium.remote.codec.w3c.W3CHttpResponseCodec.decode(W3CHttpResponseCodec.java:53)
	at org.openqa.selenium.remote.HttpCommandExecutor.execute(HttpCommandExecutor.java:184)
	at org.openqa.selenium.remote.service.DriverCommandExecutor.invokeExecute(DriverCommandExecutor.java:167)
	at org.openqa.selenium.remote.service.DriverCommandExecutor.execute(DriverCommandExecutor.java:142)
	at org.openqa.selenium.remote.RemoteWebDriver.execute(RemoteWebDriver.java:541)
	at org.openqa.selenium.remote.ElementLocation$ElementFinder$2.findElement(ElementLocation.java:162)
	at org.openqa.selenium.remote.ElementLocation.findElement(ElementLocation.java:60)
	at org.openqa.selenium.remote.RemoteWebDriver.findElement(RemoteWebDriver.java:365)
	at org.openqa.selenium.remote.RemoteWebDriver.findElement(RemoteWebDriver.java:357)
	at org.openqa.selenium.support.pagefactory.DefaultElementLocator.findElement(DefaultElementLocator.java:70)
	at org.openqa.selenium.support.pagefactory.internal.LocatingElementHandler.invoke(LocatingElementHandler.java:39)
	at com.sun.proxy.$Proxy13.getText(Unknown Source)
	at pageobjects.PropertyPage.selectArrivalDate(PropertyPage.java:223)
	at Selenium.CroatiaDirect.PropertyInquiriesTest.sendInquiryWithoutEmail(PropertyInquiriesTest.java:107)
	at java.base/jdk.internal.reflect.NativeMethodAccessorImpl.invoke0(Native Method)
	at java.base/jdk.internal.reflect.NativeMethodAccessorImpl.invoke(NativeMethodAccessorImpl.java:62)
	at java.base/jdk.internal.reflect.DelegatingMethodAccessorImpl.invoke(DelegatingMethodAccessorImpl.java:43)
	at java.base/java.lang.reflect.Method.invoke(Method.java:566)
	at org.testng.internal.invokers.MethodInvocationHelper.invokeMethod(MethodInvocationHelper.java:139)
	at org.testng.internal.invokers.TestInvoker.invokeMethod(TestInvoker.java:677)
	at org.testng.internal.invokers.TestInvoker.invokeTestMethod(TestInvoker.java:221)
	at org.testng.internal.invokers.MethodRunner.runInSequence(MethodRunner.java:50)
	at org.testng.internal.invokers.TestInvoker$MethodInvocationAgent.invoke(TestInvoker.java:962)
	at org.testng.internal.invokers.TestInvoker.invokeTestMethods(TestInvoker.java:194)
	at org.testng.internal.invokers.TestMethodWorker.invokeTestMethods(TestMethodWorker.java:148)
	at org.testng.internal.invokers.TestMethodWorker.run(TestMethodWorker.java:128)
	at java.base/java.util.ArrayList.forEach(ArrayList.java:1541)
	at org.testng.TestRunner.privateRun(TestRunner.java:806)
	at org.testng.TestRunner.run(TestRunner.java:601)
	at org.testng.SuiteRunner.runTest(SuiteRunner.java:433)
	at org.testng.SuiteRunner.runSequentially(SuiteRunner.java:427)
	at org.testng.SuiteRunner.privateRun(SuiteRunner.java:387)
	at org.testng.SuiteRunner.run(SuiteRunner.java:330)
	at org.testng.SuiteRunnerWorker.runSuite(SuiteRunnerWorker.java:52)
	at org.testng.SuiteRunnerWorker.run(SuiteRunnerWorker.java:95)
	at org.testng.TestNG.runSuitesSequentially(TestNG.java:1256)
	at org.testng.TestNG.runSuitesLocally(TestNG.java:1176)
	at org.testng.TestNG.runSuites(TestNG.java:1099)
	at org.testng.TestNG.run(TestNG.java:1067)
	at org.apache.maven.surefire.testng.TestNGExecutor.run(TestNGExecutor.java:135)
	at org.apache.maven.surefire.testng.TestNGDirectoryTestSuite.executeMulti(TestNGDirectoryTestSuite.java:193)
	at org.apache.maven.surefire.testng.TestNGDirectoryTestSuite.execute(TestNGDirectoryTestSuite.java:94)
	at org.apache.maven.surefire.testng.TestNGProvider.invoke(TestNGProvider.java:146)
	at org.apache.maven.surefire.booter.ForkedBooter.invokeProviderInSameClassLoader(ForkedBooter.java:384)
	at org.apache.maven.surefire.booter.ForkedBooter.runSuitesInProcess(ForkedBooter.java:345)
	at org.apache.maven.surefire.booter.ForkedBooter.execute(ForkedBooter.java:126)
	at org.apache.maven.surefire.booter.ForkedBooter.main(ForkedBooter.java:418)
</pre></div></td>
<td>22</td>
<td>Selenium.CroatiaDirect.PropertyInquiriesTest@37654521</td></tr>
<tr>
<td title='Selenium.CroatiaDirect.WishlistTest.removePropertyFromWishListUsingProfilePage()'><b>removePropertyFromWishListUsingProfilePage</b><br>Test class: Selenium.CroatiaDirect.WishlistTest</td>
<td><div><pre>java.lang.AssertionError: expected [false] but found [true]
	at Selenium.CroatiaDirect.WishlistTest.removePropertyFromWishListUsingProfilePage(WishlistTest.java:35)
	at java.base/java.util.ArrayList.forEach(ArrayList.java:1541)
... Removed 36 stack frames</pre></div><a href='#' onClick='toggleBox("stack-trace246251034", this, "Click to show all stack frames", "Click to hide stack frames")'>Click to show all stack frames</a>
<div class='stack-trace' id='stack-trace246251034'><pre>java.lang.AssertionError: expected [false] but found [true]
	at org.testng.Assert.fail(Assert.java:110)
	at org.testng.Assert.failNotEquals(Assert.java:1413)
	at org.testng.Assert.assertFalse(Assert.java:78)
	at org.testng.Assert.assertFalse(Assert.java:88)
	at Selenium.CroatiaDirect.WishlistTest.removePropertyFromWishListUsingProfilePage(WishlistTest.java:35)
	at java.base/jdk.internal.reflect.NativeMethodAccessorImpl.invoke0(Native Method)
	at java.base/jdk.internal.reflect.NativeMethodAccessorImpl.invoke(NativeMethodAccessorImpl.java:62)
	at java.base/jdk.internal.reflect.DelegatingMethodAccessorImpl.invoke(DelegatingMethodAccessorImpl.java:43)
	at java.base/java.lang.reflect.Method.invoke(Method.java:566)
	at org.testng.internal.invokers.MethodInvocationHelper.invokeMethod(MethodInvocationHelper.java:139)
	at org.testng.internal.invokers.TestInvoker.invokeMethod(TestInvoker.java:677)
	at org.testng.internal.invokers.TestInvoker.invokeTestMethod(TestInvoker.java:221)
	at org.testng.internal.invokers.MethodRunner.runInSequence(MethodRunner.java:50)
	at org.testng.internal.invokers.TestInvoker$MethodInvocationAgent.invoke(TestInvoker.java:962)
	at org.testng.internal.invokers.TestInvoker.invokeTestMethods(TestInvoker.java:194)
	at org.testng.internal.invokers.TestMethodWorker.invokeTestMethods(TestMethodWorker.java:148)
	at org.testng.internal.invokers.TestMethodWorker.run(TestMethodWorker.java:128)
	at java.base/java.util.ArrayList.forEach(ArrayList.java:1541)
	at org.testng.TestRunner.privateRun(TestRunner.java:806)
	at org.testng.TestRunner.run(TestRunner.java:601)
	at org.testng.SuiteRunner.runTest(SuiteRunner.java:433)
	at org.testng.SuiteRunner.runSequentially(SuiteRunner.java:427)
	at org.testng.SuiteRunner.privateRun(SuiteRunner.java:387)
	at org.testng.SuiteRunner.run(SuiteRunner.java:330)
	at org.testng.SuiteRunnerWorker.runSuite(SuiteRunnerWorker.java:52)
	at org.testng.SuiteRunnerWorker.run(SuiteRunnerWorker.java:95)
	at org.testng.TestNG.runSuitesSequentially(TestNG.java:1256)
	at org.testng.TestNG.runSuitesLocally(TestNG.java:1176)
	at org.testng.TestNG.runSuites(TestNG.java:1099)
	at org.testng.TestNG.run(TestNG.java:1067)
	at org.apache.maven.surefire.testng.TestNGExecutor.run(TestNGExecutor.java:135)
	at org.apache.maven.surefire.testng.TestNGDirectoryTestSuite.executeMulti(TestNGDirectoryTestSuite.java:193)
	at org.apache.maven.surefire.testng.TestNGDirectoryTestSuite.execute(TestNGDirectoryTestSuite.java:94)
	at org.apache.maven.surefire.testng.TestNGProvider.invoke(TestNGProvider.java:146)
	at org.apache.maven.surefire.booter.ForkedBooter.invokeProviderInSameClassLoader(ForkedBooter.java:384)
	at org.apache.maven.surefire.booter.ForkedBooter.runSuitesInProcess(ForkedBooter.java:345)
	at org.apache.maven.surefire.booter.ForkedBooter.execute(ForkedBooter.java:126)
	at org.apache.maven.surefire.booter.ForkedBooter.main(ForkedBooter.java:418)
</pre></div></td>
<td>10</td>
<td>Selenium.CroatiaDirect.WishlistTest@33990a0c</td></tr>
<tr>
<td title='Selenium.CroatiaDirect.CountryCurrencyTest.convertPricesToSelectedCurrency()'><b>convertPricesToSelectedCurrency</b><br>Test class: Selenium.CroatiaDirect.CountryCurrencyTest<br>Parameters: {currencySymbol=kn, currency=HRK}</td>
<td><div><pre>org.openqa.selenium.ElementClickInterceptedException: Element &lt;li&gt; is not clickable at point (323,689) because another element &lt;p&gt; obscures it
Build info: version: &apos;4.5.3&apos;, revision: &apos;4b786a1e430&apos;
System info: os.name: &apos;Windows 10&apos;, os.arch: &apos;amd64&apos;, os.version: &apos;10.0&apos;, java.version: &apos;11.0.13&apos;
Driver info: org.openqa.selenium.firefox.FirefoxDriver
Command: [66a08b60-85eb-4d37-9b87-aa0c0cc50b0e, clickElement {id=7a249d73-0c97-408e-ac26-d4e2342d4b79}]
Capabilities {acceptInsecureCerts: true, browserName: firefox, browserVersion: 107.0, moz:accessibilityChecks: false, moz:buildID: 20221110173214, moz:debuggerAddress: 127.0.0.1:45132, moz:geckodriverVersion: 0.32.0, moz:headless: false, moz:platformVersion: 10.0, moz:processID: 1512, moz:profile: C:\Users\adnan\AppData\Loca..., moz:shutdownTimeout: 60000, moz:useNonSpecCompliantPointerOrigin: false, moz:webdriverClick: true, moz:windowless: false, pageLoadStrategy: normal, platformName: WINDOWS, proxy: Proxy(), se:cdp: ws://127.0.0.1:45132/devtoo..., se:cdpVersion: 85.0, setWindowRect: true, strictFileInteractability: false, timeouts: {implicit: 0, pageLoad: 300000, script: 30000}, unhandledPromptBehavior: dismiss and notify}
Element: [[FirefoxDriver: firefox on WINDOWS (66a08b60-85eb-4d37-9b87-aa0c0cc50b0e)] -&gt; css selector: li[onclick*=&apos;showCityList&apos;]]
Session ID: 66a08b60-85eb-4d37-9b87-aa0c0cc50b0e
	at org.openqa.selenium.remote.codec.w3c.W3CHttpResponseCodec.createException(W3CHttpResponseCodec.java:200)
	at org.openqa.selenium.remote.codec.w3c.W3CHttpResponseCodec.decode(W3CHttpResponseCodec.java:133)
	at org.openqa.selenium.remote.codec.w3c.W3CHttpResponseCodec.decode(W3CHttpResponseCodec.java:53)
	at org.openqa.selenium.remote.HttpCommandExecutor.execute(HttpCommandExecutor.java:184)
	at org.openqa.selenium.remote.service.DriverCommandExecutor.invokeExecute(DriverCommandExecutor.java:167)
	at org.openqa.selenium.remote.service.DriverCommandExecutor.execute(DriverCommandExecutor.java:142)
	at org.openqa.selenium.remote.RemoteWebDriver.execute(RemoteWebDriver.java:541)
	at org.openqa.selenium.remote.RemoteWebElement.execute(RemoteWebElement.java:257)
	at org.openqa.selenium.remote.RemoteWebElement.click(RemoteWebElement.java:78)
	at abstractcomponents.AbstractComponents.selectRegionAndCity(AbstractComponents.java:143)
	at Selenium.CroatiaDirect.CountryCurrencyTest.convertPricesToSelectedCurrency(CountryCurrencyTest.java:55)
	at java.base/java.util.ArrayList.forEach(ArrayList.java:1541)
... Removed 36 stack frames</pre></div><a href='#' onClick='toggleBox("stack-trace1083028485", this, "Click to show all stack frames", "Click to hide stack frames")'>Click to show all stack frames</a>
<div class='stack-trace' id='stack-trace1083028485'><pre>org.openqa.selenium.ElementClickInterceptedException: Element &lt;li&gt; is not clickable at point (323,689) because another element &lt;p&gt; obscures it
Build info: version: &apos;4.5.3&apos;, revision: &apos;4b786a1e430&apos;
System info: os.name: &apos;Windows 10&apos;, os.arch: &apos;amd64&apos;, os.version: &apos;10.0&apos;, java.version: &apos;11.0.13&apos;
Driver info: org.openqa.selenium.firefox.FirefoxDriver
Command: [66a08b60-85eb-4d37-9b87-aa0c0cc50b0e, clickElement {id=7a249d73-0c97-408e-ac26-d4e2342d4b79}]
Capabilities {acceptInsecureCerts: true, browserName: firefox, browserVersion: 107.0, moz:accessibilityChecks: false, moz:buildID: 20221110173214, moz:debuggerAddress: 127.0.0.1:45132, moz:geckodriverVersion: 0.32.0, moz:headless: false, moz:platformVersion: 10.0, moz:processID: 1512, moz:profile: C:\Users\adnan\AppData\Loca..., moz:shutdownTimeout: 60000, moz:useNonSpecCompliantPointerOrigin: false, moz:webdriverClick: true, moz:windowless: false, pageLoadStrategy: normal, platformName: WINDOWS, proxy: Proxy(), se:cdp: ws://127.0.0.1:45132/devtoo..., se:cdpVersion: 85.0, setWindowRect: true, strictFileInteractability: false, timeouts: {implicit: 0, pageLoad: 300000, script: 30000}, unhandledPromptBehavior: dismiss and notify}
Element: [[FirefoxDriver: firefox on WINDOWS (66a08b60-85eb-4d37-9b87-aa0c0cc50b0e)] -&gt; css selector: li[onclick*=&apos;showCityList&apos;]]
Session ID: 66a08b60-85eb-4d37-9b87-aa0c0cc50b0e
	at java.base/jdk.internal.reflect.NativeConstructorAccessorImpl.newInstance0(Native Method)
	at java.base/jdk.internal.reflect.NativeConstructorAccessorImpl.newInstance(NativeConstructorAccessorImpl.java:62)
	at java.base/jdk.internal.reflect.DelegatingConstructorAccessorImpl.newInstance(DelegatingConstructorAccessorImpl.java:45)
	at java.base/java.lang.reflect.Constructor.newInstance(Constructor.java:490)
	at org.openqa.selenium.remote.codec.w3c.W3CHttpResponseCodec.createException(W3CHttpResponseCodec.java:200)
	at org.openqa.selenium.remote.codec.w3c.W3CHttpResponseCodec.decode(W3CHttpResponseCodec.java:133)
	at org.openqa.selenium.remote.codec.w3c.W3CHttpResponseCodec.decode(W3CHttpResponseCodec.java:53)
	at org.openqa.selenium.remote.HttpCommandExecutor.execute(HttpCommandExecutor.java:184)
	at org.openqa.selenium.remote.service.DriverCommandExecutor.invokeExecute(DriverCommandExecutor.java:167)
	at org.openqa.selenium.remote.service.DriverCommandExecutor.execute(DriverCommandExecutor.java:142)
	at org.openqa.selenium.remote.RemoteWebDriver.execute(RemoteWebDriver.java:541)
	at org.openqa.selenium.remote.RemoteWebElement.execute(RemoteWebElement.java:257)
	at org.openqa.selenium.remote.RemoteWebElement.click(RemoteWebElement.java:78)
	at abstractcomponents.AbstractComponents.selectRegionAndCity(AbstractComponents.java:143)
	at Selenium.CroatiaDirect.CountryCurrencyTest.convertPricesToSelectedCurrency(CountryCurrencyTest.java:55)
	at java.base/jdk.internal.reflect.NativeMethodAccessorImpl.invoke0(Native Method)
	at java.base/jdk.internal.reflect.NativeMethodAccessorImpl.invoke(NativeMethodAccessorImpl.java:62)
	at java.base/jdk.internal.reflect.DelegatingMethodAccessorImpl.invoke(DelegatingMethodAccessorImpl.java:43)
	at java.base/java.lang.reflect.Method.invoke(Method.java:566)
	at org.testng.internal.invokers.MethodInvocationHelper.invokeMethod(MethodInvocationHelper.java:139)
	at org.testng.internal.invokers.TestInvoker.invokeMethod(TestInvoker.java:677)
	at org.testng.internal.invokers.TestInvoker.invokeTestMethod(TestInvoker.java:221)
	at org.testng.internal.invokers.MethodRunner.runInSequence(MethodRunner.java:50)
	at org.testng.internal.invokers.TestInvoker$MethodInvocationAgent.invoke(TestInvoker.java:962)
	at org.testng.internal.invokers.TestInvoker.invokeTestMethods(TestInvoker.java:194)
	at org.testng.internal.invokers.TestMethodWorker.invokeTestMethods(TestMethodWorker.java:148)
	at org.testng.internal.invokers.TestMethodWorker.run(TestMethodWorker.java:128)
	at java.base/java.util.ArrayList.forEach(ArrayList.java:1541)
	at org.testng.TestRunner.privateRun(TestRunner.java:806)
	at org.testng.TestRunner.run(TestRunner.java:601)
	at org.testng.SuiteRunner.runTest(SuiteRunner.java:433)
	at org.testng.SuiteRunner.runSequentially(SuiteRunner.java:427)
	at org.testng.SuiteRunner.privateRun(SuiteRunner.java:387)
	at org.testng.SuiteRunner.run(SuiteRunner.java:330)
	at org.testng.SuiteRunnerWorker.runSuite(SuiteRunnerWorker.java:52)
	at org.testng.SuiteRunnerWorker.run(SuiteRunnerWorker.java:95)
	at org.testng.TestNG.runSuitesSequentially(TestNG.java:1256)
	at org.testng.TestNG.runSuitesLocally(TestNG.java:1176)
	at org.testng.TestNG.runSuites(TestNG.java:1099)
	at org.testng.TestNG.run(TestNG.java:1067)
	at org.apache.maven.surefire.testng.TestNGExecutor.run(TestNGExecutor.java:135)
	at org.apache.maven.surefire.testng.TestNGDirectoryTestSuite.executeMulti(TestNGDirectoryTestSuite.java:193)
	at org.apache.maven.surefire.testng.TestNGDirectoryTestSuite.execute(TestNGDirectoryTestSuite.java:94)
	at org.apache.maven.surefire.testng.TestNGProvider.invoke(TestNGProvider.java:146)
	at org.apache.maven.surefire.booter.ForkedBooter.invokeProviderInSameClassLoader(ForkedBooter.java:384)
	at org.apache.maven.surefire.booter.ForkedBooter.runSuitesInProcess(ForkedBooter.java:345)
	at org.apache.maven.surefire.booter.ForkedBooter.execute(ForkedBooter.java:126)
	at org.apache.maven.surefire.booter.ForkedBooter.main(ForkedBooter.java:418)
</pre></div></td>
<td>0</td>
<td>Selenium.CroatiaDirect.CountryCurrencyTest@2df9b86</td></tr>
<tr>
<td title='Selenium.CroatiaDirect.PropertyInquiriesTest.sendInquiryWithoutFirstName()'><b>sendInquiryWithoutFirstName</b><br>Test class: Selenium.CroatiaDirect.PropertyInquiriesTest</td>
<td><div><pre>org.openqa.selenium.NoSuchElementException: Unable to locate element: (//th[@class=&apos;month&apos;])[1]
For documentation on this error, please visit: https://selenium.dev/exceptions/#no_such_element
Build info: version: &apos;4.5.3&apos;, revision: &apos;4b786a1e430&apos;
System info: os.name: &apos;Windows 10&apos;, os.arch: &apos;amd64&apos;, os.version: &apos;10.0&apos;, java.version: &apos;11.0.13&apos;
Driver info: org.openqa.selenium.firefox.FirefoxDriver
Command: [60f6eebd-9e6e-4386-ae30-36aefad420f3, findElement {using=xpath, value=(//th[@class=&apos;month&apos;])[1]}]
Capabilities {acceptInsecureCerts: true, browserName: firefox, browserVersion: 107.0, moz:accessibilityChecks: false, moz:buildID: 20221110173214, moz:debuggerAddress: 127.0.0.1:1912, moz:geckodriverVersion: 0.32.0, moz:headless: false, moz:platformVersion: 10.0, moz:processID: 41336, moz:profile: C:\Users\adnan\AppData\Loca..., moz:shutdownTimeout: 60000, moz:useNonSpecCompliantPointerOrigin: false, moz:webdriverClick: true, moz:windowless: false, pageLoadStrategy: normal, platformName: WINDOWS, proxy: Proxy(), se:cdp: ws://127.0.0.1:1912/devtool..., se:cdpVersion: 85.0, setWindowRect: true, strictFileInteractability: false, timeouts: {implicit: 0, pageLoad: 300000, script: 30000}, unhandledPromptBehavior: dismiss and notify}
Session ID: 60f6eebd-9e6e-4386-ae30-36aefad420f3
	at org.openqa.selenium.remote.codec.w3c.W3CHttpResponseCodec.createException(W3CHttpResponseCodec.java:200)
	at org.openqa.selenium.remote.codec.w3c.W3CHttpResponseCodec.decode(W3CHttpResponseCodec.java:133)
	at org.openqa.selenium.remote.codec.w3c.W3CHttpResponseCodec.decode(W3CHttpResponseCodec.java:53)
	at org.openqa.selenium.remote.HttpCommandExecutor.execute(HttpCommandExecutor.java:184)
	at org.openqa.selenium.remote.service.DriverCommandExecutor.invokeExecute(DriverCommandExecutor.java:167)
	at org.openqa.selenium.remote.service.DriverCommandExecutor.execute(DriverCommandExecutor.java:142)
	at org.openqa.selenium.remote.RemoteWebDriver.execute(RemoteWebDriver.java:541)
	at org.openqa.selenium.remote.ElementLocation$ElementFinder$2.findElement(ElementLocation.java:162)
	at org.openqa.selenium.remote.ElementLocation.findElement(ElementLocation.java:60)
	at org.openqa.selenium.remote.RemoteWebDriver.findElement(RemoteWebDriver.java:365)
	at org.openqa.selenium.remote.RemoteWebDriver.findElement(RemoteWebDriver.java:357)
	at org.openqa.selenium.support.pagefactory.DefaultElementLocator.findElement(DefaultElementLocator.java:70)
	at org.openqa.selenium.support.pagefactory.internal.LocatingElementHandler.invoke(LocatingElementHandler.java:39)
	at com.sun.proxy.$Proxy13.getText(Unknown Source)
	at pageobjects.PropertyPage.selectArrivalDate(PropertyPage.java:223)
	at Selenium.CroatiaDirect.PropertyInquiriesTest.sendInquiryWithoutFirstName(PropertyInquiriesTest.java:55)
	at java.base/java.util.ArrayList.forEach(ArrayList.java:1541)
... Removed 36 stack frames</pre></div><a href='#' onClick='toggleBox("stack-trace1788424289", this, "Click to show all stack frames", "Click to hide stack frames")'>Click to show all stack frames</a>
<div class='stack-trace' id='stack-trace1788424289'><pre>org.openqa.selenium.NoSuchElementException: Unable to locate element: (//th[@class=&apos;month&apos;])[1]
For documentation on this error, please visit: https://selenium.dev/exceptions/#no_such_element
Build info: version: &apos;4.5.3&apos;, revision: &apos;4b786a1e430&apos;
System info: os.name: &apos;Windows 10&apos;, os.arch: &apos;amd64&apos;, os.version: &apos;10.0&apos;, java.version: &apos;11.0.13&apos;
Driver info: org.openqa.selenium.firefox.FirefoxDriver
Command: [60f6eebd-9e6e-4386-ae30-36aefad420f3, findElement {using=xpath, value=(//th[@class=&apos;month&apos;])[1]}]
Capabilities {acceptInsecureCerts: true, browserName: firefox, browserVersion: 107.0, moz:accessibilityChecks: false, moz:buildID: 20221110173214, moz:debuggerAddress: 127.0.0.1:1912, moz:geckodriverVersion: 0.32.0, moz:headless: false, moz:platformVersion: 10.0, moz:processID: 41336, moz:profile: C:\Users\adnan\AppData\Loca..., moz:shutdownTimeout: 60000, moz:useNonSpecCompliantPointerOrigin: false, moz:webdriverClick: true, moz:windowless: false, pageLoadStrategy: normal, platformName: WINDOWS, proxy: Proxy(), se:cdp: ws://127.0.0.1:1912/devtool..., se:cdpVersion: 85.0, setWindowRect: true, strictFileInteractability: false, timeouts: {implicit: 0, pageLoad: 300000, script: 30000}, unhandledPromptBehavior: dismiss and notify}
Session ID: 60f6eebd-9e6e-4386-ae30-36aefad420f3
	at java.base/jdk.internal.reflect.NativeConstructorAccessorImpl.newInstance0(Native Method)
	at java.base/jdk.internal.reflect.NativeConstructorAccessorImpl.newInstance(NativeConstructorAccessorImpl.java:62)
	at java.base/jdk.internal.reflect.DelegatingConstructorAccessorImpl.newInstance(DelegatingConstructorAccessorImpl.java:45)
	at java.base/java.lang.reflect.Constructor.newInstance(Constructor.java:490)
	at org.openqa.selenium.remote.codec.w3c.W3CHttpResponseCodec.createException(W3CHttpResponseCodec.java:200)
	at org.openqa.selenium.remote.codec.w3c.W3CHttpResponseCodec.decode(W3CHttpResponseCodec.java:133)
	at org.openqa.selenium.remote.codec.w3c.W3CHttpResponseCodec.decode(W3CHttpResponseCodec.java:53)
	at org.openqa.selenium.remote.HttpCommandExecutor.execute(HttpCommandExecutor.java:184)
	at org.openqa.selenium.remote.service.DriverCommandExecutor.invokeExecute(DriverCommandExecutor.java:167)
	at org.openqa.selenium.remote.service.DriverCommandExecutor.execute(DriverCommandExecutor.java:142)
	at org.openqa.selenium.remote.RemoteWebDriver.execute(RemoteWebDriver.java:541)
	at org.openqa.selenium.remote.ElementLocation$ElementFinder$2.findElement(ElementLocation.java:162)
	at org.openqa.selenium.remote.ElementLocation.findElement(ElementLocation.java:60)
	at org.openqa.selenium.remote.RemoteWebDriver.findElement(RemoteWebDriver.java:365)
	at org.openqa.selenium.remote.RemoteWebDriver.findElement(RemoteWebDriver.java:357)
	at org.openqa.selenium.support.pagefactory.DefaultElementLocator.findElement(DefaultElementLocator.java:70)
	at org.openqa.selenium.support.pagefactory.internal.LocatingElementHandler.invoke(LocatingElementHandler.java:39)
	at com.sun.proxy.$Proxy13.getText(Unknown Source)
	at pageobjects.PropertyPage.selectArrivalDate(PropertyPage.java:223)
	at Selenium.CroatiaDirect.PropertyInquiriesTest.sendInquiryWithoutFirstName(PropertyInquiriesTest.java:55)
	at java.base/jdk.internal.reflect.NativeMethodAccessorImpl.invoke0(Native Method)
	at java.base/jdk.internal.reflect.NativeMethodAccessorImpl.invoke(NativeMethodAccessorImpl.java:62)
	at java.base/jdk.internal.reflect.DelegatingMethodAccessorImpl.invoke(DelegatingMethodAccessorImpl.java:43)
	at java.base/java.lang.reflect.Method.invoke(Method.java:566)
	at org.testng.internal.invokers.MethodInvocationHelper.invokeMethod(MethodInvocationHelper.java:139)
	at org.testng.internal.invokers.TestInvoker.invokeMethod(TestInvoker.java:677)
	at org.testng.internal.invokers.TestInvoker.invokeTestMethod(TestInvoker.java:221)
	at org.testng.internal.invokers.MethodRunner.runInSequence(MethodRunner.java:50)
	at org.testng.internal.invokers.TestInvoker$MethodInvocationAgent.invoke(TestInvoker.java:962)
	at org.testng.internal.invokers.TestInvoker.invokeTestMethods(TestInvoker.java:194)
	at org.testng.internal.invokers.TestMethodWorker.invokeTestMethods(TestMethodWorker.java:148)
	at org.testng.internal.invokers.TestMethodWorker.run(TestMethodWorker.java:128)
	at java.base/java.util.ArrayList.forEach(ArrayList.java:1541)
	at org.testng.TestRunner.privateRun(TestRunner.java:806)
	at org.testng.TestRunner.run(TestRunner.java:601)
	at org.testng.SuiteRunner.runTest(SuiteRunner.java:433)
	at org.testng.SuiteRunner.runSequentially(SuiteRunner.java:427)
	at org.testng.SuiteRunner.privateRun(SuiteRunner.java:387)
	at org.testng.SuiteRunner.run(SuiteRunner.java:330)
	at org.testng.SuiteRunnerWorker.runSuite(SuiteRunnerWorker.java:52)
	at org.testng.SuiteRunnerWorker.run(SuiteRunnerWorker.java:95)
	at org.testng.TestNG.runSuitesSequentially(TestNG.java:1256)
	at org.testng.TestNG.runSuitesLocally(TestNG.java:1176)
	at org.testng.TestNG.runSuites(TestNG.java:1099)
	at org.testng.TestNG.run(TestNG.java:1067)
	at org.apache.maven.surefire.testng.TestNGExecutor.run(TestNGExecutor.java:135)
	at org.apache.maven.surefire.testng.TestNGDirectoryTestSuite.executeMulti(TestNGDirectoryTestSuite.java:193)
	at org.apache.maven.surefire.testng.TestNGDirectoryTestSuite.execute(TestNGDirectoryTestSuite.java:94)
	at org.apache.maven.surefire.testng.TestNGProvider.invoke(TestNGProvider.java:146)
	at org.apache.maven.surefire.booter.ForkedBooter.invokeProviderInSameClassLoader(ForkedBooter.java:384)
	at org.apache.maven.surefire.booter.ForkedBooter.runSuitesInProcess(ForkedBooter.java:345)
	at org.apache.maven.surefire.booter.ForkedBooter.execute(ForkedBooter.java:126)
	at org.apache.maven.surefire.booter.ForkedBooter.main(ForkedBooter.java:418)
</pre></div></td>
<td>21</td>
<td>Selenium.CroatiaDirect.PropertyInquiriesTest@37654521</td></tr>
<tr>
<td title='Selenium.CroatiaDirect.PropertyInquiriesTest.sendInquiryWithoutDepartureDate()'><b>sendInquiryWithoutDepartureDate</b><br>Test class: Selenium.CroatiaDirect.PropertyInquiriesTest</td>
<td><div><pre>org.openqa.selenium.NoSuchElementException: Unable to locate element: (//th[@class=&apos;month&apos;])[1]
For documentation on this error, please visit: https://selenium.dev/exceptions/#no_such_element
Build info: version: &apos;4.5.3&apos;, revision: &apos;4b786a1e430&apos;
System info: os.name: &apos;Windows 10&apos;, os.arch: &apos;amd64&apos;, os.version: &apos;10.0&apos;, java.version: &apos;11.0.13&apos;
Driver info: org.openqa.selenium.firefox.FirefoxDriver
Command: [5eb57804-ee83-4b29-8332-5e481e6d4cdf, findElement {using=xpath, value=(//th[@class=&apos;month&apos;])[1]}]
Capabilities {acceptInsecureCerts: true, browserName: firefox, browserVersion: 107.0, moz:accessibilityChecks: false, moz:buildID: 20221110173214, moz:debuggerAddress: 127.0.0.1:43643, moz:geckodriverVersion: 0.32.0, moz:headless: false, moz:platformVersion: 10.0, moz:processID: 40120, moz:profile: C:\Users\adnan\AppData\Loca..., moz:shutdownTimeout: 60000, moz:useNonSpecCompliantPointerOrigin: false, moz:webdriverClick: true, moz:windowless: false, pageLoadStrategy: normal, platformName: WINDOWS, proxy: Proxy(), se:cdp: ws://127.0.0.1:43643/devtoo..., se:cdpVersion: 85.0, setWindowRect: true, strictFileInteractability: false, timeouts: {implicit: 0, pageLoad: 300000, script: 30000}, unhandledPromptBehavior: dismiss and notify}
Session ID: 5eb57804-ee83-4b29-8332-5e481e6d4cdf
	at org.openqa.selenium.remote.codec.w3c.W3CHttpResponseCodec.createException(W3CHttpResponseCodec.java:200)
	at org.openqa.selenium.remote.codec.w3c.W3CHttpResponseCodec.decode(W3CHttpResponseCodec.java:133)
	at org.openqa.selenium.remote.codec.w3c.W3CHttpResponseCodec.decode(W3CHttpResponseCodec.java:53)
	at org.openqa.selenium.remote.HttpCommandExecutor.execute(HttpCommandExecutor.java:184)
	at org.openqa.selenium.remote.service.DriverCommandExecutor.invokeExecute(DriverCommandExecutor.java:167)
	at org.openqa.selenium.remote.service.DriverCommandExecutor.execute(DriverCommandExecutor.java:142)
	at org.openqa.selenium.remote.RemoteWebDriver.execute(RemoteWebDriver.java:541)
	at org.openqa.selenium.remote.ElementLocation$ElementFinder$2.findElement(ElementLocation.java:162)
	at org.openqa.selenium.remote.ElementLocation.findElement(ElementLocation.java:60)
	at org.openqa.selenium.remote.RemoteWebDriver.findElement(RemoteWebDriver.java:365)
	at org.openqa.selenium.remote.RemoteWebDriver.findElement(RemoteWebDriver.java:357)
	at org.openqa.selenium.support.pagefactory.DefaultElementLocator.findElement(DefaultElementLocator.java:70)
	at org.openqa.selenium.support.pagefactory.internal.LocatingElementHandler.invoke(LocatingElementHandler.java:39)
	at com.sun.proxy.$Proxy13.getText(Unknown Source)
	at pageobjects.PropertyPage.selectArrivalDate(PropertyPage.java:223)
	at Selenium.CroatiaDirect.PropertyInquiriesTest.sendInquiryWithoutDepartureDate(PropertyInquiriesTest.java:181)
	at java.base/java.util.ArrayList.forEach(ArrayList.java:1541)
... Removed 36 stack frames</pre></div><a href='#' onClick='toggleBox("stack-trace1582709514", this, "Click to show all stack frames", "Click to hide stack frames")'>Click to show all stack frames</a>
<div class='stack-trace' id='stack-trace1582709514'><pre>org.openqa.selenium.NoSuchElementException: Unable to locate element: (//th[@class=&apos;month&apos;])[1]
For documentation on this error, please visit: https://selenium.dev/exceptions/#no_such_element
Build info: version: &apos;4.5.3&apos;, revision: &apos;4b786a1e430&apos;
System info: os.name: &apos;Windows 10&apos;, os.arch: &apos;amd64&apos;, os.version: &apos;10.0&apos;, java.version: &apos;11.0.13&apos;
Driver info: org.openqa.selenium.firefox.FirefoxDriver
Command: [5eb57804-ee83-4b29-8332-5e481e6d4cdf, findElement {using=xpath, value=(//th[@class=&apos;month&apos;])[1]}]
Capabilities {acceptInsecureCerts: true, browserName: firefox, browserVersion: 107.0, moz:accessibilityChecks: false, moz:buildID: 20221110173214, moz:debuggerAddress: 127.0.0.1:43643, moz:geckodriverVersion: 0.32.0, moz:headless: false, moz:platformVersion: 10.0, moz:processID: 40120, moz:profile: C:\Users\adnan\AppData\Loca..., moz:shutdownTimeout: 60000, moz:useNonSpecCompliantPointerOrigin: false, moz:webdriverClick: true, moz:windowless: false, pageLoadStrategy: normal, platformName: WINDOWS, proxy: Proxy(), se:cdp: ws://127.0.0.1:43643/devtoo..., se:cdpVersion: 85.0, setWindowRect: true, strictFileInteractability: false, timeouts: {implicit: 0, pageLoad: 300000, script: 30000}, unhandledPromptBehavior: dismiss and notify}
Session ID: 5eb57804-ee83-4b29-8332-5e481e6d4cdf
	at java.base/jdk.internal.reflect.NativeConstructorAccessorImpl.newInstance0(Native Method)
	at java.base/jdk.internal.reflect.NativeConstructorAccessorImpl.newInstance(NativeConstructorAccessorImpl.java:62)
	at java.base/jdk.internal.reflect.DelegatingConstructorAccessorImpl.newInstance(DelegatingConstructorAccessorImpl.java:45)
	at java.base/java.lang.reflect.Constructor.newInstance(Constructor.java:490)
	at org.openqa.selenium.remote.codec.w3c.W3CHttpResponseCodec.createException(W3CHttpResponseCodec.java:200)
	at org.openqa.selenium.remote.codec.w3c.W3CHttpResponseCodec.decode(W3CHttpResponseCodec.java:133)
	at org.openqa.selenium.remote.codec.w3c.W3CHttpResponseCodec.decode(W3CHttpResponseCodec.java:53)
	at org.openqa.selenium.remote.HttpCommandExecutor.execute(HttpCommandExecutor.java:184)
	at org.openqa.selenium.remote.service.DriverCommandExecutor.invokeExecute(DriverCommandExecutor.java:167)
	at org.openqa.selenium.remote.service.DriverCommandExecutor.execute(DriverCommandExecutor.java:142)
	at org.openqa.selenium.remote.RemoteWebDriver.execute(RemoteWebDriver.java:541)
	at org.openqa.selenium.remote.ElementLocation$ElementFinder$2.findElement(ElementLocation.java:162)
	at org.openqa.selenium.remote.ElementLocation.findElement(ElementLocation.java:60)
	at org.openqa.selenium.remote.RemoteWebDriver.findElement(RemoteWebDriver.java:365)
	at org.openqa.selenium.remote.RemoteWebDriver.findElement(RemoteWebDriver.java:357)
	at org.openqa.selenium.support.pagefactory.DefaultElementLocator.findElement(DefaultElementLocator.java:70)
	at org.openqa.selenium.support.pagefactory.internal.LocatingElementHandler.invoke(LocatingElementHandler.java:39)
	at com.sun.proxy.$Proxy13.getText(Unknown Source)
	at pageobjects.PropertyPage.selectArrivalDate(PropertyPage.java:223)
	at Selenium.CroatiaDirect.PropertyInquiriesTest.sendInquiryWithoutDepartureDate(PropertyInquiriesTest.java:181)
	at java.base/jdk.internal.reflect.NativeMethodAccessorImpl.invoke0(Native Method)
	at java.base/jdk.internal.reflect.NativeMethodAccessorImpl.invoke(NativeMethodAccessorImpl.java:62)
	at java.base/jdk.internal.reflect.DelegatingMethodAccessorImpl.invoke(DelegatingMethodAccessorImpl.java:43)
	at java.base/java.lang.reflect.Method.invoke(Method.java:566)
	at org.testng.internal.invokers.MethodInvocationHelper.invokeMethod(MethodInvocationHelper.java:139)
	at org.testng.internal.invokers.TestInvoker.invokeMethod(TestInvoker.java:677)
	at org.testng.internal.invokers.TestInvoker.invokeTestMethod(TestInvoker.java:221)
	at org.testng.internal.invokers.MethodRunner.runInSequence(MethodRunner.java:50)
	at org.testng.internal.invokers.TestInvoker$MethodInvocationAgent.invoke(TestInvoker.java:962)
	at org.testng.internal.invokers.TestInvoker.invokeTestMethods(TestInvoker.java:194)
	at org.testng.internal.invokers.TestMethodWorker.invokeTestMethods(TestMethodWorker.java:148)
	at org.testng.internal.invokers.TestMethodWorker.run(TestMethodWorker.java:128)
	at java.base/java.util.ArrayList.forEach(ArrayList.java:1541)
	at org.testng.TestRunner.privateRun(TestRunner.java:806)
	at org.testng.TestRunner.run(TestRunner.java:601)
	at org.testng.SuiteRunner.runTest(SuiteRunner.java:433)
	at org.testng.SuiteRunner.runSequentially(SuiteRunner.java:427)
	at org.testng.SuiteRunner.privateRun(SuiteRunner.java:387)
	at org.testng.SuiteRunner.run(SuiteRunner.java:330)
	at org.testng.SuiteRunnerWorker.runSuite(SuiteRunnerWorker.java:52)
	at org.testng.SuiteRunnerWorker.run(SuiteRunnerWorker.java:95)
	at org.testng.TestNG.runSuitesSequentially(TestNG.java:1256)
	at org.testng.TestNG.runSuitesLocally(TestNG.java:1176)
	at org.testng.TestNG.runSuites(TestNG.java:1099)
	at org.testng.TestNG.run(TestNG.java:1067)
	at org.apache.maven.surefire.testng.TestNGExecutor.run(TestNGExecutor.java:135)
	at org.apache.maven.surefire.testng.TestNGDirectoryTestSuite.executeMulti(TestNGDirectoryTestSuite.java:193)
	at org.apache.maven.surefire.testng.TestNGDirectoryTestSuite.execute(TestNGDirectoryTestSuite.java:94)
	at org.apache.maven.surefire.testng.TestNGProvider.invoke(TestNGProvider.java:146)
	at org.apache.maven.surefire.booter.ForkedBooter.invokeProviderInSameClassLoader(ForkedBooter.java:384)
	at org.apache.maven.surefire.booter.ForkedBooter.runSuitesInProcess(ForkedBooter.java:345)
	at org.apache.maven.surefire.booter.ForkedBooter.execute(ForkedBooter.java:126)
	at org.apache.maven.surefire.booter.ForkedBooter.main(ForkedBooter.java:418)
</pre></div></td>
<td>21</td>
<td>Selenium.CroatiaDirect.PropertyInquiriesTest@37654521</td></tr>
<tr>
<td title='Selenium.CroatiaDirect.WishlistTest.removeAllPropertiesFromWishList()'><b>removeAllPropertiesFromWishList</b><br>Test class: Selenium.CroatiaDirect.WishlistTest</td>
<td><div><pre>java.lang.AssertionError: expected [true] but found [false]
	at Selenium.CroatiaDirect.WishlistTest.removeAllPropertiesFromWishList(WishlistTest.java:75)
	at java.base/java.util.ArrayList.forEach(ArrayList.java:1541)
... Removed 36 stack frames</pre></div><a href='#' onClick='toggleBox("stack-trace517260201", this, "Click to show all stack frames", "Click to hide stack frames")'>Click to show all stack frames</a>
<div class='stack-trace' id='stack-trace517260201'><pre>java.lang.AssertionError: expected [true] but found [false]
	at org.testng.Assert.fail(Assert.java:110)
	at org.testng.Assert.failNotEquals(Assert.java:1413)
	at org.testng.Assert.assertTrue(Assert.java:56)
	at org.testng.Assert.assertTrue(Assert.java:66)
	at Selenium.CroatiaDirect.WishlistTest.removeAllPropertiesFromWishList(WishlistTest.java:75)
	at java.base/jdk.internal.reflect.NativeMethodAccessorImpl.invoke0(Native Method)
	at java.base/jdk.internal.reflect.NativeMethodAccessorImpl.invoke(NativeMethodAccessorImpl.java:62)
	at java.base/jdk.internal.reflect.DelegatingMethodAccessorImpl.invoke(DelegatingMethodAccessorImpl.java:43)
	at java.base/java.lang.reflect.Method.invoke(Method.java:566)
	at org.testng.internal.invokers.MethodInvocationHelper.invokeMethod(MethodInvocationHelper.java:139)
	at org.testng.internal.invokers.TestInvoker.invokeMethod(TestInvoker.java:677)
	at org.testng.internal.invokers.TestInvoker.invokeTestMethod(TestInvoker.java:221)
	at org.testng.internal.invokers.MethodRunner.runInSequence(MethodRunner.java:50)
	at org.testng.internal.invokers.TestInvoker$MethodInvocationAgent.invoke(TestInvoker.java:962)
	at org.testng.internal.invokers.TestInvoker.invokeTestMethods(TestInvoker.java:194)
	at org.testng.internal.invokers.TestMethodWorker.invokeTestMethods(TestMethodWorker.java:148)
	at org.testng.internal.invokers.TestMethodWorker.run(TestMethodWorker.java:128)
	at java.base/java.util.ArrayList.forEach(ArrayList.java:1541)
	at org.testng.TestRunner.privateRun(TestRunner.java:806)
	at org.testng.TestRunner.run(TestRunner.java:601)
	at org.testng.SuiteRunner.runTest(SuiteRunner.java:433)
	at org.testng.SuiteRunner.runSequentially(SuiteRunner.java:427)
	at org.testng.SuiteRunner.privateRun(SuiteRunner.java:387)
	at org.testng.SuiteRunner.run(SuiteRunner.java:330)
	at org.testng.SuiteRunnerWorker.runSuite(SuiteRunnerWorker.java:52)
	at org.testng.SuiteRunnerWorker.run(SuiteRunnerWorker.java:95)
	at org.testng.TestNG.runSuitesSequentially(TestNG.java:1256)
	at org.testng.TestNG.runSuitesLocally(TestNG.java:1176)
	at org.testng.TestNG.runSuites(TestNG.java:1099)
	at org.testng.TestNG.run(TestNG.java:1067)
	at org.apache.maven.surefire.testng.TestNGExecutor.run(TestNGExecutor.java:135)
	at org.apache.maven.surefire.testng.TestNGDirectoryTestSuite.executeMulti(TestNGDirectoryTestSuite.java:193)
	at org.apache.maven.surefire.testng.TestNGDirectoryTestSuite.execute(TestNGDirectoryTestSuite.java:94)
	at org.apache.maven.surefire.testng.TestNGProvider.invoke(TestNGProvider.java:146)
	at org.apache.maven.surefire.booter.ForkedBooter.invokeProviderInSameClassLoader(ForkedBooter.java:384)
	at org.apache.maven.surefire.booter.ForkedBooter.runSuitesInProcess(ForkedBooter.java:345)
	at org.apache.maven.surefire.booter.ForkedBooter.execute(ForkedBooter.java:126)
	at org.apache.maven.surefire.booter.ForkedBooter.main(ForkedBooter.java:418)
</pre></div></td>
<td>15</td>
<td>Selenium.CroatiaDirect.WishlistTest@33990a0c</td></tr>
</table><p>
<table width='100%' border='1' class='invocation-passed'>
<tr><td colspan='4' align='center'><b>PASSED TESTS</b></td></tr>
<tr><td><b>Test method</b></td>
<td><b>Attribute(s)</b></td>
<td width="30%"><b>Exception</b></td>
<td width="10%"><b>Time (seconds)</b></td>
<td><b>Instance</b></td>
</tr>
<tr>
<td title='Selenium.CroatiaDirect.AccommodationSearchTest.searchOnAccomodationTypePages()'><b>searchOnAccomodationTypePages</b><br>Test class: Selenium.CroatiaDirect.AccommodationSearchTest<br>Parameters: Apartmani</td>
<td></td>
<td>8</td>
<td>Selenium.CroatiaDirect.AccommodationSearchTest@a3d8174</td></tr>
<tr>
<td title='Selenium.CroatiaDirect.CountryCurrencyTest.convertPricesToSelectedCurrency()'><b>convertPricesToSelectedCurrency</b><br>Test class: Selenium.CroatiaDirect.CountryCurrencyTest<br>Parameters: {currencySymbol=$, currency=USD}</td>
<td></td>
<td>11</td>
<td>Selenium.CroatiaDirect.CountryCurrencyTest@2df9b86</td></tr>
<tr>
<td title='Selenium.CroatiaDirect.AccommodationSearchTest.searchOnAccomodationTypePages()'><b>searchOnAccomodationTypePages</b><br>Test class: Selenium.CroatiaDirect.AccommodationSearchTest<br>Parameters: Vile</td>
<td></td>
<td>8</td>
<td>Selenium.CroatiaDirect.AccommodationSearchTest@a3d8174</td></tr>
<tr>
<td title='Selenium.CroatiaDirect.CountryCurrencyTest.selectCountryOnLandingPageAndVerifyCurrency()'><b>selectCountryOnLandingPageAndVerifyCurrency</b><br>Test class: Selenium.CroatiaDirect.CountryCurrencyTest<br>Parameters: {countryLink=cs.gif, currency=CZK, url=https://www.chorvatskeubytovani.cz/}</td>
<td></td>
<td>2</td>
<td>Selenium.CroatiaDirect.CountryCurrencyTest@2df9b86</td></tr>
<tr>
<td title='Selenium.CroatiaDirect.PropertyInquiriesTest.sendInquiryWithoutNumberOfAdults()'><b>sendInquiryWithoutNumberOfAdults</b><br>Test class: Selenium.CroatiaDirect.PropertyInquiriesTest</td>
<td></td>
<td>16</td>
<td>Selenium.CroatiaDirect.PropertyInquiriesTest@37654521</td></tr>
<tr>
<td title='Selenium.CroatiaDirect.CountryCurrencyTest.selectCountryOnLandingPageAndVerifyCurrency()'><b>selectCountryOnLandingPageAndVerifyCurrency</b><br>Test class: Selenium.CroatiaDirect.CountryCurrencyTest<br>Parameters: {countryLink=es.gif, currency=EUR, url=https://www.alojamientocroacia.es/}</td>
<td></td>
<td>2</td>
<td>Selenium.CroatiaDirect.CountryCurrencyTest@2df9b86</td></tr>
<tr>
<td title='Selenium.CroatiaDirect.PropertyInquiriesTest.sendInquiryWithoutArrivalDate()'><b>sendInquiryWithoutArrivalDate</b><br>Test class: Selenium.CroatiaDirect.PropertyInquiriesTest</td>
<td></td>
<td>12</td>
<td>Selenium.CroatiaDirect.PropertyInquiriesTest@37654521</td></tr>
<tr>
<td title='Selenium.CroatiaDirect.CountryCurrencyTest.convertPricesToSelectedCurrency()'><b>convertPricesToSelectedCurrency</b><br>Test class: Selenium.CroatiaDirect.CountryCurrencyTest<br>Parameters: {currencySymbol=kr, currency=NOK}</td>
<td></td>
<td>37</td>
<td>Selenium.CroatiaDirect.CountryCurrencyTest@2df9b86</td></tr>
<tr>
<td title='Selenium.CroatiaDirect.CountryCurrencyTest.selectCountryOnLandingPageAndVerifyCurrency()'><b>selectCountryOnLandingPageAndVerifyCurrency</b><br>Test class: Selenium.CroatiaDirect.CountryCurrencyTest<br>Parameters: {countryLink=ro.gif, currency=RON, url=https://www.apartamentecroatia.com/}</td>
<td></td>
<td>2</td>
<td>Selenium.CroatiaDirect.CountryCurrencyTest@2df9b86</td></tr>
<tr>
<td title='Selenium.CroatiaDirect.CountryCurrencyTest.selectCountryOnLandingPageAndVerifyCurrency()'><b>selectCountryOnLandingPageAndVerifyCurrency</b><br>Test class: Selenium.CroatiaDirect.CountryCurrencyTest<br>Parameters: {countryLink=de.gif, currency=EUR, url=https://www.direkt-kroatien.de/}</td>
<td></td>
<td>2</td>
<td>Selenium.CroatiaDirect.CountryCurrencyTest@2df9b86</td></tr>
<tr>
<td title='Selenium.CroatiaDirect.WishlistTest.removePropertyFromWishList()'><b>removePropertyFromWishList</b><br>Test class: Selenium.CroatiaDirect.WishlistTest</td>
<td></td>
<td>18</td>
<td>Selenium.CroatiaDirect.WishlistTest@33990a0c</td></tr>
<tr>
<td title='Selenium.CroatiaDirect.WishlistTest.addPropertyToWishList()'><b>addPropertyToWishList</b><br>Test class: Selenium.CroatiaDirect.WishlistTest</td>
<td></td>
<td>8</td>
<td>Selenium.CroatiaDirect.WishlistTest@33990a0c</td></tr>
<tr>
<td title='Selenium.CroatiaDirect.AccommodationSearchTest.searchFromCityInputField()'><b>searchFromCityInputField</b><br>Test class: Selenium.CroatiaDirect.AccommodationSearchTest<br>Parameters: {city=Dubrovnik, arrivalMonth=lis 2023, guests=6, departureMonth=lis 2023, departureDate=8, region=Dubrovnik i okolica, accomodationType=Apartmani, arrivalDate=7}</td>
<td></td>
<td>8</td>
<td>Selenium.CroatiaDirect.AccommodationSearchTest@a3d8174</td></tr>
<tr>
<td title='Selenium.CroatiaDirect.SortingSearchResultsTest.checkResultsAreSorted()'><b>checkResultsAreSorted</b><br>Test class: Selenium.CroatiaDirect.SortingSearchResultsTest<br>Parameters: Pula, nie</td>
<td></td>
<td>9</td>
<td>Selenium.CroatiaDirect.SortingSearchResultsTest@15aab8c6</td></tr>
<tr>
<td title='Selenium.CroatiaDirect.AccommodationSearchTest.checkNumberOfResultsFound()'><b>checkNumberOfResultsFound</b><br>Test class: Selenium.CroatiaDirect.AccommodationSearchTest<br>Parameters: Bra?, Bra? Supetar</td>
<td></td>
<td>7</td>
<td>Selenium.CroatiaDirect.AccommodationSearchTest@a3d8174</td></tr>
<tr>
<td title='Selenium.CroatiaDirect.AccommodationSearchTest.searchNoDatesEntered()'><b>searchNoDatesEntered</b><br>Test class: Selenium.CroatiaDirect.AccommodationSearchTest</td>
<td></td>
<td>2</td>
<td>Selenium.CroatiaDirect.AccommodationSearchTest@a3d8174</td></tr>
<tr>
<td title='Selenium.CroatiaDirect.CountryCurrencyTest.selectCountryOnLandingPageAndVerifyCurrency()'><b>selectCountryOnLandingPageAndVerifyCurrency</b><br>Test class: Selenium.CroatiaDirect.CountryCurrencyTest<br>Parameters: {countryLink=nl.gif, currency=EUR, url=https://www.directkroatie.nl/}</td>
<td></td>
<td>2</td>
<td>Selenium.CroatiaDirect.CountryCurrencyTest@2df9b86</td></tr>
<tr>
<td title='Selenium.CroatiaDirect.CountryCurrencyTest.selectCurrencyBeforeSearch()'><b>selectCurrencyBeforeSearch</b><br>Test class: Selenium.CroatiaDirect.CountryCurrencyTest<br>Parameters: {currencySymbol=kr, currency=SEK}</td>
<td></td>
<td>7</td>
<td>Selenium.CroatiaDirect.CountryCurrencyTest@2df9b86</td></tr>
<tr>
<td title='Selenium.CroatiaDirect.SortingSearchResultsTest.checkResultsAreSorted()'><b>checkResultsAreSorted</b><br>Test class: Selenium.CroatiaDirect.SortingSearchResultsTest<br>Parameters: Pula, vie</td>
<td></td>
<td>9</td>
<td>Selenium.CroatiaDirect.SortingSearchResultsTest@15aab8c6</td></tr>
<tr>
<td title='Selenium.CroatiaDirect.AccommodationSearchTest.clickingDepartureDateBeforeArrival()'><b>clickingDepartureDateBeforeArrival</b><br>Test class: Selenium.CroatiaDirect.AccommodationSearchTest</td>
<td></td>
<td>5</td>
<td>Selenium.CroatiaDirect.AccommodationSearchTest@a3d8174</td></tr>
<tr>
<td title='Selenium.CroatiaDirect.CountryCurrencyTest.convertPricesToSelectedCurrency()'><b>convertPricesToSelectedCurrency</b><br>Test class: Selenium.CroatiaDirect.CountryCurrencyTest<br>Parameters: {currencySymbol=z?, currency=PLN}</td>
<td></td>
<td>11</td>
<td>Selenium.CroatiaDirect.CountryCurrencyTest@2df9b86</td></tr>
<tr>
<td title='Selenium.CroatiaDirect.PropertyInquiriesTest.sendInquiryUsingForm()'><b>sendInquiryUsingForm</b><br>Test class: Selenium.CroatiaDirect.PropertyInquiriesTest</td>
<td></td>
<td>15</td>
<td>Selenium.CroatiaDirect.PropertyInquiriesTest@37654521</td></tr>
<tr>
<td title='Selenium.CroatiaDirect.AccommodationSearchTest.searchOnAccomodationTypePages()'><b>searchOnAccomodationTypePages</b><br>Test class: Selenium.CroatiaDirect.AccommodationSearchTest<br>Parameters: Robinzonski turizam</td>
<td></td>
<td>8</td>
<td>Selenium.CroatiaDirect.AccommodationSearchTest@a3d8174</td></tr>
<tr>
<td title='Selenium.CroatiaDirect.CountryCurrencyTest.selectCurrencyBeforeSearch()'><b>selectCurrencyBeforeSearch</b><br>Test class: Selenium.CroatiaDirect.CountryCurrencyTest<br>Parameters: {currencySymbol=z?, currency=PLN}</td>
<td></td>
<td>7</td>
<td>Selenium.CroatiaDirect.CountryCurrencyTest@2df9b86</td></tr>
<tr>
<td title='Selenium.CroatiaDirect.AccommodationSearchTest.checkNumberOfResultsFound()'><b>checkNumberOfResultsFound</b><br>Test class: Selenium.CroatiaDirect.AccommodationSearchTest<br>Parameters: Hvar cijeli otok, Hvar (cijeli otok)</td>
<td></td>
<td>8</td>
<td>Selenium.CroatiaDirect.AccommodationSearchTest@a3d8174</td></tr>
<tr>
<td title='Selenium.CroatiaDirect.AccommodationSearchTest.pastDatesDisabled()'><b>pastDatesDisabled</b><br>Test class: Selenium.CroatiaDirect.AccommodationSearchTest</td>
<td></td>
<td>1</td>
<td>Selenium.CroatiaDirect.AccommodationSearchTest@a3d8174</td></tr>
<tr>
<td title='Selenium.CroatiaDirect.SortingSearchResultsTest.checkResultsAreSorted()'><b>checkResultsAreSorted</b><br>Test class: Selenium.CroatiaDirect.SortingSearchResultsTest<br>Parameters: Zagreb, Broju</td>
<td></td>
<td>7</td>
<td>Selenium.CroatiaDirect.SortingSearchResultsTest@15aab8c6</td></tr>
<tr>
<td title='Selenium.CroatiaDirect.AccommodationSearchTest.searchFromCityInputField()'><b>searchFromCityInputField</b><br>Test class: Selenium.CroatiaDirect.AccommodationSearchTest<br>Parameters: {city=Zagreb, arrivalMonth=svi 2023, guests=12, departureMonth=svi 2023, departureDate=20, region=Zagreb i sredinja Hrvatska, accomodationType=Apartmani, arrivalDate=5}</td>
<td></td>
<td>5</td>
<td>Selenium.CroatiaDirect.AccommodationSearchTest@a3d8174</td></tr>
<tr>
<td title='Selenium.CroatiaDirect.AccommodationSearchTest.searchFromCityInputField()'><b>searchFromCityInputField</b><br>Test class: Selenium.CroatiaDirect.AccommodationSearchTest<br>Parameters: {city=Hvar Vrbanj, arrivalMonth=lip 2023, guests=5, departureMonth=lip 2023, departureDate=11, region=Otoci, accomodationType=Robinzonski turizam, arrivalDate=3}</td>
<td></td>
<td>7</td>
<td>Selenium.CroatiaDirect.AccommodationSearchTest@a3d8174</td></tr>
<tr>
<td title='Selenium.CroatiaDirect.AccommodationSearchTest.searchFromDestinationDropdown()'><b>searchFromDestinationDropdown</b><br>Test class: Selenium.CroatiaDirect.AccommodationSearchTest<br>Parameters: {city=ibenik, arrivalMonth=kol 2023, guests=4, departureMonth=ruj 2023, departureDate=7, region=ibenik i okolica, accomodationType=Vile, arrivalDate=30}</td>
<td></td>
<td>14</td>
<td>Selenium.CroatiaDirect.AccommodationSearchTest@a3d8174</td></tr>
<tr>
<td title='Selenium.CroatiaDirect.CountryCurrencyTest.selectCurrencyBeforeSearch()'><b>selectCurrencyBeforeSearch</b><br>Test class: Selenium.CroatiaDirect.CountryCurrencyTest<br>Parameters: {currencySymbol=RUB, currency=RUB}</td>
<td></td>
<td>7</td>
<td>Selenium.CroatiaDirect.CountryCurrencyTest@2df9b86</td></tr>
<tr>
<td title='Selenium.CroatiaDirect.PropertyInquiriesTest.sendInquiryUsingUnitInquiryButton()'><b>sendInquiryUsingUnitInquiryButton</b><br>Test class: Selenium.CroatiaDirect.PropertyInquiriesTest</td>
<td></td>
<td>16</td>
<td>Selenium.CroatiaDirect.PropertyInquiriesTest@37654521</td></tr>
<tr>
<td title='Selenium.CroatiaDirect.CountryCurrencyTest.selectCurrencyBeforeSearch()'><b>selectCurrencyBeforeSearch</b><br>Test class: Selenium.CroatiaDirect.CountryCurrencyTest<br>Parameters: {currencySymbol=kr, currency=NOK}</td>
<td></td>
<td>7</td>
<td>Selenium.CroatiaDirect.CountryCurrencyTest@2df9b86</td></tr>
<tr>
<td title='Selenium.CroatiaDirect.CountryCurrencyTest.selectCurrencyBeforeSearch()'><b>selectCurrencyBeforeSearch</b><br>Test class: Selenium.CroatiaDirect.CountryCurrencyTest<br>Parameters: {currencySymbol=Ft, currency=HUF}</td>
<td></td>
<td>7</td>
<td>Selenium.CroatiaDirect.CountryCurrencyTest@2df9b86</td></tr>
<tr>
<td title='Selenium.CroatiaDirect.SortingSearchResultsTest.checkResultsAreSorted()'><b>checkResultsAreSorted</b><br>Test class: Selenium.CroatiaDirect.SortingSearchResultsTest<br>Parameters: Pula, Ocjeni</td>
<td></td>
<td>10</td>
<td>Selenium.CroatiaDirect.SortingSearchResultsTest@15aab8c6</td></tr>
<tr>
<td title='Selenium.CroatiaDirect.CountryCurrencyTest.selectCurrencyBeforeSearch()'><b>selectCurrencyBeforeSearch</b><br>Test class: Selenium.CroatiaDirect.CountryCurrencyTest<br>Parameters: {currencySymbol=kn, currency=HRK}</td>
<td></td>
<td>6</td>
<td>Selenium.CroatiaDirect.CountryCurrencyTest@2df9b86</td></tr>
<tr>
<td title='Selenium.CroatiaDirect.AccommodationSearchTest.searchFromDestinationDropdown()'><b>searchFromDestinationDropdown</b><br>Test class: Selenium.CroatiaDirect.AccommodationSearchTest<br>Parameters: {city=Faana, arrivalMonth=srp 2023, guests=3, departureMonth=srp 2023, departureDate=13, region=Istra, accomodationType=Apartmani, arrivalDate=6}</td>
<td></td>
<td>8</td>
<td>Selenium.CroatiaDirect.AccommodationSearchTest@a3d8174</td></tr>
<tr>
<td title='Selenium.CroatiaDirect.AccommodationSearchTest.searchNoGuestNumberEntered()'><b>searchNoGuestNumberEntered</b><br>Test class: Selenium.CroatiaDirect.AccommodationSearchTest</td>
<td></td>
<td>5</td>
<td>Selenium.CroatiaDirect.AccommodationSearchTest@a3d8174</td></tr>
<tr>
<td title='Selenium.CroatiaDirect.SortingSearchResultsTest.checkResultsAreSorted()'><b>checkResultsAreSorted</b><br>Test class: Selenium.CroatiaDirect.SortingSearchResultsTest<br>Parameters: Zagreb, nie</td>
<td></td>
<td>7</td>
<td>Selenium.CroatiaDirect.SortingSearchResultsTest@15aab8c6</td></tr>
<tr>
<td title='Selenium.CroatiaDirect.CountryCurrencyTest.convertPricesToSelectedCurrency()'><b>convertPricesToSelectedCurrency</b><br>Test class: Selenium.CroatiaDirect.CountryCurrencyTest<br>Parameters: {currencySymbol=, currency=EUR}</td>
<td></td>
<td>11</td>
<td>Selenium.CroatiaDirect.CountryCurrencyTest@2df9b86</td></tr>
<tr>
<td title='Selenium.CroatiaDirect.CountryCurrencyTest.selectCountryOnLandingPageAndVerifyCurrency()'><b>selectCountryOnLandingPageAndVerifyCurrency</b><br>Test class: Selenium.CroatiaDirect.CountryCurrencyTest<br>Parameters: {countryLink=pl.gif, currency=PLN, url=https://www.apartamentychorwacja.pl/}</td>
<td></td>
<td>2</td>
<td>Selenium.CroatiaDirect.CountryCurrencyTest@2df9b86</td></tr>
<tr>
<td title='Selenium.CroatiaDirect.SortingSearchResultsTest.checkResultsAreSorted()'><b>checkResultsAreSorted</b><br>Test class: Selenium.CroatiaDirect.SortingSearchResultsTest<br>Parameters: Zagreb, Ocjeni</td>
<td></td>
<td>8</td>
<td>Selenium.CroatiaDirect.SortingSearchResultsTest@15aab8c6</td></tr>
<tr>
<td title='Selenium.CroatiaDirect.CountryCurrencyTest.convertPricesToSelectedCurrency()'><b>convertPricesToSelectedCurrency</b><br>Test class: Selenium.CroatiaDirect.CountryCurrencyTest<br>Parameters: {currencySymbol=K?, currency=CZK}</td>
<td></td>
<td>11</td>
<td>Selenium.CroatiaDirect.CountryCurrencyTest@2df9b86</td></tr>
<tr>
<td title='Selenium.CroatiaDirect.CountryCurrencyTest.selectCountryOnLandingPageAndVerifyCurrency()'><b>selectCountryOnLandingPageAndVerifyCurrency</b><br>Test class: Selenium.CroatiaDirect.CountryCurrencyTest<br>Parameters: {countryLink=it.gif, currency=EUR, url=https://www.alloggiocroazia.it/}</td>
<td></td>
<td>2</td>
<td>Selenium.CroatiaDirect.CountryCurrencyTest@2df9b86</td></tr>
<tr>
<td title='Selenium.CroatiaDirect.CountryCurrencyTest.selectCountryOnLandingPageAndVerifyCurrency()'><b>selectCountryOnLandingPageAndVerifyCurrency</b><br>Test class: Selenium.CroatiaDirect.CountryCurrencyTest<br>Parameters: {countryLink=da.gif, currency=EUR, url=https://www.kroatiendirekte.dk/}</td>
<td></td>
<td>2</td>
<td>Selenium.CroatiaDirect.CountryCurrencyTest@2df9b86</td></tr>
<tr>
<td title='Selenium.CroatiaDirect.PropertyInquiriesTest.sendInquiryWithoutSelectingUnit()'><b>sendInquiryWithoutSelectingUnit</b><br>Test class: Selenium.CroatiaDirect.PropertyInquiriesTest</td>
<td></td>
<td>11</td>
<td>Selenium.CroatiaDirect.PropertyInquiriesTest@37654521</td></tr>
<tr>
<td title='Selenium.CroatiaDirect.CountryCurrencyTest.convertPricesToSelectedCurrency()'><b>convertPricesToSelectedCurrency</b><br>Test class: Selenium.CroatiaDirect.CountryCurrencyTest<br>Parameters: {currencySymbol=kr, currency=SEK}</td>
<td></td>
<td>11</td>
<td>Selenium.CroatiaDirect.CountryCurrencyTest@2df9b86</td></tr>
<tr>
<td title='Selenium.CroatiaDirect.PropertyInquiriesTest.sendInquiryWithoutInquiryTextFieldEntry()'><b>sendInquiryWithoutInquiryTextFieldEntry</b><br>Test class: Selenium.CroatiaDirect.PropertyInquiriesTest</td>
<td></td>
<td>17</td>
<td>Selenium.CroatiaDirect.PropertyInquiriesTest@37654521</td></tr>
<tr>
<td title='Selenium.CroatiaDirect.CountryCurrencyTest.selectCurrencyBeforeSearch()'><b>selectCurrencyBeforeSearch</b><br>Test class: Selenium.CroatiaDirect.CountryCurrencyTest<br>Parameters: {currencySymbol=LEI, currency=RON}</td>
<td></td>
<td>7</td>
<td>Selenium.CroatiaDirect.CountryCurrencyTest@2df9b86</td></tr>
<tr>
<td title='Selenium.CroatiaDirect.AccommodationSearchTest.searchOnAccomodationTypePages()'><b>searchOnAccomodationTypePages</b><br>Test class: Selenium.CroatiaDirect.AccommodationSearchTest<br>Parameters: Seoski turizam</td>
<td></td>
<td>8</td>
<td>Selenium.CroatiaDirect.AccommodationSearchTest@a3d8174</td></tr>
<tr>
<td title='Selenium.CroatiaDirect.AccommodationSearchTest.searchNoDestinationEntered()'><b>searchNoDestinationEntered</b><br>Test class: Selenium.CroatiaDirect.AccommodationSearchTest</td>
<td></td>
<td>4</td>
<td>Selenium.CroatiaDirect.AccommodationSearchTest@a3d8174</td></tr>
<tr>
<td title='Selenium.CroatiaDirect.CountryCurrencyTest.selectCurrencyBeforeSearch()'><b>selectCurrencyBeforeSearch</b><br>Test class: Selenium.CroatiaDirect.CountryCurrencyTest<br>Parameters: {currencySymbol=CHF, currency=CHF}</td>
<td></td>
<td>7</td>
<td>Selenium.CroatiaDirect.CountryCurrencyTest@2df9b86</td></tr>
<tr>
<td title='Selenium.CroatiaDirect.CountryCurrencyTest.convertPricesToSelectedCurrency()'><b>convertPricesToSelectedCurrency</b><br>Test class: Selenium.CroatiaDirect.CountryCurrencyTest<br>Parameters: {currencySymbol=CHF, currency=CHF}</td>
<td></td>
<td>10</td>
<td>Selenium.CroatiaDirect.CountryCurrencyTest@2df9b86</td></tr>
<tr>
<td title='Selenium.CroatiaDirect.CountryCurrencyTest.selectCountryOnLandingPageAndVerifyCurrency()'><b>selectCountryOnLandingPageAndVerifyCurrency</b><br>Test class: Selenium.CroatiaDirect.CountryCurrencyTest<br>Parameters: {countryLink=en.gif, currency=EUR, url=https://www.direct-croatia.com/}</td>
<td></td>
<td>2</td>
<td>Selenium.CroatiaDirect.CountryCurrencyTest@2df9b86</td></tr>
<tr>
<td title='Selenium.CroatiaDirect.CountryCurrencyTest.selectCountryOnLandingPageAndVerifyCurrency()'><b>selectCountryOnLandingPageAndVerifyCurrency</b><br>Test class: Selenium.CroatiaDirect.CountryCurrencyTest<br>Parameters: {countryLink=fr.gif, currency=EUR, url=https://www.vacancescroatie.net/}</td>
<td></td>
<td>2</td>
<td>Selenium.CroatiaDirect.CountryCurrencyTest@2df9b86</td></tr>
<tr>
<td title='Selenium.CroatiaDirect.CountryCurrencyTest.selectCurrencyBeforeSearch()'><b>selectCurrencyBeforeSearch</b><br>Test class: Selenium.CroatiaDirect.CountryCurrencyTest<br>Parameters: {currencySymbol=K?, currency=CZK}</td>
<td></td>
<td>7</td>
<td>Selenium.CroatiaDirect.CountryCurrencyTest@2df9b86</td></tr>
<tr>
<td title='Selenium.CroatiaDirect.SortingSearchResultsTest.checkResultsAreSorted()'><b>checkResultsAreSorted</b><br>Test class: Selenium.CroatiaDirect.SortingSearchResultsTest<br>Parameters: Zagreb, vie</td>
<td></td>
<td>7</td>
<td>Selenium.CroatiaDirect.SortingSearchResultsTest@15aab8c6</td></tr>
<tr>
<td title='Selenium.CroatiaDirect.AccommodationSearchTest.checkNumberOfResultsFound()'><b>checkNumberOfResultsFound</b><br>Test class: Selenium.CroatiaDirect.AccommodationSearchTest<br>Parameters: Dubrovnik, Dubrovnik i okolica</td>
<td></td>
<td>8</td>
<td>Selenium.CroatiaDirect.AccommodationSearchTest@a3d8174</td></tr>
<tr>
<td title='Selenium.CroatiaDirect.CountryCurrencyTest.selectCurrencyBeforeSearch()'><b>selectCurrencyBeforeSearch</b><br>Test class: Selenium.CroatiaDirect.CountryCurrencyTest<br>Parameters: {currencySymbol=£, currency=GBP}</td>
<td></td>
<td>7</td>
<td>Selenium.CroatiaDirect.CountryCurrencyTest@2df9b86</td></tr>
<tr>
<td title='Selenium.CroatiaDirect.AccommodationSearchTest.noMatchingAccomodationMessageDisplayed()'><b>noMatchingAccomodationMessageDisplayed</b><br>Test class: Selenium.CroatiaDirect.AccommodationSearchTest</td>
<td></td>
<td>5</td>
<td>Selenium.CroatiaDirect.AccommodationSearchTest@a3d8174</td></tr>
<tr>
<td title='Selenium.CroatiaDirect.CountryCurrencyTest.selectCurrencyBeforeSearch()'><b>selectCurrencyBeforeSearch</b><br>Test class: Selenium.CroatiaDirect.CountryCurrencyTest<br>Parameters: {currencySymbol=$, currency=USD}</td>
<td></td>
<td>7</td>
<td>Selenium.CroatiaDirect.CountryCurrencyTest@2df9b86</td></tr>
<tr>
<td title='Selenium.CroatiaDirect.SortingSearchResultsTest.checkResultsAreSorted()'><b>checkResultsAreSorted</b><br>Test class: Selenium.CroatiaDirect.SortingSearchResultsTest<br>Parameters: Pula, Broju</td>
<td></td>
<td>9</td>
<td>Selenium.CroatiaDirect.SortingSearchResultsTest@15aab8c6</td></tr>
<tr>
<td title='Selenium.CroatiaDirect.CountryCurrencyTest.convertPricesToSelectedCurrency()'><b>convertPricesToSelectedCurrency</b><br>Test class: Selenium.CroatiaDirect.CountryCurrencyTest<br>Parameters: {currencySymbol=kr, currency=DKK}</td>
<td></td>
<td>11</td>
<td>Selenium.CroatiaDirect.CountryCurrencyTest@2df9b86</td></tr>
<tr>
<td title='Selenium.CroatiaDirect.CountryCurrencyTest.selectCurrencyBeforeSearch()'><b>selectCurrencyBeforeSearch</b><br>Test class: Selenium.CroatiaDirect.CountryCurrencyTest<br>Parameters: {currencySymbol=kr, currency=DKK}</td>
<td></td>
<td>7</td>
<td>Selenium.CroatiaDirect.CountryCurrencyTest@2df9b86</td></tr>
<tr>
<td title='Selenium.CroatiaDirect.PropertyInquiriesTest.sendInquiryWithoutLastName()'><b>sendInquiryWithoutLastName</b><br>Test class: Selenium.CroatiaDirect.PropertyInquiriesTest</td>
<td></td>
<td>17</td>
<td>Selenium.CroatiaDirect.PropertyInquiriesTest@37654521</td></tr>
<tr>
<td title='Selenium.CroatiaDirect.CountryCurrencyTest.selectCountryOnLandingPageAndVerifyCurrency()'><b>selectCountryOnLandingPageAndVerifyCurrency</b><br>Test class: Selenium.CroatiaDirect.CountryCurrencyTest<br>Parameters: {countryLink=sl.gif, currency=EUR, url=https://www.obmorju.si/}</td>
<td></td>
<td>2</td>
<td>Selenium.CroatiaDirect.CountryCurrencyTest@2df9b86</td></tr>
<tr>
<td title='Selenium.CroatiaDirect.CountryCurrencyTest.selectCountryOnLandingPageAndVerifyCurrency()'><b>selectCountryOnLandingPageAndVerifyCurrency</b><br>Test class: Selenium.CroatiaDirect.CountryCurrencyTest<br>Parameters: {countryLink=ru.gif, currency=RUB, url=http://www.otdihhorvatija.ru/}</td>
<td></td>
<td>2</td>
<td>Selenium.CroatiaDirect.CountryCurrencyTest@2df9b86</td></tr>
<tr>
<td title='Selenium.CroatiaDirect.CountryCurrencyTest.selectCountryOnLandingPageAndVerifyCurrency()'><b>selectCountryOnLandingPageAndVerifyCurrency</b><br>Test class: Selenium.CroatiaDirect.CountryCurrencyTest<br>Parameters: {countryLink=hu.gif, currency=HUF, url=https://www.horvatorszagapartmanok.net/}</td>
<td></td>
<td>2</td>
<td>Selenium.CroatiaDirect.CountryCurrencyTest@2df9b86</td></tr>
<tr>
<td title='Selenium.CroatiaDirect.AccommodationSearchTest.searchFromDestinationDropdown()'><b>searchFromDestinationDropdown</b><br>Test class: Selenium.CroatiaDirect.AccommodationSearchTest<br>Parameters: {city=Plitvi?ka jezera, arrivalMonth=pro 2022, guests=4, departureMonth=pro 2022, departureDate=4, region=Kvarner i gorje, accomodationType=Seoski turizam, arrivalDate=1}</td>
<td></td>
<td>7</td>
<td>Selenium.CroatiaDirect.AccommodationSearchTest@a3d8174</td></tr>
<tr>
<td title='Selenium.CroatiaDirect.CountryCurrencyTest.selectCurrencyBeforeSearch()'><b>selectCurrencyBeforeSearch</b><br>Test class: Selenium.CroatiaDirect.CountryCurrencyTest<br>Parameters: {currencySymbol=, currency=EUR}</td>
<td></td>
<td>7</td>
<td>Selenium.CroatiaDirect.CountryCurrencyTest@2df9b86</td></tr>
<tr>
<td title='Selenium.CroatiaDirect.CountryCurrencyTest.convertPricesToSelectedCurrency()'><b>convertPricesToSelectedCurrency</b><br>Test class: Selenium.CroatiaDirect.CountryCurrencyTest<br>Parameters: {currencySymbol=RUB, currency=RUB}</td>
<td></td>
<td>11</td>
<td>Selenium.CroatiaDirect.CountryCurrencyTest@2df9b86</td></tr>
<tr>
<td title='Selenium.CroatiaDirect.CountryCurrencyTest.selectCurrencyAfterEnteringSearchCriteria()'><b>selectCurrencyAfterEnteringSearchCriteria</b><br>Test class: Selenium.CroatiaDirect.CountryCurrencyTest</td>
<td></td>
<td>7</td>
<td>Selenium.CroatiaDirect.CountryCurrencyTest@2df9b86</td></tr>
</table><p>
</body>
</html>