<?xml version="1.0" encoding="UTF-8"?>
<!-- Generated by org.testng.reporters.JUnitXMLReporter -->
<testsuite ignored="0" hostname="DESKTOP-V3TS40K" failures="9" tests="81" name="Surefire test" time="1360.936" errors="0" timestamp="2022-11-26T04:40:07 CET">
  <testcase classname="Selenium.CroatiaDirect.AccommodationSearchTest" name="checkNumberOfResultsFound" time="8.353"/>
  <testcase classname="Selenium.CroatiaDirect.AccommodationSearchTest" name="checkNumberOfResultsFound" time="8.383"/>
  <testcase classname="Selenium.CroatiaDirect.AccommodationSearchTest" name="checkNumberOfResultsFound" time="7.555"/>
  <testcase classname="Selenium.CroatiaDirect.AccommodationSearchTest" name="clickingDepartureDateBeforeArrival" time="5.317"/>
  <testcase classname="Selenium.CroatiaDirect.AccommodationSearchTest" name="noMatchingAccomodationMessageDisplayed" time="5.439"/>
  <testcase classname="Selenium.CroatiaDirect.AccommodationSearchTest" name="pastDatesDisabled" time="1.087"/>
  <testcase classname="Selenium.CroatiaDirect.AccommodationSearchTest" name="searchFromCityInputField" time="5.576"/>
  <testcase classname="Selenium.CroatiaDirect.AccommodationSearchTest" name="searchFromCityInputField" time="7.285"/>
  <testcase classname="Selenium.CroatiaDirect.AccommodationSearchTest" name="searchFromCityInputField" time="8.027"/>
  <testcase classname="Selenium.CroatiaDirect.AccommodationSearchTest" name="searchFromDestinationDropdown" time="8.25"/>
  <testcase classname="Selenium.CroatiaDirect.AccommodationSearchTest" name="searchFromDestinationDropdown" time="14.767"/>
  <testcase classname="Selenium.CroatiaDirect.AccommodationSearchTest" name="searchFromDestinationDropdown" time="7.014"/>
  <testcase classname="Selenium.CroatiaDirect.AccommodationSearchTest" name="searchNoDatesEntered" time="2.925"/>
  <testcase classname="Selenium.CroatiaDirect.AccommodationSearchTest" name="searchNoDestinationEntered" time="4.29"/>
  <testcase classname="Selenium.CroatiaDirect.AccommodationSearchTest" name="searchNoGuestNumberEntered" time="5.851"/>
  <testcase classname="Selenium.CroatiaDirect.AccommodationSearchTest" name="searchOnAccomodationTypePages" time="8.7"/>
  <testcase classname="Selenium.CroatiaDirect.AccommodationSearchTest" name="searchOnAccomodationTypePages" time="8.521"/>
  <testcase classname="Selenium.CroatiaDirect.AccommodationSearchTest" name="searchOnAccomodationTypePages" time="8.886"/>
  <testcase classname="Selenium.CroatiaDirect.AccommodationSearchTest" name="searchOnAccomodationTypePages" time="8.369"/>
  <testcase classname="Selenium.CroatiaDirect.CountryCurrencyTest" name="convertPricesToSelectedCurrency" time="11.285"/>
  <testcase classname="Selenium.CroatiaDirect.CountryCurrencyTest" name="convertPricesToSelectedCurrency" time="10.92"/>
  <testcase classname="Selenium.CroatiaDirect.CountryCurrencyTest" name="convertPricesToSelectedCurrency" time="11.302"/>
  <testcase classname="Selenium.CroatiaDirect.CountryCurrencyTest" name="convertPricesToSelectedCurrency" time="11.044"/>
  <testcase classname="Selenium.CroatiaDirect.CountryCurrencyTest" name="convertPricesToSelectedCurrency" time="0.336">
    <failure type="org.openqa.selenium.ElementClickInterceptedException" message="Element &amp;lt;li&amp;gt; is not clickable at point (323,689) because another element &amp;lt;p&amp;gt; obscures it
Build info: version: &amp;apos;4.5.3&amp;apos;, revision: &amp;apos;4b786a1e430&amp;apos;
System info: os.name: &amp;apos;Windows 10&amp;apos;, os.arch: &amp;apos;amd64&amp;apos;, os.version: &amp;apos;10.0&amp;apos;, java.version: &amp;apos;11.0.13&amp;apos;
Driver info: org.openqa.selenium.firefox.FirefoxDriver
Command: [06d5c151-1717-44b7-bdfb-7bb813523099, clickElement {id=dcd2fa4c-18db-4e4c-a822-6718a1387021}]
Capabilities {acceptInsecureCerts: true, browserName: firefox, browserVersion: 107.0, moz:accessibilityChecks: false, moz:buildID: 20221110173214, moz:debuggerAddress: 127.0.0.1:4253, moz:geckodriverVersion: 0.32.0, moz:headless: false, moz:platformVersion: 10.0, moz:processID: 41660, moz:profile: C:\Users\adnan\AppData\Loca..., moz:shutdownTimeout: 60000, moz:useNonSpecCompliantPointerOrigin: false, moz:webdriverClick: true, moz:windowless: false, pageLoadStrategy: normal, platformName: WINDOWS, proxy: Proxy(), se:cdp: ws://127.0.0.1:4253/devtool..., se:cdpVersion: 85.0, setWindowRect: true, strictFileInteractability: false, timeouts: {implicit: 0, pageLoad: 300000, script: 30000}, unhandledPromptBehavior: dismiss and notify}
Element: [[FirefoxDriver: firefox on WINDOWS (06d5c151-1717-44b7-bdfb-7bb813523099)] -&amp;gt; css selector: li[onclick*=&amp;apos;showCityList&amp;apos;]]
Session ID: 06d5c151-1717-44b7-bdfb-7bb813523099">
      <![CDATA[org.openqa.selenium.ElementClickInterceptedException: Element <li> is not clickable at point (323,689) because another element <p> obscures it
Build info: version: '4.5.3', revision: '4b786a1e430'
System info: os.name: 'Windows 10', os.arch: 'amd64', os.version: '10.0', java.version: '11.0.13'
Driver info: org.openqa.selenium.firefox.FirefoxDriver
Command: [06d5c151-1717-44b7-bdfb-7bb813523099, clickElement {id=dcd2fa4c-18db-4e4c-a822-6718a1387021}]
Capabilities {acceptInsecureCerts: true, browserName: firefox, browserVersion: 107.0, moz:accessibilityChecks: false, moz:buildID: 20221110173214, moz:debuggerAddress: 127.0.0.1:4253, moz:geckodriverVersion: 0.32.0, moz:headless: false, moz:platformVersion: 10.0, moz:processID: 41660, moz:profile: C:\Users\adnan\AppData\Loca..., moz:shutdownTimeout: 60000, moz:useNonSpecCompliantPointerOrigin: false, moz:webdriverClick: true, moz:windowless: false, pageLoadStrategy: normal, platformName: WINDOWS, proxy: Proxy(), se:cdp: ws://127.0.0.1:4253/devtool..., se:cdpVersion: 85.0, setWindowRect: true, strictFileInteractability: false, timeouts: {implicit: 0, pageLoad: 300000, script: 30000}, unhandledPromptBehavior: dismiss and notify}
Element: [[FirefoxDriver: firefox on WINDOWS (06d5c151-1717-44b7-bdfb-7bb813523099)] -> css selector: li[onclick*='showCityList']]
Session ID: 06d5c151-1717-44b7-bdfb-7bb813523099
at org.openqa.selenium.remote.codec.w3c.W3CHttpResponseCodec.createException(W3CHttpResponseCodec.java:200)
at org.openqa.selenium.remote.codec.w3c.W3CHttpResponseCodec.decode(W3CHttpResponseCodec.java:133)
at org.openqa.selenium.remote.codec.w3c.W3CHttpResponseCodec.decode(W3CHttpResponseCodec.java:53)
at org.openqa.selenium.remote.HttpCommandExecutor.execute(HttpCommandExecutor.java:184)
at org.openqa.selenium.remote.service.DriverCommandExecutor.invokeExecute(DriverCommandExecutor.java:167)
at org.openqa.selenium.remote.service.DriverCommandExecutor.execute(DriverCommandExecutor.java:142)
at org.openqa.selenium.remote.RemoteWebDriver.execute(RemoteWebDriver.java:541)
at org.openqa.selenium.remote.RemoteWebElement.execute(RemoteWebElement.java:257)
at org.openqa.selenium.remote.RemoteWebElement.click(RemoteWebElement.java:78)
at abstractcomponents.AbstractComponents.selectRegionAndCity(AbstractComponents.java:143)
at Selenium.CroatiaDirect.CountryCurrencyTest.convertPricesToSelectedCurrency(CountryCurrencyTest.java:55)
at java.base/java.util.ArrayList.forEach(ArrayList.java:1541)
... Removed 36 stack frames]]>
    </failure>
  </testcase> <!-- convertPricesToSelectedCurrency -->
  <testcase classname="Selenium.CroatiaDirect.CountryCurrencyTest" name="convertPricesToSelectedCurrency" time="0.312">
    <failure type="org.openqa.selenium.ElementClickInterceptedException" message="Element &amp;lt;li&amp;gt; is not clickable at point (323,689) because another element &amp;lt;p&amp;gt; obscures it
Build info: version: &amp;apos;4.5.3&amp;apos;, revision: &amp;apos;4b786a1e430&amp;apos;
System info: os.name: &amp;apos;Windows 10&amp;apos;, os.arch: &amp;apos;amd64&amp;apos;, os.version: &amp;apos;10.0&amp;apos;, java.version: &amp;apos;11.0.13&amp;apos;
Driver info: org.openqa.selenium.firefox.FirefoxDriver
Command: [66a08b60-85eb-4d37-9b87-aa0c0cc50b0e, clickElement {id=7a249d73-0c97-408e-ac26-d4e2342d4b79}]
Capabilities {acceptInsecureCerts: true, browserName: firefox, browserVersion: 107.0, moz:accessibilityChecks: false, moz:buildID: 20221110173214, moz:debuggerAddress: 127.0.0.1:45132, moz:geckodriverVersion: 0.32.0, moz:headless: false, moz:platformVersion: 10.0, moz:processID: 1512, moz:profile: C:\Users\adnan\AppData\Loca..., moz:shutdownTimeout: 60000, moz:useNonSpecCompliantPointerOrigin: false, moz:webdriverClick: true, moz:windowless: false, pageLoadStrategy: normal, platformName: WINDOWS, proxy: Proxy(), se:cdp: ws://127.0.0.1:45132/devtoo..., se:cdpVersion: 85.0, setWindowRect: true, strictFileInteractability: false, timeouts: {implicit: 0, pageLoad: 300000, script: 30000}, unhandledPromptBehavior: dismiss and notify}
Element: [[FirefoxDriver: firefox on WINDOWS (66a08b60-85eb-4d37-9b87-aa0c0cc50b0e)] -&amp;gt; css selector: li[onclick*=&amp;apos;showCityList&amp;apos;]]
Session ID: 66a08b60-85eb-4d37-9b87-aa0c0cc50b0e">
      <![CDATA[org.openqa.selenium.ElementClickInterceptedException: Element <li> is not clickable at point (323,689) because another element <p> obscures it
Build info: version: '4.5.3', revision: '4b786a1e430'
System info: os.name: 'Windows 10', os.arch: 'amd64', os.version: '10.0', java.version: '11.0.13'
Driver info: org.openqa.selenium.firefox.FirefoxDriver
Command: [66a08b60-85eb-4d37-9b87-aa0c0cc50b0e, clickElement {id=7a249d73-0c97-408e-ac26-d4e2342d4b79}]
Capabilities {acceptInsecureCerts: true, browserName: firefox, browserVersion: 107.0, moz:accessibilityChecks: false, moz:buildID: 20221110173214, moz:debuggerAddress: 127.0.0.1:45132, moz:geckodriverVersion: 0.32.0, moz:headless: false, moz:platformVersion: 10.0, moz:processID: 1512, moz:profile: C:\Users\adnan\AppData\Loca..., moz:shutdownTimeout: 60000, moz:useNonSpecCompliantPointerOrigin: false, moz:webdriverClick: true, moz:windowless: false, pageLoadStrategy: normal, platformName: WINDOWS, proxy: Proxy(), se:cdp: ws://127.0.0.1:45132/devtoo..., se:cdpVersion: 85.0, setWindowRect: true, strictFileInteractability: false, timeouts: {implicit: 0, pageLoad: 300000, script: 30000}, unhandledPromptBehavior: dismiss and notify}
Element: [[FirefoxDriver: firefox on WINDOWS (66a08b60-85eb-4d37-9b87-aa0c0cc50b0e)] -> css selector: li[onclick*='showCityList']]
Session ID: 66a08b60-85eb-4d37-9b87-aa0c0cc50b0e
at org.openqa.selenium.remote.codec.w3c.W3CHttpResponseCodec.createException(W3CHttpResponseCodec.java:200)
at org.openqa.selenium.remote.codec.w3c.W3CHttpResponseCodec.decode(W3CHttpResponseCodec.java:133)
at org.openqa.selenium.remote.codec.w3c.W3CHttpResponseCodec.decode(W3CHttpResponseCodec.java:53)
at org.openqa.selenium.remote.HttpCommandExecutor.execute(HttpCommandExecutor.java:184)
at org.openqa.selenium.remote.service.DriverCommandExecutor.invokeExecute(DriverCommandExecutor.java:167)
at org.openqa.selenium.remote.service.DriverCommandExecutor.execute(DriverCommandExecutor.java:142)
at org.openqa.selenium.remote.RemoteWebDriver.execute(RemoteWebDriver.java:541)
at org.openqa.selenium.remote.RemoteWebElement.execute(RemoteWebElement.java:257)
at org.openqa.selenium.remote.RemoteWebElement.click(RemoteWebElement.java:78)
at abstractcomponents.AbstractComponents.selectRegionAndCity(AbstractComponents.java:143)
at Selenium.CroatiaDirect.CountryCurrencyTest.convertPricesToSelectedCurrency(CountryCurrencyTest.java:55)
at java.base/java.util.ArrayList.forEach(ArrayList.java:1541)
... Removed 36 stack frames]]>
    </failure>
  </testcase> <!-- convertPricesToSelectedCurrency -->
  <testcase classname="Selenium.CroatiaDirect.CountryCurrencyTest" name="convertPricesToSelectedCurrency" time="0.829">
    <failure type="org.openqa.selenium.ElementClickInterceptedException" message="Element &amp;lt;li&amp;gt; is not clickable at point (323,689) because another element &amp;lt;p&amp;gt; obscures it
Build info: version: &amp;apos;4.5.3&amp;apos;, revision: &amp;apos;4b786a1e430&amp;apos;
System info: os.name: &amp;apos;Windows 10&amp;apos;, os.arch: &amp;apos;amd64&amp;apos;, os.version: &amp;apos;10.0&amp;apos;, java.version: &amp;apos;11.0.13&amp;apos;
Driver info: org.openqa.selenium.firefox.FirefoxDriver
Command: [f9aaa31f-36a8-4499-8654-d8ea676d981e, clickElement {id=4b82002f-7dcf-41c7-b180-7e813b9dc0ff}]
Capabilities {acceptInsecureCerts: true, browserName: firefox, browserVersion: 107.0, moz:accessibilityChecks: false, moz:buildID: 20221110173214, moz:debuggerAddress: 127.0.0.1:6655, moz:geckodriverVersion: 0.32.0, moz:headless: false, moz:platformVersion: 10.0, moz:processID: 40728, moz:profile: C:\Users\adnan\AppData\Loca..., moz:shutdownTimeout: 60000, moz:useNonSpecCompliantPointerOrigin: false, moz:webdriverClick: true, moz:windowless: false, pageLoadStrategy: normal, platformName: WINDOWS, proxy: Proxy(), se:cdp: ws://127.0.0.1:6655/devtool..., se:cdpVersion: 85.0, setWindowRect: true, strictFileInteractability: false, timeouts: {implicit: 0, pageLoad: 300000, script: 30000}, unhandledPromptBehavior: dismiss and notify}
Element: [[FirefoxDriver: firefox on WINDOWS (f9aaa31f-36a8-4499-8654-d8ea676d981e)] -&amp;gt; css selector: li[onclick*=&amp;apos;showCityList&amp;apos;]]
Session ID: f9aaa31f-36a8-4499-8654-d8ea676d981e">
      <![CDATA[org.openqa.selenium.ElementClickInterceptedException: Element <li> is not clickable at point (323,689) because another element <p> obscures it
Build info: version: '4.5.3', revision: '4b786a1e430'
System info: os.name: 'Windows 10', os.arch: 'amd64', os.version: '10.0', java.version: '11.0.13'
Driver info: org.openqa.selenium.firefox.FirefoxDriver
Command: [f9aaa31f-36a8-4499-8654-d8ea676d981e, clickElement {id=4b82002f-7dcf-41c7-b180-7e813b9dc0ff}]
Capabilities {acceptInsecureCerts: true, browserName: firefox, browserVersion: 107.0, moz:accessibilityChecks: false, moz:buildID: 20221110173214, moz:debuggerAddress: 127.0.0.1:6655, moz:geckodriverVersion: 0.32.0, moz:headless: false, moz:platformVersion: 10.0, moz:processID: 40728, moz:profile: C:\Users\adnan\AppData\Loca..., moz:shutdownTimeout: 60000, moz:useNonSpecCompliantPointerOrigin: false, moz:webdriverClick: true, moz:windowless: false, pageLoadStrategy: normal, platformName: WINDOWS, proxy: Proxy(), se:cdp: ws://127.0.0.1:6655/devtool..., se:cdpVersion: 85.0, setWindowRect: true, strictFileInteractability: false, timeouts: {implicit: 0, pageLoad: 300000, script: 30000}, unhandledPromptBehavior: dismiss and notify}
Element: [[FirefoxDriver: firefox on WINDOWS (f9aaa31f-36a8-4499-8654-d8ea676d981e)] -> css selector: li[onclick*='showCityList']]
Session ID: f9aaa31f-36a8-4499-8654-d8ea676d981e
at org.openqa.selenium.remote.codec.w3c.W3CHttpResponseCodec.createException(W3CHttpResponseCodec.java:200)
at org.openqa.selenium.remote.codec.w3c.W3CHttpResponseCodec.decode(W3CHttpResponseCodec.java:133)
at org.openqa.selenium.remote.codec.w3c.W3CHttpResponseCodec.decode(W3CHttpResponseCodec.java:53)
at org.openqa.selenium.remote.HttpCommandExecutor.execute(HttpCommandExecutor.java:184)
at org.openqa.selenium.remote.service.DriverCommandExecutor.invokeExecute(DriverCommandExecutor.java:167)
at org.openqa.selenium.remote.service.DriverCommandExecutor.execute(DriverCommandExecutor.java:142)
at org.openqa.selenium.remote.RemoteWebDriver.execute(RemoteWebDriver.java:541)
at org.openqa.selenium.remote.RemoteWebElement.execute(RemoteWebElement.java:257)
at org.openqa.selenium.remote.RemoteWebElement.click(RemoteWebElement.java:78)
at abstractcomponents.AbstractComponents.selectRegionAndCity(AbstractComponents.java:143)
at Selenium.CroatiaDirect.CountryCurrencyTest.convertPricesToSelectedCurrency(CountryCurrencyTest.java:55)
at java.base/java.util.ArrayList.forEach(ArrayList.java:1541)
... Removed 36 stack frames]]>
    </failure>
  </testcase> <!-- convertPricesToSelectedCurrency -->
  <testcase classname="Selenium.CroatiaDirect.CountryCurrencyTest" name="convertPricesToSelectedCurrency" time="37.665"/>
  <testcase classname="Selenium.CroatiaDirect.CountryCurrencyTest" name="convertPricesToSelectedCurrency" time="11.346"/>
  <testcase classname="Selenium.CroatiaDirect.CountryCurrencyTest" name="convertPricesToSelectedCurrency" time="22.107">
    <failure type="java.lang.AssertionError" message="expected [true] but found [false]">
      <![CDATA[java.lang.AssertionError: expected [true] but found [false]
at Selenium.CroatiaDirect.CountryCurrencyTest.convertPricesToSelectedCurrency(CountryCurrencyTest.java:62)
at java.base/java.util.ArrayList.forEach(ArrayList.java:1541)
... Removed 36 stack frames]]>
    </failure>
  </testcase> <!-- convertPricesToSelectedCurrency -->
  <testcase classname="Selenium.CroatiaDirect.CountryCurrencyTest" name="convertPricesToSelectedCurrency" time="11.987"/>
  <testcase classname="Selenium.CroatiaDirect.CountryCurrencyTest" name="convertPricesToSelectedCurrency" time="11.238"/>
  <testcase classname="Selenium.CroatiaDirect.CountryCurrencyTest" name="convertPricesToSelectedCurrency" time="11.182"/>
  <testcase classname="Selenium.CroatiaDirect.CountryCurrencyTest" name="selectCountryOnLandingPageAndVerifyCurrency" time="2.641"/>
  <testcase classname="Selenium.CroatiaDirect.CountryCurrencyTest" name="selectCountryOnLandingPageAndVerifyCurrency" time="2.708"/>
  <testcase classname="Selenium.CroatiaDirect.CountryCurrencyTest" name="selectCountryOnLandingPageAndVerifyCurrency" time="2.632"/>
  <testcase classname="Selenium.CroatiaDirect.CountryCurrencyTest" name="selectCountryOnLandingPageAndVerifyCurrency" time="2.611"/>
  <testcase classname="Selenium.CroatiaDirect.CountryCurrencyTest" name="selectCountryOnLandingPageAndVerifyCurrency" time="2.708"/>
  <testcase classname="Selenium.CroatiaDirect.CountryCurrencyTest" name="selectCountryOnLandingPageAndVerifyCurrency" time="2.714"/>
  <testcase classname="Selenium.CroatiaDirect.CountryCurrencyTest" name="selectCountryOnLandingPageAndVerifyCurrency" time="2.717"/>
  <testcase classname="Selenium.CroatiaDirect.CountryCurrencyTest" name="selectCountryOnLandingPageAndVerifyCurrency" time="2.702"/>
  <testcase classname="Selenium.CroatiaDirect.CountryCurrencyTest" name="selectCountryOnLandingPageAndVerifyCurrency" time="2.757"/>
  <testcase classname="Selenium.CroatiaDirect.CountryCurrencyTest" name="selectCountryOnLandingPageAndVerifyCurrency" time="2.674"/>
  <testcase classname="Selenium.CroatiaDirect.CountryCurrencyTest" name="selectCountryOnLandingPageAndVerifyCurrency" time="2.734"/>
  <testcase classname="Selenium.CroatiaDirect.CountryCurrencyTest" name="selectCountryOnLandingPageAndVerifyCurrency" time="2.745"/>
  <testcase classname="Selenium.CroatiaDirect.CountryCurrencyTest" name="selectCountryOnLandingPageAndVerifyCurrency" time="2.824"/>
  <testcase classname="Selenium.CroatiaDirect.CountryCurrencyTest" name="selectCurrencyAfterEnteringSearchCriteria" time="7.373"/>
  <testcase classname="Selenium.CroatiaDirect.CountryCurrencyTest" name="selectCurrencyBeforeSearch" time="7.807"/>
  <testcase classname="Selenium.CroatiaDirect.CountryCurrencyTest" name="selectCurrencyBeforeSearch" time="7.444"/>
  <testcase classname="Selenium.CroatiaDirect.CountryCurrencyTest" name="selectCurrencyBeforeSearch" time="7.344"/>
  <testcase classname="Selenium.CroatiaDirect.CountryCurrencyTest" name="selectCurrencyBeforeSearch" time="7.218"/>
  <testcase classname="Selenium.CroatiaDirect.CountryCurrencyTest" name="selectCurrencyBeforeSearch" time="7.101"/>
  <testcase classname="Selenium.CroatiaDirect.CountryCurrencyTest" name="selectCurrencyBeforeSearch" time="6.948"/>
  <testcase classname="Selenium.CroatiaDirect.CountryCurrencyTest" name="selectCurrencyBeforeSearch" time="7.509"/>
  <testcase classname="Selenium.CroatiaDirect.CountryCurrencyTest" name="selectCurrencyBeforeSearch" time="7.101"/>
  <testcase classname="Selenium.CroatiaDirect.CountryCurrencyTest" name="selectCurrencyBeforeSearch" time="7.195"/>
  <testcase classname="Selenium.CroatiaDirect.CountryCurrencyTest" name="selectCurrencyBeforeSearch" time="7.191"/>
  <testcase classname="Selenium.CroatiaDirect.CountryCurrencyTest" name="selectCurrencyBeforeSearch" time="7.149"/>
  <testcase classname="Selenium.CroatiaDirect.CountryCurrencyTest" name="selectCurrencyBeforeSearch" time="7.331"/>
  <testcase classname="Selenium.CroatiaDirect.CountryCurrencyTest" name="selectCurrencyBeforeSearch" time="7.47"/>
  <testcase classname="Selenium.CroatiaDirect.PropertyInquiriesTest" name="sendInquiryUsingForm" time="15.68"/>
  <testcase classname="Selenium.CroatiaDirect.PropertyInquiriesTest" name="sendInquiryUsingUnitInquiryButton" time="16.214"/>
  <testcase classname="Selenium.CroatiaDirect.PropertyInquiriesTest" name="sendInquiryWithoutArrivalDate" time="12.96"/>
  <testcase classname="Selenium.CroatiaDirect.PropertyInquiriesTest" name="sendInquiryWithoutDepartureDate" time="21.828">
    <failure type="org.openqa.selenium.NoSuchElementException" message="Unable to locate element: (//th[@class=&amp;apos;month&amp;apos;])[1]
For documentation on this error, please visit: https://selenium.dev/exceptions/#no_such_element
Build info: version: &amp;apos;4.5.3&amp;apos;, revision: &amp;apos;4b786a1e430&amp;apos;
System info: os.name: &amp;apos;Windows 10&amp;apos;, os.arch: &amp;apos;amd64&amp;apos;, os.version: &amp;apos;10.0&amp;apos;, java.version: &amp;apos;11.0.13&amp;apos;
Driver info: org.openqa.selenium.firefox.FirefoxDriver
Command: [5eb57804-ee83-4b29-8332-5e481e6d4cdf, findElement {using=xpath, value=(//th[@class=&amp;apos;month&amp;apos;])[1]}]
Capabilities {acceptInsecureCerts: true, browserName: firefox, browserVersion: 107.0, moz:accessibilityChecks: false, moz:buildID: 20221110173214, moz:debuggerAddress: 127.0.0.1:43643, moz:geckodriverVersion: 0.32.0, moz:headless: false, moz:platformVersion: 10.0, moz:processID: 40120, moz:profile: C:\Users\adnan\AppData\Loca..., moz:shutdownTimeout: 60000, moz:useNonSpecCompliantPointerOrigin: false, moz:webdriverClick: true, moz:windowless: false, pageLoadStrategy: normal, platformName: WINDOWS, proxy: Proxy(), se:cdp: ws://127.0.0.1:43643/devtoo..., se:cdpVersion: 85.0, setWindowRect: true, strictFileInteractability: false, timeouts: {implicit: 0, pageLoad: 300000, script: 30000}, unhandledPromptBehavior: dismiss and notify}
Session ID: 5eb57804-ee83-4b29-8332-5e481e6d4cdf">
      <![CDATA[org.openqa.selenium.NoSuchElementException: Unable to locate element: (//th[@class='month'])[1]
For documentation on this error, please visit: https://selenium.dev/exceptions/#no_such_element
Build info: version: '4.5.3', revision: '4b786a1e430'
System info: os.name: 'Windows 10', os.arch: 'amd64', os.version: '10.0', java.version: '11.0.13'
Driver info: org.openqa.selenium.firefox.FirefoxDriver
Command: [5eb57804-ee83-4b29-8332-5e481e6d4cdf, findElement {using=xpath, value=(//th[@class='month'])[1]}]
Capabilities {acceptInsecureCerts: true, browserName: firefox, browserVersion: 107.0, moz:accessibilityChecks: false, moz:buildID: 20221110173214, moz:debuggerAddress: 127.0.0.1:43643, moz:geckodriverVersion: 0.32.0, moz:headless: false, moz:platformVersion: 10.0, moz:processID: 40120, moz:profile: C:\Users\adnan\AppData\Loca..., moz:shutdownTimeout: 60000, moz:useNonSpecCompliantPointerOrigin: false, moz:webdriverClick: true, moz:windowless: false, pageLoadStrategy: normal, platformName: WINDOWS, proxy: Proxy(), se:cdp: ws://127.0.0.1:43643/devtoo..., se:cdpVersion: 85.0, setWindowRect: true, strictFileInteractability: false, timeouts: {implicit: 0, pageLoad: 300000, script: 30000}, unhandledPromptBehavior: dismiss and notify}
Session ID: 5eb57804-ee83-4b29-8332-5e481e6d4cdf
at org.openqa.selenium.remote.codec.w3c.W3CHttpResponseCodec.createException(W3CHttpResponseCodec.java:200)
at org.openqa.selenium.remote.codec.w3c.W3CHttpResponseCodec.decode(W3CHttpResponseCodec.java:133)
at org.openqa.selenium.remote.codec.w3c.W3CHttpResponseCodec.decode(W3CHttpResponseCodec.java:53)
at org.openqa.selenium.remote.HttpCommandExecutor.execute(HttpCommandExecutor.java:184)
at org.openqa.selenium.remote.service.DriverCommandExecutor.invokeExecute(DriverCommandExecutor.java:167)
at org.openqa.selenium.remote.service.DriverCommandExecutor.execute(DriverCommandExecutor.java:142)
at org.openqa.selenium.remote.RemoteWebDriver.execute(RemoteWebDriver.java:541)
at org.openqa.selenium.remote.ElementLocation$ElementFinder$2.findElement(ElementLocation.java:162)
at org.openqa.selenium.remote.ElementLocation.findElement(ElementLocation.java:60)
at org.openqa.selenium.remote.RemoteWebDriver.findElement(RemoteWebDriver.java:365)
at org.openqa.selenium.remote.RemoteWebDriver.findElement(RemoteWebDriver.java:357)
at org.openqa.selenium.support.pagefactory.DefaultElementLocator.findElement(DefaultElementLocator.java:70)
at org.openqa.selenium.support.pagefactory.internal.LocatingElementHandler.invoke(LocatingElementHandler.java:39)
at com.sun.proxy.$Proxy13.getText(Unknown Source)
at pageobjects.PropertyPage.selectArrivalDate(PropertyPage.java:223)
at Selenium.CroatiaDirect.PropertyInquiriesTest.sendInquiryWithoutDepartureDate(PropertyInquiriesTest.java:181)
at java.base/java.util.ArrayList.forEach(ArrayList.java:1541)
... Removed 36 stack frames]]>
    </failure>
  </testcase> <!-- sendInquiryWithoutDepartureDate -->
  <testcase classname="Selenium.CroatiaDirect.PropertyInquiriesTest" name="sendInquiryWithoutEmail" time="22.038">
    <failure type="org.openqa.selenium.NoSuchElementException" message="Unable to locate element: (//th[@class=&amp;apos;month&amp;apos;])[1]
For documentation on this error, please visit: https://selenium.dev/exceptions/#no_such_element
Build info: version: &amp;apos;4.5.3&amp;apos;, revision: &amp;apos;4b786a1e430&amp;apos;
System info: os.name: &amp;apos;Windows 10&amp;apos;, os.arch: &amp;apos;amd64&amp;apos;, os.version: &amp;apos;10.0&amp;apos;, java.version: &amp;apos;11.0.13&amp;apos;
Driver info: org.openqa.selenium.firefox.FirefoxDriver
Command: [da74faa1-3285-4a37-9a54-3c1d9399e7e3, findElement {using=xpath, value=(//th[@class=&amp;apos;month&amp;apos;])[1]}]
Capabilities {acceptInsecureCerts: true, browserName: firefox, browserVersion: 107.0, moz:accessibilityChecks: false, moz:buildID: 20221110173214, moz:debuggerAddress: 127.0.0.1:46947, moz:geckodriverVersion: 0.32.0, moz:headless: false, moz:platformVersion: 10.0, moz:processID: 10028, moz:profile: C:\Users\adnan\AppData\Loca..., moz:shutdownTimeout: 60000, moz:useNonSpecCompliantPointerOrigin: false, moz:webdriverClick: true, moz:windowless: false, pageLoadStrategy: normal, platformName: WINDOWS, proxy: Proxy(), se:cdp: ws://127.0.0.1:46947/devtoo..., se:cdpVersion: 85.0, setWindowRect: true, strictFileInteractability: false, timeouts: {implicit: 0, pageLoad: 300000, script: 30000}, unhandledPromptBehavior: dismiss and notify}
Session ID: da74faa1-3285-4a37-9a54-3c1d9399e7e3">
      <![CDATA[org.openqa.selenium.NoSuchElementException: Unable to locate element: (//th[@class='month'])[1]
For documentation on this error, please visit: https://selenium.dev/exceptions/#no_such_element
Build info: version: '4.5.3', revision: '4b786a1e430'
System info: os.name: 'Windows 10', os.arch: 'amd64', os.version: '10.0', java.version: '11.0.13'
Driver info: org.openqa.selenium.firefox.FirefoxDriver
Command: [da74faa1-3285-4a37-9a54-3c1d9399e7e3, findElement {using=xpath, value=(//th[@class='month'])[1]}]
Capabilities {acceptInsecureCerts: true, browserName: firefox, browserVersion: 107.0, moz:accessibilityChecks: false, moz:buildID: 20221110173214, moz:debuggerAddress: 127.0.0.1:46947, moz:geckodriverVersion: 0.32.0, moz:headless: false, moz:platformVersion: 10.0, moz:processID: 10028, moz:profile: C:\Users\adnan\AppData\Loca..., moz:shutdownTimeout: 60000, moz:useNonSpecCompliantPointerOrigin: false, moz:webdriverClick: true, moz:windowless: false, pageLoadStrategy: normal, platformName: WINDOWS, proxy: Proxy(), se:cdp: ws://127.0.0.1:46947/devtoo..., se:cdpVersion: 85.0, setWindowRect: true, strictFileInteractability: false, timeouts: {implicit: 0, pageLoad: 300000, script: 30000}, unhandledPromptBehavior: dismiss and notify}
Session ID: da74faa1-3285-4a37-9a54-3c1d9399e7e3
at org.openqa.selenium.remote.codec.w3c.W3CHttpResponseCodec.createException(W3CHttpResponseCodec.java:200)
at org.openqa.selenium.remote.codec.w3c.W3CHttpResponseCodec.decode(W3CHttpResponseCodec.java:133)
at org.openqa.selenium.remote.codec.w3c.W3CHttpResponseCodec.decode(W3CHttpResponseCodec.java:53)
at org.openqa.selenium.remote.HttpCommandExecutor.execute(HttpCommandExecutor.java:184)
at org.openqa.selenium.remote.service.DriverCommandExecutor.invokeExecute(DriverCommandExecutor.java:167)
at org.openqa.selenium.remote.service.DriverCommandExecutor.execute(DriverCommandExecutor.java:142)
at org.openqa.selenium.remote.RemoteWebDriver.execute(RemoteWebDriver.java:541)
at org.openqa.selenium.remote.ElementLocation$ElementFinder$2.findElement(ElementLocation.java:162)
at org.openqa.selenium.remote.ElementLocation.findElement(ElementLocation.java:60)
at org.openqa.selenium.remote.RemoteWebDriver.findElement(RemoteWebDriver.java:365)
at org.openqa.selenium.remote.RemoteWebDriver.findElement(RemoteWebDriver.java:357)
at org.openqa.selenium.support.pagefactory.DefaultElementLocator.findElement(DefaultElementLocator.java:70)
at org.openqa.selenium.support.pagefactory.internal.LocatingElementHandler.invoke(LocatingElementHandler.java:39)
at com.sun.proxy.$Proxy13.getText(Unknown Source)
at pageobjects.PropertyPage.selectArrivalDate(PropertyPage.java:223)
at Selenium.CroatiaDirect.PropertyInquiriesTest.sendInquiryWithoutEmail(PropertyInquiriesTest.java:107)
at java.base/java.util.ArrayList.forEach(ArrayList.java:1541)
... Removed 36 stack frames]]>
    </failure>
  </testcase> <!-- sendInquiryWithoutEmail -->
  <testcase classname="Selenium.CroatiaDirect.PropertyInquiriesTest" name="sendInquiryWithoutFirstName" time="21.505">
    <failure type="org.openqa.selenium.NoSuchElementException" message="Unable to locate element: (//th[@class=&amp;apos;month&amp;apos;])[1]
For documentation on this error, please visit: https://selenium.dev/exceptions/#no_such_element
Build info: version: &amp;apos;4.5.3&amp;apos;, revision: &amp;apos;4b786a1e430&amp;apos;
System info: os.name: &amp;apos;Windows 10&amp;apos;, os.arch: &amp;apos;amd64&amp;apos;, os.version: &amp;apos;10.0&amp;apos;, java.version: &amp;apos;11.0.13&amp;apos;
Driver info: org.openqa.selenium.firefox.FirefoxDriver
Command: [60f6eebd-9e6e-4386-ae30-36aefad420f3, findElement {using=xpath, value=(//th[@class=&amp;apos;month&amp;apos;])[1]}]
Capabilities {acceptInsecureCerts: true, browserName: firefox, browserVersion: 107.0, moz:accessibilityChecks: false, moz:buildID: 20221110173214, moz:debuggerAddress: 127.0.0.1:1912, moz:geckodriverVersion: 0.32.0, moz:headless: false, moz:platformVersion: 10.0, moz:processID: 41336, moz:profile: C:\Users\adnan\AppData\Loca..., moz:shutdownTimeout: 60000, moz:useNonSpecCompliantPointerOrigin: false, moz:webdriverClick: true, moz:windowless: false, pageLoadStrategy: normal, platformName: WINDOWS, proxy: Proxy(), se:cdp: ws://127.0.0.1:1912/devtool..., se:cdpVersion: 85.0, setWindowRect: true, strictFileInteractability: false, timeouts: {implicit: 0, pageLoad: 300000, script: 30000}, unhandledPromptBehavior: dismiss and notify}
Session ID: 60f6eebd-9e6e-4386-ae30-36aefad420f3">
      <![CDATA[org.openqa.selenium.NoSuchElementException: Unable to locate element: (//th[@class='month'])[1]
For documentation on this error, please visit: https://selenium.dev/exceptions/#no_such_element
Build info: version: '4.5.3', revision: '4b786a1e430'
System info: os.name: 'Windows 10', os.arch: 'amd64', os.version: '10.0', java.version: '11.0.13'
Driver info: org.openqa.selenium.firefox.FirefoxDriver
Command: [60f6eebd-9e6e-4386-ae30-36aefad420f3, findElement {using=xpath, value=(//th[@class='month'])[1]}]
Capabilities {acceptInsecureCerts: true, browserName: firefox, browserVersion: 107.0, moz:accessibilityChecks: false, moz:buildID: 20221110173214, moz:debuggerAddress: 127.0.0.1:1912, moz:geckodriverVersion: 0.32.0, moz:headless: false, moz:platformVersion: 10.0, moz:processID: 41336, moz:profile: C:\Users\adnan\AppData\Loca..., moz:shutdownTimeout: 60000, moz:useNonSpecCompliantPointerOrigin: false, moz:webdriverClick: true, moz:windowless: false, pageLoadStrategy: normal, platformName: WINDOWS, proxy: Proxy(), se:cdp: ws://127.0.0.1:1912/devtool..., se:cdpVersion: 85.0, setWindowRect: true, strictFileInteractability: false, timeouts: {implicit: 0, pageLoad: 300000, script: 30000}, unhandledPromptBehavior: dismiss and notify}
Session ID: 60f6eebd-9e6e-4386-ae30-36aefad420f3
at org.openqa.selenium.remote.codec.w3c.W3CHttpResponseCodec.createException(W3CHttpResponseCodec.java:200)
at org.openqa.selenium.remote.codec.w3c.W3CHttpResponseCodec.decode(W3CHttpResponseCodec.java:133)
at org.openqa.selenium.remote.codec.w3c.W3CHttpResponseCodec.decode(W3CHttpResponseCodec.java:53)
at org.openqa.selenium.remote.HttpCommandExecutor.execute(HttpCommandExecutor.java:184)
at org.openqa.selenium.remote.service.DriverCommandExecutor.invokeExecute(DriverCommandExecutor.java:167)
at org.openqa.selenium.remote.service.DriverCommandExecutor.execute(DriverCommandExecutor.java:142)
at org.openqa.selenium.remote.RemoteWebDriver.execute(RemoteWebDriver.java:541)
at org.openqa.selenium.remote.ElementLocation$ElementFinder$2.findElement(ElementLocation.java:162)
at org.openqa.selenium.remote.ElementLocation.findElement(ElementLocation.java:60)
at org.openqa.selenium.remote.RemoteWebDriver.findElement(RemoteWebDriver.java:365)
at org.openqa.selenium.remote.RemoteWebDriver.findElement(RemoteWebDriver.java:357)
at org.openqa.selenium.support.pagefactory.DefaultElementLocator.findElement(DefaultElementLocator.java:70)
at org.openqa.selenium.support.pagefactory.internal.LocatingElementHandler.invoke(LocatingElementHandler.java:39)
at com.sun.proxy.$Proxy13.getText(Unknown Source)
at pageobjects.PropertyPage.selectArrivalDate(PropertyPage.java:223)
at Selenium.CroatiaDirect.PropertyInquiriesTest.sendInquiryWithoutFirstName(PropertyInquiriesTest.java:55)
at java.base/java.util.ArrayList.forEach(ArrayList.java:1541)
... Removed 36 stack frames]]>
    </failure>
  </testcase> <!-- sendInquiryWithoutFirstName -->
  <testcase classname="Selenium.CroatiaDirect.PropertyInquiriesTest" name="sendInquiryWithoutInquiryTextFieldEntry" time="17.642"/>
  <testcase classname="Selenium.CroatiaDirect.PropertyInquiriesTest" name="sendInquiryWithoutLastName" time="17.031"/>
  <testcase classname="Selenium.CroatiaDirect.PropertyInquiriesTest" name="sendInquiryWithoutNumberOfAdults" time="16.916"/>
  <testcase classname="Selenium.CroatiaDirect.PropertyInquiriesTest" name="sendInquiryWithoutSelectingUnit" time="11.535"/>
  <testcase classname="Selenium.CroatiaDirect.SortingSearchResultsTest" name="checkResultsAreSorted" time="7.562"/>
  <testcase classname="Selenium.CroatiaDirect.SortingSearchResultsTest" name="checkResultsAreSorted" time="7.638"/>
  <testcase classname="Selenium.CroatiaDirect.SortingSearchResultsTest" name="checkResultsAreSorted" time="8.033"/>
  <testcase classname="Selenium.CroatiaDirect.SortingSearchResultsTest" name="checkResultsAreSorted" time="7.437"/>
  <testcase classname="Selenium.CroatiaDirect.SortingSearchResultsTest" name="checkResultsAreSorted" time="9.512"/>
  <testcase classname="Selenium.CroatiaDirect.SortingSearchResultsTest" name="checkResultsAreSorted" time="9.452"/>
  <testcase classname="Selenium.CroatiaDirect.SortingSearchResultsTest" name="checkResultsAreSorted" time="10.053"/>
  <testcase classname="Selenium.CroatiaDirect.SortingSearchResultsTest" name="checkResultsAreSorted" time="9.215"/>
  <testcase classname="Selenium.CroatiaDirect.WishlistTest" name="addPropertyToWishList" time="8.927"/>
  <testcase classname="Selenium.CroatiaDirect.WishlistTest" name="removeAllPropertiesFromWishList" time="15.521">
    <failure type="java.lang.AssertionError" message="expected [true] but found [false]">
      <![CDATA[java.lang.AssertionError: expected [true] but found [false]
at Selenium.CroatiaDirect.WishlistTest.removeAllPropertiesFromWishList(WishlistTest.java:75)
at java.base/java.util.ArrayList.forEach(ArrayList.java:1541)
... Removed 36 stack frames]]>
    </failure>
  </testcase> <!-- removeAllPropertiesFromWishList -->
  <testcase classname="Selenium.CroatiaDirect.WishlistTest" name="removePropertyFromWishList" time="18.59"/>
  <testcase classname="Selenium.CroatiaDirect.WishlistTest" name="removePropertyFromWishListUsingProfilePage" time="10.815">
    <failure type="java.lang.AssertionError" message="expected [false] but found [true]">
      <![CDATA[java.lang.AssertionError: expected [false] but found [true]
at Selenium.CroatiaDirect.WishlistTest.removePropertyFromWishListUsingProfilePage(WishlistTest.java:35)
at java.base/java.util.ArrayList.forEach(ArrayList.java:1541)
... Removed 36 stack frames]]>
    </failure>
  </testcase> <!-- removePropertyFromWishListUsingProfilePage -->
</testsuite> <!-- Surefire test -->
