<?xml version="1.0" encoding="UTF-8"?>
<testng-results ignored="0" total="4" passed="3" failed="1" skipped="0">
  <reporter-output>
  </reporter-output>
  <suite started-at="2022-12-17T17:44:28 CET" name="Default suite" finished-at="2022-12-17T17:46:02 CET" duration-ms="94591">
    <groups>
    </groups>
    <test started-at="2022-12-17T17:44:28 CET" name="Default test" finished-at="2022-12-17T17:46:02 CET" duration-ms="94591">
      <class name="Selenium.CroatiaDirect.WishlistTest">
        <test-method is-config="true" signature="launchApplication()[pri:0, instance:Selenium.CroatiaDirect.WishlistTest@2e3967ea]" started-at="2022-12-17T17:44:28 CET" name="launchApplication" finished-at="2022-12-17T17:44:34 CET" duration-ms="6656" status="PASS">
          <reporter-output>
          </reporter-output>
        </test-method> <!-- launchApplication -->
        <test-method signature="addPropertyToWishList()[pri:0, instance:Selenium.CroatiaDirect.WishlistTest@2e3967ea]" started-at="2022-12-17T17:44:34 CET" name="addPropertyToWishList" finished-at="2022-12-17T17:44:50 CET" duration-ms="15444" status="PASS">
          <reporter-output>
          </reporter-output>
        </test-method> <!-- addPropertyToWishList -->
        <test-method is-config="true" signature="tearDown()[pri:0, instance:Selenium.CroatiaDirect.WishlistTest@2e3967ea]" started-at="2022-12-17T17:44:50 CET" name="tearDown" finished-at="2022-12-17T17:44:50 CET" duration-ms="397" status="PASS">
          <reporter-output>
          </reporter-output>
        </test-method> <!-- tearDown -->
        <test-method is-config="true" signature="launchApplication()[pri:0, instance:Selenium.CroatiaDirect.WishlistTest@2e3967ea]" started-at="2022-12-17T17:44:50 CET" name="launchApplication" finished-at="2022-12-17T17:44:55 CET" duration-ms="4769" status="PASS">
          <reporter-output>
          </reporter-output>
        </test-method> <!-- launchApplication -->
        <test-method signature="removeAllPropertiesFromWishList()[pri:0, instance:Selenium.CroatiaDirect.WishlistTest@2e3967ea]" started-at="2022-12-17T17:44:55 CET" name="removeAllPropertiesFromWishList" finished-at="2022-12-17T17:45:13 CET" duration-ms="17634" status="PASS">
          <reporter-output>
          </reporter-output>
        </test-method> <!-- removeAllPropertiesFromWishList -->
        <test-method is-config="true" signature="tearDown()[pri:0, instance:Selenium.CroatiaDirect.WishlistTest@2e3967ea]" started-at="2022-12-17T17:45:13 CET" name="tearDown" finished-at="2022-12-17T17:45:13 CET" duration-ms="469" status="PASS">
          <reporter-output>
          </reporter-output>
        </test-method> <!-- tearDown -->
        <test-method is-config="true" signature="launchApplication()[pri:0, instance:Selenium.CroatiaDirect.WishlistTest@2e3967ea]" started-at="2022-12-17T17:45:13 CET" name="launchApplication" finished-at="2022-12-17T17:45:17 CET" duration-ms="4430" status="PASS">
          <reporter-output>
          </reporter-output>
        </test-method> <!-- launchApplication -->
        <test-method signature="removePropertyFromWishList()[pri:0, instance:Selenium.CroatiaDirect.WishlistTest@2e3967ea]" started-at="2022-12-17T17:45:17 CET" name="removePropertyFromWishList" finished-at="2022-12-17T17:45:39 CET" duration-ms="21019" status="PASS">
          <reporter-output>
          </reporter-output>
        </test-method> <!-- removePropertyFromWishList -->
        <test-method is-config="true" signature="tearDown()[pri:0, instance:Selenium.CroatiaDirect.WishlistTest@2e3967ea]" started-at="2022-12-17T17:45:39 CET" name="tearDown" finished-at="2022-12-17T17:45:39 CET" duration-ms="507" status="PASS">
          <reporter-output>
          </reporter-output>
        </test-method> <!-- tearDown -->
        <test-method is-config="true" signature="launchApplication()[pri:0, instance:Selenium.CroatiaDirect.WishlistTest@2e3967ea]" started-at="2022-12-17T17:45:39 CET" name="launchApplication" finished-at="2022-12-17T17:45:45 CET" duration-ms="6045" status="PASS">
          <reporter-output>
          </reporter-output>
        </test-method> <!-- launchApplication -->
        <test-method signature="removePropertyFromWishListUsingProfilePage()[pri:0, instance:Selenium.CroatiaDirect.WishlistTest@2e3967ea]" started-at="2022-12-17T17:45:45 CET" name="removePropertyFromWishListUsingProfilePage" finished-at="2022-12-17T17:46:02 CET" duration-ms="16758" status="FAIL">
          <exception class="java.lang.AssertionError">
            <message>
              <![CDATA[expected [false] but found [true]]]>
            </message>
            <full-stacktrace>
              <![CDATA[java.lang.AssertionError: expected [false] but found [true]
at org.testng.Assert.fail(Assert.java:110)
at org.testng.Assert.failNotEquals(Assert.java:1413)
at org.testng.Assert.assertFalse(Assert.java:78)
at org.testng.Assert.assertFalse(Assert.java:88)
at Selenium.CroatiaDirect.WishlistTest.removePropertyFromWishListUsingProfilePage(WishlistTest.java:35)
at java.base/jdk.internal.reflect.NativeMethodAccessorImpl.invoke0(Native Method)
at java.base/jdk.internal.reflect.NativeMethodAccessorImpl.invoke(NativeMethodAccessorImpl.java:77)
at java.base/jdk.internal.reflect.DelegatingMethodAccessorImpl.invoke(DelegatingMethodAccessorImpl.java:43)
at java.base/java.lang.reflect.Method.invoke(Method.java:568)
at org.testng.internal.invokers.MethodInvocationHelper.invokeMethod(MethodInvocationHelper.java:139)
at org.testng.internal.invokers.TestInvoker.invokeMethod(TestInvoker.java:677)
at org.testng.internal.invokers.TestInvoker.invokeTestMethod(TestInvoker.java:221)
at org.testng.internal.invokers.MethodRunner.runInSequence(MethodRunner.java:50)
at org.testng.internal.invokers.TestInvoker$MethodInvocationAgent.invoke(TestInvoker.java:962)
at org.testng.internal.invokers.TestInvoker.invokeTestMethods(TestInvoker.java:194)
at org.testng.internal.invokers.TestMethodWorker.invokeTestMethods(TestMethodWorker.java:148)
at org.testng.internal.invokers.TestMethodWorker.run(TestMethodWorker.java:128)
at java.base/java.util.ArrayList.forEach(ArrayList.java:1511)
at org.testng.TestRunner.privateRun(TestRunner.java:806)
at org.testng.TestRunner.run(TestRunner.java:601)
at org.testng.SuiteRunner.runTest(SuiteRunner.java:433)
at org.testng.SuiteRunner.runSequentially(SuiteRunner.java:427)
at org.testng.SuiteRunner.privateRun(SuiteRunner.java:387)
at org.testng.SuiteRunner.run(SuiteRunner.java:330)
at org.testng.SuiteRunnerWorker.runSuite(SuiteRunnerWorker.java:52)
at org.testng.SuiteRunnerWorker.run(SuiteRunnerWorker.java:95)
at org.testng.TestNG.runSuitesSequentially(TestNG.java:1256)
at org.testng.TestNG.runSuitesLocally(TestNG.java:1176)
at org.testng.TestNG.runSuites(TestNG.java:1099)
at org.testng.TestNG.run(TestNG.java:1067)
at org.testng.remote.AbstractRemoteTestNG.run(AbstractRemoteTestNG.java:115)
at org.testng.remote.RemoteTestNG.initAndRun(RemoteTestNG.java:251)
at org.testng.remote.RemoteTestNG.main(RemoteTestNG.java:77)
]]>
            </full-stacktrace>
          </exception> <!-- java.lang.AssertionError -->
          <reporter-output>
          </reporter-output>
        </test-method> <!-- removePropertyFromWishListUsingProfilePage -->
        <test-method is-config="true" signature="tearDown()[pri:0, instance:Selenium.CroatiaDirect.WishlistTest@2e3967ea]" started-at="2022-12-17T17:46:02 CET" name="tearDown" finished-at="2022-12-17T17:46:02 CET" duration-ms="374" status="PASS">
          <reporter-output>
          </reporter-output>
        </test-method> <!-- tearDown -->
      </class> <!-- Selenium.CroatiaDirect.WishlistTest -->
    </test> <!-- Default test -->
  </suite> <!-- Default suite -->
</testng-results>
