<?xml version="1.0" encoding="UTF-8"?>
<!-- Generated by org.testng.reporters.JUnitXMLReporter -->
<testsuite ignored="0" hostname="DESKTOP-V3TS40K" failures="4" tests="93" name="Test" time="1137.794" errors="0" timestamp="2022-12-17T11:07:32 CET">
  <testcase classname="Selenium.CroatiaDirect.SortingSearchResultsTest" name="checkResultsAreSorted" time="8.439"/>
  <testcase classname="Selenium.CroatiaDirect.SortingSearchResultsTest" name="checkResultsAreSorted" time="9.23"/>
  <testcase classname="Selenium.CroatiaDirect.WishlistTest" name="addPropertyToWishList" time="30.88">
    <skipped/>
  </testcase> <!-- addPropertyToWishList -->
  <testcase classname="Selenium.CroatiaDirect.CountryCurrencyTest" name="convertPricesToSelectedCurrency" time="37.568"/>
  <testcase classname="Selenium.CroatiaDirect.WishlistTest" name="addPropertyToWishList" time="18.951"/>
  <testcase classname="Selenium.CroatiaDirect.CountryCurrencyTest" name="convertPricesToSelectedCurrency" time="15.475"/>
  <testcase classname="Selenium.CroatiaDirect.SortingSearchResultsTest" name="checkResultsAreSorted" time="45.74"/>
  <testcase classname="Selenium.CroatiaDirect.SortingSearchResultsTest" name="checkResultsAreSorted" time="7.796"/>
  <testcase classname="Selenium.CroatiaDirect.WishlistTest" name="removeAllPropertiesFromWishList" time="43.476">
    <skipped/>
  </testcase> <!-- removeAllPropertiesFromWishList -->
  <testcase classname="Selenium.CroatiaDirect.CountryCurrencyTest" name="convertPricesToSelectedCurrency" time="32.639"/>
  <testcase classname="Selenium.CroatiaDirect.SortingSearchResultsTest" name="checkResultsAreSorted" time="11.277"/>
  <testcase classname="Selenium.CroatiaDirect.SortingSearchResultsTest" name="checkResultsAreSorted" time="11.488"/>
  <testcase classname="Selenium.CroatiaDirect.SortingSearchResultsTest" name="checkResultsAreSorted" time="10.596"/>
  <testcase classname="Selenium.CroatiaDirect.CountryCurrencyTest" name="convertPricesToSelectedCurrency" time="38.151"/>
  <testcase classname="Selenium.CroatiaDirect.WishlistTest" name="removeAllPropertiesFromWishList" time="56.5"/>
  <testcase classname="Selenium.CroatiaDirect.CountryCurrencyTest" name="convertPricesToSelectedCurrency" time="29.554"/>
  <testcase classname="Selenium.CroatiaDirect.SortingSearchResultsTest" name="checkResultsAreSorted" time="29.413"/>
  <testcase classname="Selenium.CroatiaDirect.WishlistTest" name="removePropertyFromWishList" time="23.877"/>
  <testcase classname="Selenium.CroatiaDirect.CountryCurrencyTest" name="convertPricesToSelectedCurrency" time="1.718">
    <skipped/>
  </testcase> <!-- convertPricesToSelectedCurrency -->
  <testcase classname="Selenium.CroatiaDirect.AccommodationSearchTest" name="checkNumberOfResultsFound" time="28.887"/>
  <testcase classname="Selenium.CroatiaDirect.CountryCurrencyTest" name="convertPricesToSelectedCurrency" time="13.902"/>
  <testcase classname="Selenium.CroatiaDirect.WishlistTest" name="removePropertyFromWishListUsingProfilePage" time="35.47">
    <failure type="java.lang.AssertionError" message="expected [true] but found [false]">
      <![CDATA[java.lang.AssertionError: expected [true] but found [false]
at Selenium.CroatiaDirect.WishlistTest.removePropertyFromWishListUsingProfilePage(WishlistTest.java:31)
at java.base/java.util.concurrent.ThreadPoolExecutor.runWorker(ThreadPoolExecutor.java:1136)
at java.base/java.util.concurrent.ThreadPoolExecutor$Worker.run(ThreadPoolExecutor.java:635)
at java.base/java.lang.Thread.run(Thread.java:833)
... Removed 16 stack frames]]>
    </failure>
  </testcase> <!-- removePropertyFromWishListUsingProfilePage -->
  <testcase classname="Selenium.CroatiaDirect.CountryCurrencyTest" name="convertPricesToSelectedCurrency" time="16.854"/>
  <testcase classname="Selenium.CroatiaDirect.PropertyInquiriesTest" name="sendInquiryUsingForm" time="30.583">
    <skipped/>
  </testcase> <!-- sendInquiryUsingForm -->
  <testcase classname="Selenium.CroatiaDirect.CountryCurrencyTest" name="convertPricesToSelectedCurrency" time="14.345"/>
  <testcase classname="Selenium.CroatiaDirect.AccommodationSearchTest" name="checkNumberOfResultsFound" time="42.972"/>
  <testcase classname="Selenium.CroatiaDirect.CountryCurrencyTest" name="convertPricesToSelectedCurrency" time="14.792"/>
  <testcase classname="Selenium.CroatiaDirect.CountryCurrencyTest" name="convertPricesToSelectedCurrency" time="14.231"/>
  <testcase classname="Selenium.CroatiaDirect.PropertyInquiriesTest" name="sendInquiryUsingForm" time="31.954">
    <skipped/>
  </testcase> <!-- sendInquiryUsingForm -->
  <testcase classname="Selenium.CroatiaDirect.AccommodationSearchTest" name="checkNumberOfResultsFound" time="32.794"/>
  <testcase classname="Selenium.CroatiaDirect.CountryCurrencyTest" name="convertPricesToSelectedCurrency" time="0.459">
    <skipped/>
  </testcase> <!-- convertPricesToSelectedCurrency -->
  <testcase classname="Selenium.CroatiaDirect.CountryCurrencyTest" name="convertPricesToSelectedCurrency" time="13.837"/>
  <testcase classname="Selenium.CroatiaDirect.CountryCurrencyTest" name="convertPricesToSelectedCurrency" time="14.12"/>
  <testcase classname="Selenium.CroatiaDirect.AccommodationSearchTest" name="clickingDepartureDateBeforeArrival" time="25.797">
    <failure type="org.openqa.selenium.ElementClickInterceptedException" message="Element &amp;lt;li id=&amp;quot;c61&amp;quot;&amp;gt; is not clickable at point (543,715) because another element &amp;lt;p&amp;gt; obscures it
Build info: version: &amp;apos;4.5.3&amp;apos;, revision: &amp;apos;4b786a1e430&amp;apos;
System info: os.name: &amp;apos;Windows 11&amp;apos;, os.arch: &amp;apos;amd64&amp;apos;, os.version: &amp;apos;10.0&amp;apos;, java.version: &amp;apos;17.0.2&amp;apos;
Driver info: org.openqa.selenium.firefox.FirefoxDriver
Command: [1c702ec9-72f4-4133-99da-63787c07b6f1, clickElement {id=250b8fc5-daf1-4b11-9b6e-627dcd09bfaf}]
Capabilities {acceptInsecureCerts: true, browserName: firefox, browserVersion: 108.0, moz:accessibilityChecks: false, moz:buildID: 20221208122842, moz:debuggerAddress: 127.0.0.1:42105, moz:geckodriverVersion: 0.32.0, moz:headless: false, moz:platformVersion: 10.0, moz:processID: 21620, moz:profile: C:\Users\adnan\AppData\Loca..., moz:shutdownTimeout: 60000, moz:useNonSpecCompliantPointerOrigin: false, moz:webdriverClick: true, moz:windowless: false, pageLoadStrategy: normal, platformName: WINDOWS, proxy: Proxy(), se:cdp: ws://127.0.0.1:42105/devtoo..., se:cdpVersion: 85.0, setWindowRect: true, strictFileInteractability: false, timeouts: {implicit: 0, pageLoad: 300000, script: 30000}, unhandledPromptBehavior: dismiss and notify}
Element: [[FirefoxDriver: firefox on WINDOWS (1c702ec9-72f4-4133-99da-63787c07b6f1)] -&amp;gt; css selector: #city_list_cont li]
Session ID: 1c702ec9-72f4-4133-99da-63787c07b6f1">
      <![CDATA[org.openqa.selenium.ElementClickInterceptedException: Element <li id="c61"> is not clickable at point (543,715) because another element <p> obscures it
Build info: version: '4.5.3', revision: '4b786a1e430'
System info: os.name: 'Windows 11', os.arch: 'amd64', os.version: '10.0', java.version: '17.0.2'
Driver info: org.openqa.selenium.firefox.FirefoxDriver
Command: [1c702ec9-72f4-4133-99da-63787c07b6f1, clickElement {id=250b8fc5-daf1-4b11-9b6e-627dcd09bfaf}]
Capabilities {acceptInsecureCerts: true, browserName: firefox, browserVersion: 108.0, moz:accessibilityChecks: false, moz:buildID: 20221208122842, moz:debuggerAddress: 127.0.0.1:42105, moz:geckodriverVersion: 0.32.0, moz:headless: false, moz:platformVersion: 10.0, moz:processID: 21620, moz:profile: C:\Users\adnan\AppData\Loca..., moz:shutdownTimeout: 60000, moz:useNonSpecCompliantPointerOrigin: false, moz:webdriverClick: true, moz:windowless: false, pageLoadStrategy: normal, platformName: WINDOWS, proxy: Proxy(), se:cdp: ws://127.0.0.1:42105/devtoo..., se:cdpVersion: 85.0, setWindowRect: true, strictFileInteractability: false, timeouts: {implicit: 0, pageLoad: 300000, script: 30000}, unhandledPromptBehavior: dismiss and notify}
Element: [[FirefoxDriver: firefox on WINDOWS (1c702ec9-72f4-4133-99da-63787c07b6f1)] -> css selector: #city_list_cont li]
Session ID: 1c702ec9-72f4-4133-99da-63787c07b6f1
at org.openqa.selenium.remote.codec.w3c.W3CHttpResponseCodec.createException(W3CHttpResponseCodec.java:200)
at org.openqa.selenium.remote.codec.w3c.W3CHttpResponseCodec.decode(W3CHttpResponseCodec.java:133)
at org.openqa.selenium.remote.codec.w3c.W3CHttpResponseCodec.decode(W3CHttpResponseCodec.java:53)
at org.openqa.selenium.remote.HttpCommandExecutor.execute(HttpCommandExecutor.java:184)
at org.openqa.selenium.remote.service.DriverCommandExecutor.invokeExecute(DriverCommandExecutor.java:167)
at org.openqa.selenium.remote.service.DriverCommandExecutor.execute(DriverCommandExecutor.java:142)
at org.openqa.selenium.remote.RemoteWebDriver.execute(RemoteWebDriver.java:541)
at org.openqa.selenium.remote.RemoteWebElement.execute(RemoteWebElement.java:257)
at org.openqa.selenium.remote.RemoteWebElement.click(RemoteWebElement.java:78)
at abstractcomponents.AbstractComponents.selectRegionAndCity(AbstractComponents.java:170)
at Selenium.CroatiaDirect.AccommodationSearchTest.clickingDepartureDateBeforeArrival(AccommodationSearchTest.java:123)
at java.base/java.util.concurrent.ThreadPoolExecutor.runWorker(ThreadPoolExecutor.java:1136)
at java.base/java.util.concurrent.ThreadPoolExecutor$Worker.run(ThreadPoolExecutor.java:635)
at java.base/java.lang.Thread.run(Thread.java:833)
... Removed 17 stack frames]]>
    </failure>
  </testcase> <!-- clickingDepartureDateBeforeArrival -->
  <testcase classname="Selenium.CroatiaDirect.PropertyInquiriesTest" name="sendInquiryUsingForm" time="38.009"/>
  <testcase classname="Selenium.CroatiaDirect.AccommodationSearchTest" name="noMatchingAccomodationMessageDisplayed" time="11.166"/>
  <testcase classname="Selenium.CroatiaDirect.PropertyInquiriesTest" name="sendInquiryUsingUnitInquiryButton" time="14.586">
    <skipped/>
  </testcase> <!-- sendInquiryUsingUnitInquiryButton -->
  <testcase classname="Selenium.CroatiaDirect.AccommodationSearchTest" name="pastDatesDisabled" time="1.309"/>
  <testcase classname="Selenium.CroatiaDirect.AccommodationSearchTest" name="searchFromCityInputField" time="6.38"/>
  <testcase classname="Selenium.CroatiaDirect.CountryCurrencyTest" name="convertPricesToSelectedCurrency" time="51.623"/>
  <testcase classname="Selenium.CroatiaDirect.CountryCurrencyTest" name="selectCountryOnLandingPageAndVerifyCurrency" time="2.689"/>
  <testcase classname="Selenium.CroatiaDirect.AccommodationSearchTest" name="searchFromCityInputField" time="11.504"/>
  <testcase classname="Selenium.CroatiaDirect.PropertyInquiriesTest" name="sendInquiryUsingUnitInquiryButton" time="35.952">
    <skipped/>
  </testcase> <!-- sendInquiryUsingUnitInquiryButton -->
  <testcase classname="Selenium.CroatiaDirect.CountryCurrencyTest" name="selectCountryOnLandingPageAndVerifyCurrency" time="2.723"/>
  <testcase classname="Selenium.CroatiaDirect.CountryCurrencyTest" name="selectCountryOnLandingPageAndVerifyCurrency" time="2.772"/>
  <testcase classname="Selenium.CroatiaDirect.CountryCurrencyTest" name="selectCountryOnLandingPageAndVerifyCurrency" time="2.85"/>
  <testcase classname="Selenium.CroatiaDirect.PropertyInquiriesTest" name="sendInquiryUsingUnitInquiryButton" time="25.424">
    <failure type="org.openqa.selenium.ElementClickInterceptedException" message="Element &amp;lt;input id=&amp;quot;arrival&amp;quot; class=&amp;quot;form-control datepick&amp;quot; name=&amp;quot;arrival&amp;quot; type=&amp;quot;text&amp;quot;&amp;gt; is not clickable at point (1135,713) because another element &amp;lt;div class=&amp;quot;clearfix&amp;quot;&amp;gt; obscures it
Build info: version: &amp;apos;4.5.3&amp;apos;, revision: &amp;apos;4b786a1e430&amp;apos;
System info: os.name: &amp;apos;Windows 11&amp;apos;, os.arch: &amp;apos;amd64&amp;apos;, os.version: &amp;apos;10.0&amp;apos;, java.version: &amp;apos;17.0.2&amp;apos;
Driver info: org.openqa.selenium.firefox.FirefoxDriver
Command: [a63a90d9-34c2-48f6-9c3e-84e79d313201, clickElement {id=2457e681-ec67-4392-9fb2-2575c1892713}]
Capabilities {acceptInsecureCerts: true, browserName: firefox, browserVersion: 108.0, moz:accessibilityChecks: false, moz:buildID: 20221208122842, moz:debuggerAddress: 127.0.0.1:40014, moz:geckodriverVersion: 0.32.0, moz:headless: false, moz:platformVersion: 10.0, moz:processID: 17240, moz:profile: C:\Users\adnan\AppData\Loca..., moz:shutdownTimeout: 60000, moz:useNonSpecCompliantPointerOrigin: false, moz:webdriverClick: true, moz:windowless: false, pageLoadStrategy: normal, platformName: WINDOWS, proxy: Proxy(), se:cdp: ws://127.0.0.1:40014/devtoo..., se:cdpVersion: 85.0, setWindowRect: true, strictFileInteractability: false, timeouts: {implicit: 0, pageLoad: 300000, script: 30000}, unhandledPromptBehavior: dismiss and notify}
Element: [[FirefoxDriver: firefox on WINDOWS (a63a90d9-34c2-48f6-9c3e-84e79d313201)] -&amp;gt; id: arrival]
Session ID: a63a90d9-34c2-48f6-9c3e-84e79d313201">
      <![CDATA[org.openqa.selenium.ElementClickInterceptedException: Element <input id="arrival" class="form-control datepick" name="arrival" type="text"> is not clickable at point (1135,713) because another element <div class="clearfix"> obscures it
Build info: version: '4.5.3', revision: '4b786a1e430'
System info: os.name: 'Windows 11', os.arch: 'amd64', os.version: '10.0', java.version: '17.0.2'
Driver info: org.openqa.selenium.firefox.FirefoxDriver
Command: [a63a90d9-34c2-48f6-9c3e-84e79d313201, clickElement {id=2457e681-ec67-4392-9fb2-2575c1892713}]
Capabilities {acceptInsecureCerts: true, browserName: firefox, browserVersion: 108.0, moz:accessibilityChecks: false, moz:buildID: 20221208122842, moz:debuggerAddress: 127.0.0.1:40014, moz:geckodriverVersion: 0.32.0, moz:headless: false, moz:platformVersion: 10.0, moz:processID: 17240, moz:profile: C:\Users\adnan\AppData\Loca..., moz:shutdownTimeout: 60000, moz:useNonSpecCompliantPointerOrigin: false, moz:webdriverClick: true, moz:windowless: false, pageLoadStrategy: normal, platformName: WINDOWS, proxy: Proxy(), se:cdp: ws://127.0.0.1:40014/devtoo..., se:cdpVersion: 85.0, setWindowRect: true, strictFileInteractability: false, timeouts: {implicit: 0, pageLoad: 300000, script: 30000}, unhandledPromptBehavior: dismiss and notify}
Element: [[FirefoxDriver: firefox on WINDOWS (a63a90d9-34c2-48f6-9c3e-84e79d313201)] -> id: arrival]
Session ID: a63a90d9-34c2-48f6-9c3e-84e79d313201
at org.openqa.selenium.remote.codec.w3c.W3CHttpResponseCodec.createException(W3CHttpResponseCodec.java:200)
at org.openqa.selenium.remote.codec.w3c.W3CHttpResponseCodec.decode(W3CHttpResponseCodec.java:133)
at org.openqa.selenium.remote.codec.w3c.W3CHttpResponseCodec.decode(W3CHttpResponseCodec.java:53)
at org.openqa.selenium.remote.HttpCommandExecutor.execute(HttpCommandExecutor.java:184)
at org.openqa.selenium.remote.service.DriverCommandExecutor.invokeExecute(DriverCommandExecutor.java:167)
at org.openqa.selenium.remote.service.DriverCommandExecutor.execute(DriverCommandExecutor.java:142)
at org.openqa.selenium.remote.RemoteWebDriver.execute(RemoteWebDriver.java:541)
at org.openqa.selenium.remote.RemoteWebElement.execute(RemoteWebElement.java:257)
at org.openqa.selenium.remote.RemoteWebElement.click(RemoteWebElement.java:78)
at org.openqa.selenium.support.pagefactory.internal.LocatingElementHandler.invoke(LocatingElementHandler.java:52)
at jdk.proxy2/jdk.proxy2.$Proxy19.click(Unknown Source)
at pageobjects.PropertyPage.openArrivalCalendar(PropertyPage.java:226)
at pageobjects.PropertyPage.selectArrivalDate(PropertyPage.java:231)
at Selenium.CroatiaDirect.PropertyInquiriesTest.sendInquiryUsingUnitInquiryButton(PropertyInquiriesTest.java:30)
at java.base/java.util.concurrent.ThreadPoolExecutor.runWorker(ThreadPoolExecutor.java:1136)
at java.base/java.util.concurrent.ThreadPoolExecutor$Worker.run(ThreadPoolExecutor.java:635)
at java.base/java.lang.Thread.run(Thread.java:833)
... Removed 20 stack frames]]>
    </failure>
  </testcase> <!-- sendInquiryUsingUnitInquiryButton -->
  <testcase classname="Selenium.CroatiaDirect.AccommodationSearchTest" name="searchFromCityInputField" time="35.317"/>
  <testcase classname="Selenium.CroatiaDirect.CountryCurrencyTest" name="selectCountryOnLandingPageAndVerifyCurrency" time="2.837"/>
  <testcase classname="Selenium.CroatiaDirect.CountryCurrencyTest" name="selectCountryOnLandingPageAndVerifyCurrency" time="2.816"/>
  <testcase classname="Selenium.CroatiaDirect.CountryCurrencyTest" name="selectCountryOnLandingPageAndVerifyCurrency" time="2.922"/>
  <testcase classname="Selenium.CroatiaDirect.AccommodationSearchTest" name="searchFromDestinationDropdown" time="16.358"/>
  <testcase classname="Selenium.CroatiaDirect.CountryCurrencyTest" name="selectCountryOnLandingPageAndVerifyCurrency" time="2.937"/>
  <testcase classname="Selenium.CroatiaDirect.PropertyInquiriesTest" name="sendInquiryWithoutArrivalDate" time="41.011">
    <skipped/>
  </testcase> <!-- sendInquiryWithoutArrivalDate -->
  <testcase classname="Selenium.CroatiaDirect.CountryCurrencyTest" name="selectCountryOnLandingPageAndVerifyCurrency" time="4.798"/>
  <testcase classname="Selenium.CroatiaDirect.CountryCurrencyTest" name="selectCountryOnLandingPageAndVerifyCurrency" time="2.905"/>
  <testcase classname="Selenium.CroatiaDirect.AccommodationSearchTest" name="searchFromDestinationDropdown" time="32.641"/>
  <testcase classname="Selenium.CroatiaDirect.PropertyInquiriesTest" name="sendInquiryWithoutArrivalDate" time="23.928"/>
  <testcase classname="Selenium.CroatiaDirect.CountryCurrencyTest" name="selectCountryOnLandingPageAndVerifyCurrency" time="2.948"/>
  <testcase classname="Selenium.CroatiaDirect.CountryCurrencyTest" name="selectCountryOnLandingPageAndVerifyCurrency" time="6.091"/>
  <testcase classname="Selenium.CroatiaDirect.AccommodationSearchTest" name="searchFromDestinationDropdown" time="27.393"/>
  <testcase classname="Selenium.CroatiaDirect.PropertyInquiriesTest" name="sendInquiryWithoutDepartureDate" time="22.213"/>
  <testcase classname="Selenium.CroatiaDirect.CountryCurrencyTest" name="selectCountryOnLandingPageAndVerifyCurrency" time="3.106"/>
  <testcase classname="Selenium.CroatiaDirect.AccommodationSearchTest" name="searchNoDatesEntered" time="4.249"/>
  <testcase classname="Selenium.CroatiaDirect.AccommodationSearchTest" name="searchNoDestinationEntered" time="4.239"/>
  <testcase classname="Selenium.CroatiaDirect.CountryCurrencyTest" name="selectCurrencyAfterEnteringSearchCriteria" time="13.116"/>
  <testcase classname="Selenium.CroatiaDirect.CountryCurrencyTest" name="selectCurrencyBeforeSearch" time="8.955"/>
  <testcase classname="Selenium.CroatiaDirect.AccommodationSearchTest" name="searchNoGuestNumberEntered" time="16.227"/>
  <testcase classname="Selenium.CroatiaDirect.PropertyInquiriesTest" name="sendInquiryWithoutEmail" time="50.791"/>
  <testcase classname="Selenium.CroatiaDirect.AccommodationSearchTest" name="searchOnAccomodationTypePages" time="14.98"/>
  <testcase classname="Selenium.CroatiaDirect.PropertyInquiriesTest" name="sendInquiryWithoutFirstName" time="18.449">
    <skipped/>
  </testcase> <!-- sendInquiryWithoutFirstName -->
  <testcase classname="Selenium.CroatiaDirect.CountryCurrencyTest" name="selectCurrencyBeforeSearch" time="31.837"/>
  <testcase classname="Selenium.CroatiaDirect.AccommodationSearchTest" name="searchOnAccomodationTypePages" time="15.5"/>
  <testcase classname="Selenium.CroatiaDirect.PropertyInquiriesTest" name="sendInquiryWithoutFirstName" time="31.149"/>
  <testcase classname="Selenium.CroatiaDirect.AccommodationSearchTest" name="searchOnAccomodationTypePages" time="10.459"/>
  <testcase classname="Selenium.CroatiaDirect.CountryCurrencyTest" name="selectCurrencyBeforeSearch" time="21.459"/>
  <testcase classname="Selenium.CroatiaDirect.AccommodationSearchTest" name="searchOnAccomodationTypePages" time="4.61">
    <failure type="org.openqa.selenium.ElementClickInterceptedException" message="Element &amp;lt;li class=&amp;quot;zagreb&amp;quot;&amp;gt; is not clickable at point (323,721) because another element &amp;lt;p&amp;gt; obscures it
Build info: version: &amp;apos;4.5.3&amp;apos;, revision: &amp;apos;4b786a1e430&amp;apos;
System info: os.name: &amp;apos;Windows 11&amp;apos;, os.arch: &amp;apos;amd64&amp;apos;, os.version: &amp;apos;10.0&amp;apos;, java.version: &amp;apos;17.0.2&amp;apos;
Driver info: org.openqa.selenium.firefox.FirefoxDriver
Command: [7878f534-45b5-4436-95b9-86200dad85e3, clickElement {id=8647dd9b-5949-44e8-824e-9a3f04a05bc9}]
Capabilities {acceptInsecureCerts: true, browserName: firefox, browserVersion: 108.0, moz:accessibilityChecks: false, moz:buildID: 20221208122842, moz:debuggerAddress: 127.0.0.1:9221, moz:geckodriverVersion: 0.32.0, moz:headless: false, moz:platformVersion: 10.0, moz:processID: 31400, moz:profile: C:\Users\adnan\AppData\Loca..., moz:shutdownTimeout: 60000, moz:useNonSpecCompliantPointerOrigin: false, moz:webdriverClick: true, moz:windowless: false, pageLoadStrategy: normal, platformName: WINDOWS, proxy: Proxy(), se:cdp: ws://127.0.0.1:9221/devtool..., se:cdpVersion: 85.0, setWindowRect: true, strictFileInteractability: false, timeouts: {implicit: 0, pageLoad: 300000, script: 30000}, unhandledPromptBehavior: dismiss and notify}
Element: [[FirefoxDriver: firefox on WINDOWS (7878f534-45b5-4436-95b9-86200dad85e3)] -&amp;gt; css selector: li[onclick*=&amp;apos;showCityList&amp;apos;]]
Session ID: 7878f534-45b5-4436-95b9-86200dad85e3">
      <![CDATA[org.openqa.selenium.ElementClickInterceptedException: Element <li class="zagreb"> is not clickable at point (323,721) because another element <p> obscures it
Build info: version: '4.5.3', revision: '4b786a1e430'
System info: os.name: 'Windows 11', os.arch: 'amd64', os.version: '10.0', java.version: '17.0.2'
Driver info: org.openqa.selenium.firefox.FirefoxDriver
Command: [7878f534-45b5-4436-95b9-86200dad85e3, clickElement {id=8647dd9b-5949-44e8-824e-9a3f04a05bc9}]
Capabilities {acceptInsecureCerts: true, browserName: firefox, browserVersion: 108.0, moz:accessibilityChecks: false, moz:buildID: 20221208122842, moz:debuggerAddress: 127.0.0.1:9221, moz:geckodriverVersion: 0.32.0, moz:headless: false, moz:platformVersion: 10.0, moz:processID: 31400, moz:profile: C:\Users\adnan\AppData\Loca..., moz:shutdownTimeout: 60000, moz:useNonSpecCompliantPointerOrigin: false, moz:webdriverClick: true, moz:windowless: false, pageLoadStrategy: normal, platformName: WINDOWS, proxy: Proxy(), se:cdp: ws://127.0.0.1:9221/devtool..., se:cdpVersion: 85.0, setWindowRect: true, strictFileInteractability: false, timeouts: {implicit: 0, pageLoad: 300000, script: 30000}, unhandledPromptBehavior: dismiss and notify}
Element: [[FirefoxDriver: firefox on WINDOWS (7878f534-45b5-4436-95b9-86200dad85e3)] -> css selector: li[onclick*='showCityList']]
Session ID: 7878f534-45b5-4436-95b9-86200dad85e3
at org.openqa.selenium.remote.codec.w3c.W3CHttpResponseCodec.createException(W3CHttpResponseCodec.java:200)
at org.openqa.selenium.remote.codec.w3c.W3CHttpResponseCodec.decode(W3CHttpResponseCodec.java:133)
at org.openqa.selenium.remote.codec.w3c.W3CHttpResponseCodec.decode(W3CHttpResponseCodec.java:53)
at org.openqa.selenium.remote.HttpCommandExecutor.execute(HttpCommandExecutor.java:184)
at org.openqa.selenium.remote.service.DriverCommandExecutor.invokeExecute(DriverCommandExecutor.java:167)
at org.openqa.selenium.remote.service.DriverCommandExecutor.execute(DriverCommandExecutor.java:142)
at org.openqa.selenium.remote.RemoteWebDriver.execute(RemoteWebDriver.java:541)
at org.openqa.selenium.remote.RemoteWebElement.execute(RemoteWebElement.java:257)
at org.openqa.selenium.remote.RemoteWebElement.click(RemoteWebElement.java:78)
at abstractcomponents.AbstractComponents.selectRegionAndCity(AbstractComponents.java:167)
at Selenium.CroatiaDirect.AccommodationSearchTest.searchOnAccomodationTypePages(AccommodationSearchTest.java:102)
at java.base/java.util.concurrent.ThreadPoolExecutor.runWorker(ThreadPoolExecutor.java:1136)
at java.base/java.util.concurrent.ThreadPoolExecutor$Worker.run(ThreadPoolExecutor.java:635)
at java.base/java.lang.Thread.run(Thread.java:833)
... Removed 17 stack frames]]>
    </failure>
  </testcase> <!-- searchOnAccomodationTypePages -->
  <testcase classname="Selenium.CroatiaDirect.CountryCurrencyTest" name="selectCurrencyBeforeSearch" time="8.594"/>
  <testcase classname="Selenium.CroatiaDirect.PropertyInquiriesTest" name="sendInquiryWithoutInquiryTextFieldEntry" time="23.475">
    <skipped/>
  </testcase> <!-- sendInquiryWithoutInquiryTextFieldEntry -->
  <testcase classname="Selenium.CroatiaDirect.CountryCurrencyTest" name="selectCurrencyBeforeSearch" time="20.978"/>
  <testcase classname="Selenium.CroatiaDirect.PropertyInquiriesTest" name="sendInquiryWithoutInquiryTextFieldEntry" time="22.763"/>
  <testcase classname="Selenium.CroatiaDirect.AccommodationSearchTest" name="verifySearchBarAndAccomodationTypeDropdown" time="49.393"/>
  <testcase classname="Selenium.CroatiaDirect.CountryCurrencyTest" name="selectCurrencyBeforeSearch" time="13.933"/>
  <testcase classname="Selenium.CroatiaDirect.CountryCurrencyTest" name="selectCurrencyBeforeSearch" time="8.036"/>
  <testcase classname="Selenium.CroatiaDirect.PropertyInquiriesTest" name="sendInquiryWithoutLastName" time="28.654"/>
  <testcase classname="Selenium.CroatiaDirect.CountryCurrencyTest" name="selectCurrencyBeforeSearch" time="10.494"/>
  <testcase classname="Selenium.CroatiaDirect.CountryCurrencyTest" name="selectCurrencyBeforeSearch" time="8.6"/>
  <testcase classname="Selenium.CroatiaDirect.PropertyInquiriesTest" name="sendInquiryWithoutNumberOfAdults" time="26.199"/>
  <testcase classname="Selenium.CroatiaDirect.CountryCurrencyTest" name="selectCurrencyBeforeSearch" time="10.475"/>
  <testcase classname="Selenium.CroatiaDirect.PropertyInquiriesTest" name="sendInquiryWithoutSelectingUnit" time="17.204"/>
  <testcase classname="Selenium.CroatiaDirect.CountryCurrencyTest" name="selectCurrencyBeforeSearch" time="9.811"/>
  <testcase classname="Selenium.CroatiaDirect.CountryCurrencyTest" name="selectCurrencyBeforeSearch" time="8.001"/>
  <testcase classname="Selenium.CroatiaDirect.CountryCurrencyTest" name="selectCurrencyBeforeSearch" time="8.818"/>
</testsuite> <!-- Test -->
