<?xml version="1.0" encoding="UTF-8"?>
<!-- Generated by org.testng.reporters.JUnitReportReporter -->
<testsuite hostname="DESKTOP-V3TS40K" failures="0" tests="20" name="Selenium.CroatiaDirect.AccommodationSearchTest" time="744.277" errors="2" timestamp="2022-12-17T11:07:33 CET" skipped="0">
  <testcase classname="Selenium.CroatiaDirect.AccommodationSearchTest" name="checkNumberOfResultsFound" time="47.149"/>
  <system-out/>
  <testcase classname="Selenium.CroatiaDirect.AccommodationSearchTest" name="searchOnAccomodationTypePages" time="34.869"/>
  <system-out/>
  <testcase classname="Selenium.CroatiaDirect.AccommodationSearchTest" name="checkNumberOfResultsFound" time="55.107"/>
  <system-out/>
  <testcase classname="Selenium.CroatiaDirect.AccommodationSearchTest" name="searchFromCityInputField" time="50.821"/>
  <system-out/>
  <testcase classname="Selenium.CroatiaDirect.AccommodationSearchTest" name="noMatchingAccomodationMessageDisplayed" time="30.106"/>
  <system-out/>
  <testcase classname="Selenium.CroatiaDirect.AccommodationSearchTest" name="searchNoGuestNumberEntered" time="35.377"/>
  <system-out/>
  <testcase classname="Selenium.CroatiaDirect.AccommodationSearchTest" name="searchOnAccomodationTypePages" time="19.216">
    <error message="Element &lt;li class=&quot;zagreb&quot;&gt; is not clickable at point (323,721) because another element &lt;p&gt; obscures it
Build info: version: &#039;4.5.3&#039;, revision: &#039;4b786a1e430&#039;
System info: os.name: &#039;Windows 11&#039;, os.arch: &#039;amd64&#039;, os.version: &#039;10.0&#039;, java.version: &#039;17.0.2&#039;
Driver info: org.openqa.selenium.firefox.FirefoxDriver
Command: [7878f534-45b5-4436-95b9-86200dad85e3, clickElement {id=8647dd9b-5949-44e8-824e-9a3f04a05bc9}]
Capabilities {acceptInsecureCerts: true, browserName: firefox, browserVersion: 108.0, moz:accessibilityChecks: false, moz:buildID: 20221208122842, moz:debuggerAddress: 127.0.0.1:9221, moz:geckodriverVersion: 0.32.0, moz:headless: false, moz:platformVersion: 10.0, moz:processID: 31400, moz:profile: C:\Users\adnan\AppData\Loca..., moz:shutdownTimeout: 60000, moz:useNonSpecCompliantPointerOrigin: false, moz:webdriverClick: true, moz:windowless: false, pageLoadStrategy: normal, platformName: WINDOWS, proxy: Proxy(), se:cdp: ws://127.0.0.1:9221/devtool..., se:cdpVersion: 85.0, setWindowRect: true, strictFileInteractability: false, timeouts: {implicit: 0, pageLoad: 300000, script: 30000}, unhandledPromptBehavior: dismiss and notify}
Element: [[FirefoxDriver: firefox on WINDOWS (7878f534-45b5-4436-95b9-86200dad85e3)] -&gt; css selector: li[onclick*=&#039;showCityList&#039;]]
Session ID: 7878f534-45b5-4436-95b9-86200dad85e3" type="org.openqa.selenium.ElementClickInterceptedException">
      <![CDATA[org.openqa.selenium.ElementClickInterceptedException: Element <li class="zagreb"> is not clickable at point (323,721) because another element <p> obscures it
Build info: version: '4.5.3', revision: '4b786a1e430'
System info: os.name: 'Windows 11', os.arch: 'amd64', os.version: '10.0', java.version: '17.0.2'
Driver info: org.openqa.selenium.firefox.FirefoxDriver
Command: [7878f534-45b5-4436-95b9-86200dad85e3, clickElement {id=8647dd9b-5949-44e8-824e-9a3f04a05bc9}]
Capabilities {acceptInsecureCerts: true, browserName: firefox, browserVersion: 108.0, moz:accessibilityChecks: false, moz:buildID: 20221208122842, moz:debuggerAddress: 127.0.0.1:9221, moz:geckodriverVersion: 0.32.0, moz:headless: false, moz:platformVersion: 10.0, moz:processID: 31400, moz:profile: C:\Users\adnan\AppData\Loca..., moz:shutdownTimeout: 60000, moz:useNonSpecCompliantPointerOrigin: false, moz:webdriverClick: true, moz:windowless: false, pageLoadStrategy: normal, platformName: WINDOWS, proxy: Proxy(), se:cdp: ws://127.0.0.1:9221/devtool..., se:cdpVersion: 85.0, setWindowRect: true, strictFileInteractability: false, timeouts: {implicit: 0, pageLoad: 300000, script: 30000}, unhandledPromptBehavior: dismiss and notify}
Element: [[FirefoxDriver: firefox on WINDOWS (7878f534-45b5-4436-95b9-86200dad85e3)] -> css selector: li[onclick*='showCityList']]
Session ID: 7878f534-45b5-4436-95b9-86200dad85e3
at java.base/jdk.internal.reflect.NativeConstructorAccessorImpl.newInstance0(Native Method)
at java.base/jdk.internal.reflect.NativeConstructorAccessorImpl.newInstance(NativeConstructorAccessorImpl.java:77)
at java.base/jdk.internal.reflect.DelegatingConstructorAccessorImpl.newInstance(DelegatingConstructorAccessorImpl.java:45)
at java.base/java.lang.reflect.Constructor.newInstanceWithCaller(Constructor.java:499)
at java.base/java.lang.reflect.Constructor.newInstance(Constructor.java:480)
at org.openqa.selenium.remote.codec.w3c.W3CHttpResponseCodec.createException(W3CHttpResponseCodec.java:200)
at org.openqa.selenium.remote.codec.w3c.W3CHttpResponseCodec.decode(W3CHttpResponseCodec.java:133)
at org.openqa.selenium.remote.codec.w3c.W3CHttpResponseCodec.decode(W3CHttpResponseCodec.java:53)
at org.openqa.selenium.remote.HttpCommandExecutor.execute(HttpCommandExecutor.java:184)
at org.openqa.selenium.remote.service.DriverCommandExecutor.invokeExecute(DriverCommandExecutor.java:167)
at org.openqa.selenium.remote.service.DriverCommandExecutor.execute(DriverCommandExecutor.java:142)
at org.openqa.selenium.remote.RemoteWebDriver.execute(RemoteWebDriver.java:541)
at org.openqa.selenium.remote.RemoteWebElement.execute(RemoteWebElement.java:257)
at org.openqa.selenium.remote.RemoteWebElement.click(RemoteWebElement.java:78)
at abstractcomponents.AbstractComponents.selectRegionAndCity(AbstractComponents.java:167)
at Selenium.CroatiaDirect.AccommodationSearchTest.searchOnAccomodationTypePages(AccommodationSearchTest.java:102)
at java.base/jdk.internal.reflect.NativeMethodAccessorImpl.invoke0(Native Method)
at java.base/jdk.internal.reflect.NativeMethodAccessorImpl.invoke(NativeMethodAccessorImpl.java:77)
at java.base/jdk.internal.reflect.DelegatingMethodAccessorImpl.invoke(DelegatingMethodAccessorImpl.java:43)
at java.base/java.lang.reflect.Method.invoke(Method.java:568)
at org.testng.internal.invokers.MethodInvocationHelper.invokeMethod(MethodInvocationHelper.java:139)
at org.testng.internal.invokers.TestInvoker.invokeMethod(TestInvoker.java:677)
at org.testng.internal.invokers.TestInvoker.invokeTestMethod(TestInvoker.java:221)
at org.testng.internal.invokers.MethodRunner.runInSequence(MethodRunner.java:50)
at org.testng.internal.invokers.TestInvoker$MethodInvocationAgent.invoke(TestInvoker.java:962)
at org.testng.internal.invokers.TestInvoker.invokeTestMethods(TestInvoker.java:194)
at org.testng.internal.invokers.TestMethodWorker.invokeTestMethods(TestMethodWorker.java:148)
at org.testng.internal.invokers.TestMethodWorker.run(TestMethodWorker.java:128)
at java.base/java.util.concurrent.ThreadPoolExecutor.runWorker(ThreadPoolExecutor.java:1136)
at java.base/java.util.concurrent.ThreadPoolExecutor$Worker.run(ThreadPoolExecutor.java:635)
at java.base/java.lang.Thread.run(Thread.java:833)
]]>
    </error>
  </testcase> <!-- searchOnAccomodationTypePages -->
  <system-out/>
  <testcase classname="Selenium.CroatiaDirect.AccommodationSearchTest" name="searchFromDestinationDropdown" time="47.821"/>
  <system-out/>
  <testcase classname="Selenium.CroatiaDirect.AccommodationSearchTest" name="searchFromDestinationDropdown" time="40.510"/>
  <system-out/>
  <testcase classname="Selenium.CroatiaDirect.AccommodationSearchTest" name="searchOnAccomodationTypePages" time="27.396"/>
  <system-out/>
  <testcase classname="Selenium.CroatiaDirect.AccommodationSearchTest" name="verifySearchBarAndAccomodationTypeDropdown" time="68.140"/>
  <system-out/>
  <testcase classname="Selenium.CroatiaDirect.AccommodationSearchTest" name="clickingDepartureDateBeforeArrival" time="37.851">
    <error message="Element &lt;li id=&quot;c61&quot;&gt; is not clickable at point (543,715) because another element &lt;p&gt; obscures it
Build info: version: &#039;4.5.3&#039;, revision: &#039;4b786a1e430&#039;
System info: os.name: &#039;Windows 11&#039;, os.arch: &#039;amd64&#039;, os.version: &#039;10.0&#039;, java.version: &#039;17.0.2&#039;
Driver info: org.openqa.selenium.firefox.FirefoxDriver
Command: [1c702ec9-72f4-4133-99da-63787c07b6f1, clickElement {id=250b8fc5-daf1-4b11-9b6e-627dcd09bfaf}]
Capabilities {acceptInsecureCerts: true, browserName: firefox, browserVersion: 108.0, moz:accessibilityChecks: false, moz:buildID: 20221208122842, moz:debuggerAddress: 127.0.0.1:42105, moz:geckodriverVersion: 0.32.0, moz:headless: false, moz:platformVersion: 10.0, moz:processID: 21620, moz:profile: C:\Users\adnan\AppData\Loca..., moz:shutdownTimeout: 60000, moz:useNonSpecCompliantPointerOrigin: false, moz:webdriverClick: true, moz:windowless: false, pageLoadStrategy: normal, platformName: WINDOWS, proxy: Proxy(), se:cdp: ws://127.0.0.1:42105/devtoo..., se:cdpVersion: 85.0, setWindowRect: true, strictFileInteractability: false, timeouts: {implicit: 0, pageLoad: 300000, script: 30000}, unhandledPromptBehavior: dismiss and notify}
Element: [[FirefoxDriver: firefox on WINDOWS (1c702ec9-72f4-4133-99da-63787c07b6f1)] -&gt; css selector: #city_list_cont li]
Session ID: 1c702ec9-72f4-4133-99da-63787c07b6f1" type="org.openqa.selenium.ElementClickInterceptedException">
      <![CDATA[org.openqa.selenium.ElementClickInterceptedException: Element <li id="c61"> is not clickable at point (543,715) because another element <p> obscures it
Build info: version: '4.5.3', revision: '4b786a1e430'
System info: os.name: 'Windows 11', os.arch: 'amd64', os.version: '10.0', java.version: '17.0.2'
Driver info: org.openqa.selenium.firefox.FirefoxDriver
Command: [1c702ec9-72f4-4133-99da-63787c07b6f1, clickElement {id=250b8fc5-daf1-4b11-9b6e-627dcd09bfaf}]
Capabilities {acceptInsecureCerts: true, browserName: firefox, browserVersion: 108.0, moz:accessibilityChecks: false, moz:buildID: 20221208122842, moz:debuggerAddress: 127.0.0.1:42105, moz:geckodriverVersion: 0.32.0, moz:headless: false, moz:platformVersion: 10.0, moz:processID: 21620, moz:profile: C:\Users\adnan\AppData\Loca..., moz:shutdownTimeout: 60000, moz:useNonSpecCompliantPointerOrigin: false, moz:webdriverClick: true, moz:windowless: false, pageLoadStrategy: normal, platformName: WINDOWS, proxy: Proxy(), se:cdp: ws://127.0.0.1:42105/devtoo..., se:cdpVersion: 85.0, setWindowRect: true, strictFileInteractability: false, timeouts: {implicit: 0, pageLoad: 300000, script: 30000}, unhandledPromptBehavior: dismiss and notify}
Element: [[FirefoxDriver: firefox on WINDOWS (1c702ec9-72f4-4133-99da-63787c07b6f1)] -> css selector: #city_list_cont li]
Session ID: 1c702ec9-72f4-4133-99da-63787c07b6f1
at java.base/jdk.internal.reflect.NativeConstructorAccessorImpl.newInstance0(Native Method)
at java.base/jdk.internal.reflect.NativeConstructorAccessorImpl.newInstance(NativeConstructorAccessorImpl.java:77)
at java.base/jdk.internal.reflect.DelegatingConstructorAccessorImpl.newInstance(DelegatingConstructorAccessorImpl.java:45)
at java.base/java.lang.reflect.Constructor.newInstanceWithCaller(Constructor.java:499)
at java.base/java.lang.reflect.Constructor.newInstance(Constructor.java:480)
at org.openqa.selenium.remote.codec.w3c.W3CHttpResponseCodec.createException(W3CHttpResponseCodec.java:200)
at org.openqa.selenium.remote.codec.w3c.W3CHttpResponseCodec.decode(W3CHttpResponseCodec.java:133)
at org.openqa.selenium.remote.codec.w3c.W3CHttpResponseCodec.decode(W3CHttpResponseCodec.java:53)
at org.openqa.selenium.remote.HttpCommandExecutor.execute(HttpCommandExecutor.java:184)
at org.openqa.selenium.remote.service.DriverCommandExecutor.invokeExecute(DriverCommandExecutor.java:167)
at org.openqa.selenium.remote.service.DriverCommandExecutor.execute(DriverCommandExecutor.java:142)
at org.openqa.selenium.remote.RemoteWebDriver.execute(RemoteWebDriver.java:541)
at org.openqa.selenium.remote.RemoteWebElement.execute(RemoteWebElement.java:257)
at org.openqa.selenium.remote.RemoteWebElement.click(RemoteWebElement.java:78)
at abstractcomponents.AbstractComponents.selectRegionAndCity(AbstractComponents.java:170)
at Selenium.CroatiaDirect.AccommodationSearchTest.clickingDepartureDateBeforeArrival(AccommodationSearchTest.java:123)
at java.base/jdk.internal.reflect.NativeMethodAccessorImpl.invoke0(Native Method)
at java.base/jdk.internal.reflect.NativeMethodAccessorImpl.invoke(NativeMethodAccessorImpl.java:77)
at java.base/jdk.internal.reflect.DelegatingMethodAccessorImpl.invoke(DelegatingMethodAccessorImpl.java:43)
at java.base/java.lang.reflect.Method.invoke(Method.java:568)
at org.testng.internal.invokers.MethodInvocationHelper.invokeMethod(MethodInvocationHelper.java:139)
at org.testng.internal.invokers.TestInvoker.invokeMethod(TestInvoker.java:677)
at org.testng.internal.invokers.TestInvoker.invokeTestMethod(TestInvoker.java:221)
at org.testng.internal.invokers.MethodRunner.runInSequence(MethodRunner.java:50)
at org.testng.internal.invokers.TestInvoker$MethodInvocationAgent.invoke(TestInvoker.java:962)
at org.testng.internal.invokers.TestInvoker.invokeTestMethods(TestInvoker.java:194)
at org.testng.internal.invokers.TestMethodWorker.invokeTestMethods(TestMethodWorker.java:148)
at org.testng.internal.invokers.TestMethodWorker.run(TestMethodWorker.java:128)
at java.base/java.util.concurrent.ThreadPoolExecutor.runWorker(ThreadPoolExecutor.java:1136)
at java.base/java.util.concurrent.ThreadPoolExecutor$Worker.run(ThreadPoolExecutor.java:635)
at java.base/java.lang.Thread.run(Thread.java:833)
]]>
    </error>
  </testcase> <!-- clickingDepartureDateBeforeArrival -->
  <system-out/>
  <testcase classname="Selenium.CroatiaDirect.AccommodationSearchTest" name="checkNumberOfResultsFound" time="46.504"/>
  <system-out/>
  <testcase classname="Selenium.CroatiaDirect.AccommodationSearchTest" name="searchFromCityInputField" time="51.272"/>
  <system-out/>
  <testcase classname="Selenium.CroatiaDirect.AccommodationSearchTest" name="searchNoDatesEntered" time="22.965"/>
  <system-out/>
  <testcase classname="Selenium.CroatiaDirect.AccommodationSearchTest" name="pastDatesDisabled" time="12.775"/>
  <system-out/>
  <testcase classname="Selenium.CroatiaDirect.AccommodationSearchTest" name="searchNoDestinationEntered" time="34.631"/>
  <system-out/>
  <testcase classname="Selenium.CroatiaDirect.AccommodationSearchTest" name="searchOnAccomodationTypePages" time="31.906"/>
  <system-out/>
  <testcase classname="Selenium.CroatiaDirect.AccommodationSearchTest" name="searchFromDestinationDropdown" time="31.533"/>
  <system-out/>
  <testcase classname="Selenium.CroatiaDirect.AccommodationSearchTest" name="searchFromCityInputField" time="18.328"/>
  <system-out/>
</testsuite> <!-- Selenium.CroatiaDirect.AccommodationSearchTest -->
