<?xml version="1.0" encoding="UTF-8"?>
<!-- Generated by org.testng.reporters.JUnitReportReporter -->
<testsuite hostname="DESKTOP-V3TS40K" failures="0" tests="17" name="Selenium.CroatiaDirect.PropertyInquiriesTest" time="789.214" errors="1" timestamp="2022-12-17T11:07:33 CET" skipped="7">
  <testcase classname="Selenium.CroatiaDirect.PropertyInquiriesTest" name="sendInquiryUsingUnitInquiryButton" time="28.797">
    <skipped/>
  </testcase> <!-- sendInquiryUsingUnitInquiryButton -->
  <system-out/>
  <testcase classname="Selenium.CroatiaDirect.PropertyInquiriesTest" name="sendInquiryWithoutFirstName" time="46.040"/>
  <system-out/>
  <testcase classname="Selenium.CroatiaDirect.PropertyInquiriesTest" name="sendInquiryWithoutLastName" time="44.985"/>
  <system-out/>
  <testcase classname="Selenium.CroatiaDirect.PropertyInquiriesTest" name="sendInquiryUsingForm" time="46.998">
    <skipped/>
  </testcase> <!-- sendInquiryUsingForm -->
  <system-out/>
  <testcase classname="Selenium.CroatiaDirect.PropertyInquiriesTest" name="sendInquiryWithoutEmail" time="67.428"/>
  <system-out/>
  <testcase classname="Selenium.CroatiaDirect.PropertyInquiriesTest" name="sendInquiryUsingForm" time="56.029">
    <skipped/>
  </testcase> <!-- sendInquiryUsingForm -->
  <system-out/>
  <testcase classname="Selenium.CroatiaDirect.PropertyInquiriesTest" name="sendInquiryWithoutDepartureDate" time="59.325"/>
  <system-out/>
  <testcase classname="Selenium.CroatiaDirect.PropertyInquiriesTest" name="sendInquiryWithoutInquiryTextFieldEntry" time="33.692"/>
  <system-out/>
  <testcase classname="Selenium.CroatiaDirect.PropertyInquiriesTest" name="sendInquiryWithoutArrivalDate" time="43.335"/>
  <system-out/>
  <testcase classname="Selenium.CroatiaDirect.PropertyInquiriesTest" name="sendInquiryUsingForm" time="57.542"/>
  <system-out/>
  <testcase classname="Selenium.CroatiaDirect.PropertyInquiriesTest" name="sendInquiryWithoutArrivalDate" time="72.680">
    <skipped/>
  </testcase> <!-- sendInquiryWithoutArrivalDate -->
  <system-out/>
  <testcase classname="Selenium.CroatiaDirect.PropertyInquiriesTest" name="sendInquiryWithoutSelectingUnit" time="29.660"/>
  <system-out/>
  <testcase classname="Selenium.CroatiaDirect.PropertyInquiriesTest" name="sendInquiryWithoutNumberOfAdults" time="39.319"/>
  <system-out/>
  <testcase classname="Selenium.CroatiaDirect.PropertyInquiriesTest" name="sendInquiryUsingUnitInquiryButton" time="41.825">
    <error message="Element &lt;input id=&quot;arrival&quot; class=&quot;form-control datepick&quot; name=&quot;arrival&quot; type=&quot;text&quot;&gt; is not clickable at point (1135,713) because another element &lt;div class=&quot;clearfix&quot;&gt; obscures it
Build info: version: &#039;4.5.3&#039;, revision: &#039;4b786a1e430&#039;
System info: os.name: &#039;Windows 11&#039;, os.arch: &#039;amd64&#039;, os.version: &#039;10.0&#039;, java.version: &#039;17.0.2&#039;
Driver info: org.openqa.selenium.firefox.FirefoxDriver
Command: [a63a90d9-34c2-48f6-9c3e-84e79d313201, clickElement {id=2457e681-ec67-4392-9fb2-2575c1892713}]
Capabilities {acceptInsecureCerts: true, browserName: firefox, browserVersion: 108.0, moz:accessibilityChecks: false, moz:buildID: 20221208122842, moz:debuggerAddress: 127.0.0.1:40014, moz:geckodriverVersion: 0.32.0, moz:headless: false, moz:platformVersion: 10.0, moz:processID: 17240, moz:profile: C:\Users\adnan\AppData\Loca..., moz:shutdownTimeout: 60000, moz:useNonSpecCompliantPointerOrigin: false, moz:webdriverClick: true, moz:windowless: false, pageLoadStrategy: normal, platformName: WINDOWS, proxy: Proxy(), se:cdp: ws://127.0.0.1:40014/devtoo..., se:cdpVersion: 85.0, setWindowRect: true, strictFileInteractability: false, timeouts: {implicit: 0, pageLoad: 300000, script: 30000}, unhandledPromptBehavior: dismiss and notify}
Element: [[FirefoxDriver: firefox on WINDOWS (a63a90d9-34c2-48f6-9c3e-84e79d313201)] -&gt; id: arrival]
Session ID: a63a90d9-34c2-48f6-9c3e-84e79d313201" type="org.openqa.selenium.ElementClickInterceptedException">
      <![CDATA[org.openqa.selenium.ElementClickInterceptedException: Element <input id="arrival" class="form-control datepick" name="arrival" type="text"> is not clickable at point (1135,713) because another element <div class="clearfix"> obscures it
Build info: version: '4.5.3', revision: '4b786a1e430'
System info: os.name: 'Windows 11', os.arch: 'amd64', os.version: '10.0', java.version: '17.0.2'
Driver info: org.openqa.selenium.firefox.FirefoxDriver
Command: [a63a90d9-34c2-48f6-9c3e-84e79d313201, clickElement {id=2457e681-ec67-4392-9fb2-2575c1892713}]
Capabilities {acceptInsecureCerts: true, browserName: firefox, browserVersion: 108.0, moz:accessibilityChecks: false, moz:buildID: 20221208122842, moz:debuggerAddress: 127.0.0.1:40014, moz:geckodriverVersion: 0.32.0, moz:headless: false, moz:platformVersion: 10.0, moz:processID: 17240, moz:profile: C:\Users\adnan\AppData\Loca..., moz:shutdownTimeout: 60000, moz:useNonSpecCompliantPointerOrigin: false, moz:webdriverClick: true, moz:windowless: false, pageLoadStrategy: normal, platformName: WINDOWS, proxy: Proxy(), se:cdp: ws://127.0.0.1:40014/devtoo..., se:cdpVersion: 85.0, setWindowRect: true, strictFileInteractability: false, timeouts: {implicit: 0, pageLoad: 300000, script: 30000}, unhandledPromptBehavior: dismiss and notify}
Element: [[FirefoxDriver: firefox on WINDOWS (a63a90d9-34c2-48f6-9c3e-84e79d313201)] -> id: arrival]
Session ID: a63a90d9-34c2-48f6-9c3e-84e79d313201
at java.base/jdk.internal.reflect.NativeConstructorAccessorImpl.newInstance0(Native Method)
at java.base/jdk.internal.reflect.NativeConstructorAccessorImpl.newInstance(NativeConstructorAccessorImpl.java:77)
at java.base/jdk.internal.reflect.DelegatingConstructorAccessorImpl.newInstance(DelegatingConstructorAccessorImpl.java:45)
at java.base/java.lang.reflect.Constructor.newInstanceWithCaller(Constructor.java:499)
at java.base/java.lang.reflect.Constructor.newInstance(Constructor.java:480)
at org.openqa.selenium.remote.codec.w3c.W3CHttpResponseCodec.createException(W3CHttpResponseCodec.java:200)
at org.openqa.selenium.remote.codec.w3c.W3CHttpResponseCodec.decode(W3CHttpResponseCodec.java:133)
at org.openqa.selenium.remote.codec.w3c.W3CHttpResponseCodec.decode(W3CHttpResponseCodec.java:53)
at org.openqa.selenium.remote.HttpCommandExecutor.execute(HttpCommandExecutor.java:184)
at org.openqa.selenium.remote.service.DriverCommandExecutor.invokeExecute(DriverCommandExecutor.java:167)
at org.openqa.selenium.remote.service.DriverCommandExecutor.execute(DriverCommandExecutor.java:142)
at org.openqa.selenium.remote.RemoteWebDriver.execute(RemoteWebDriver.java:541)
at org.openqa.selenium.remote.RemoteWebElement.execute(RemoteWebElement.java:257)
at org.openqa.selenium.remote.RemoteWebElement.click(RemoteWebElement.java:78)
at jdk.internal.reflect.GeneratedMethodAccessor1.invoke(Unknown Source)
at java.base/jdk.internal.reflect.DelegatingMethodAccessorImpl.invoke(DelegatingMethodAccessorImpl.java:43)
at java.base/java.lang.reflect.Method.invoke(Method.java:568)
at org.openqa.selenium.support.pagefactory.internal.LocatingElementHandler.invoke(LocatingElementHandler.java:52)
at jdk.proxy2/jdk.proxy2.$Proxy19.click(Unknown Source)
at pageobjects.PropertyPage.openArrivalCalendar(PropertyPage.java:226)
at pageobjects.PropertyPage.selectArrivalDate(PropertyPage.java:231)
at Selenium.CroatiaDirect.PropertyInquiriesTest.sendInquiryUsingUnitInquiryButton(PropertyInquiriesTest.java:30)
at java.base/jdk.internal.reflect.NativeMethodAccessorImpl.invoke0(Native Method)
at java.base/jdk.internal.reflect.NativeMethodAccessorImpl.invoke(NativeMethodAccessorImpl.java:77)
at java.base/jdk.internal.reflect.DelegatingMethodAccessorImpl.invoke(DelegatingMethodAccessorImpl.java:43)
at java.base/java.lang.reflect.Method.invoke(Method.java:568)
at org.testng.internal.invokers.MethodInvocationHelper.invokeMethod(MethodInvocationHelper.java:139)
at org.testng.internal.invokers.TestInvoker.invokeMethod(TestInvoker.java:677)
at org.testng.internal.invokers.TestInvoker.retryFailed(TestInvoker.java:263)
at org.testng.internal.invokers.MethodRunner.runInSequence(MethodRunner.java:62)
at org.testng.internal.invokers.TestInvoker$MethodInvocationAgent.invoke(TestInvoker.java:962)
at org.testng.internal.invokers.TestInvoker.invokeTestMethods(TestInvoker.java:194)
at org.testng.internal.invokers.TestMethodWorker.invokeTestMethods(TestMethodWorker.java:148)
at org.testng.internal.invokers.TestMethodWorker.run(TestMethodWorker.java:128)
at java.base/java.util.concurrent.ThreadPoolExecutor.runWorker(ThreadPoolExecutor.java:1136)
at java.base/java.util.concurrent.ThreadPoolExecutor$Worker.run(ThreadPoolExecutor.java:635)
at java.base/java.lang.Thread.run(Thread.java:833)
]]>
    </error>
  </testcase> <!-- sendInquiryUsingUnitInquiryButton -->
  <system-out/>
  <testcase classname="Selenium.CroatiaDirect.PropertyInquiriesTest" name="sendInquiryWithoutInquiryTextFieldEntry" time="37.149">
    <skipped/>
  </testcase> <!-- sendInquiryWithoutInquiryTextFieldEntry -->
  <system-out/>
  <testcase classname="Selenium.CroatiaDirect.PropertyInquiriesTest" name="sendInquiryUsingUnitInquiryButton" time="49.866">
    <skipped/>
  </testcase> <!-- sendInquiryUsingUnitInquiryButton -->
  <system-out/>
  <testcase classname="Selenium.CroatiaDirect.PropertyInquiriesTest" name="sendInquiryWithoutFirstName" time="34.544">
    <skipped/>
  </testcase> <!-- sendInquiryWithoutFirstName -->
  <system-out/>
</testsuite> <!-- Selenium.CroatiaDirect.PropertyInquiriesTest -->
