<?xml version="1.0" encoding="UTF-8"?>
<!-- Generated by org.testng.reporters.JUnitReportReporter -->
<testsuite hostname="DESKTOP-V3TS40K" failures="1" tests="4" name="Selenium.CroatiaDirect.WishlistTest" time="100.186" errors="0" timestamp="2022-12-17T20:57:02 CET" skipped="0">
  <testcase classname="Selenium.CroatiaDirect.WishlistTest" name="addPropertyToWishList" time="28.126"/>
  <system-out/>
  <testcase classname="Selenium.CroatiaDirect.WishlistTest" name="removePropertyFromWishListUsingProfilePage" time="19.359">
    <failure message="expected [false] but found [true]" type="java.lang.AssertionError">
      <![CDATA[java.lang.AssertionError: expected [false] but found [true]
at org.testng.Assert.fail(Assert.java:110)
at org.testng.Assert.failNotEquals(Assert.java:1413)
at org.testng.Assert.assertFalse(Assert.java:78)
at org.testng.Assert.assertFalse(Assert.java:88)
at Selenium.CroatiaDirect.WishlistTest.removePropertyFromWishListUsingProfilePage(WishlistTest.java:35)
at java.base/jdk.internal.reflect.NativeMethodAccessorImpl.invoke0(Native Method)
at java.base/jdk.internal.reflect.NativeMethodAccessorImpl.invoke(NativeMethodAccessorImpl.java:62)
at java.base/jdk.internal.reflect.DelegatingMethodAccessorImpl.invoke(DelegatingMethodAccessorImpl.java:43)
at java.base/java.lang.reflect.Method.invoke(Method.java:566)
at org.testng.internal.invokers.MethodInvocationHelper.invokeMethod(MethodInvocationHelper.java:139)
at org.testng.internal.invokers.TestInvoker.invokeMethod(TestInvoker.java:677)
at org.testng.internal.invokers.TestInvoker.invokeTestMethod(TestInvoker.java:221)
at org.testng.internal.invokers.MethodRunner.runInSequence(MethodRunner.java:50)
at org.testng.internal.invokers.TestInvoker$MethodInvocationAgent.invoke(TestInvoker.java:962)
at org.testng.internal.invokers.TestInvoker.invokeTestMethods(TestInvoker.java:194)
at org.testng.internal.invokers.TestMethodWorker.invokeTestMethods(TestMethodWorker.java:148)
at org.testng.internal.invokers.TestMethodWorker.run(TestMethodWorker.java:128)
at java.base/java.util.concurrent.ThreadPoolExecutor.runWorker(ThreadPoolExecutor.java:1128)
at java.base/java.util.concurrent.ThreadPoolExecutor$Worker.run(ThreadPoolExecutor.java:628)
at java.base/java.lang.Thread.run(Thread.java:834)
]]>
    </failure>
  </testcase> <!-- removePropertyFromWishListUsingProfilePage -->
  <system-out/>
  <testcase classname="Selenium.CroatiaDirect.WishlistTest" name="removePropertyFromWishList" time="24.324"/>
  <system-out/>
  <testcase classname="Selenium.CroatiaDirect.WishlistTest" name="removeAllPropertiesFromWishList" time="28.377"/>
  <system-out/>
</testsuite> <!-- Selenium.CroatiaDirect.WishlistTest -->
